<?xml version="1.0" encoding="UTF-8"?>
<!-- Generated by org.testng.reporters.JUnitXMLReporter -->
<testsuite hostname="AS-40" ignored="0" name="Default test" tests="6" failures="0" timestamp="2022-02-23T09:52:52 EET" time="0.727" errors="0">
  <testcase name="@BeforeTest beforeTest" time="-1.645602772096E9" classname="com.ERA.base.Base">
    <failure type="org.testng.TestNGException" message="
Parameter &amp;apos;deviceName&amp;apos; is required by BeforeTest on method beforeTest but has not been marked @Optional or defined
in C:\Users\amira\AppData\Local\Temp\testng-eclipse--720503954\testng-customsuite.xml">
      <![CDATA[org.testng.TestNGException: 
Parameter 'deviceName' is required by BeforeTest on method beforeTest but has not been marked @Optional or defined
in C:\Users\amira\AppData\Local\Temp\testng-eclipse--720503954\testng-customsuite.xml
at org.testng.internal.Parameters.createParams(Parameters.java:270)
at org.testng.internal.Parameters.createParametersForMethod(Parameters.java:358)
at org.testng.internal.Parameters.createParameters(Parameters.java:700)
at org.testng.internal.Parameters.createConfigurationParameters(Parameters.java:168)
at org.testng.internal.ConfigInvoker.invokeConfigurations(ConfigInvoker.java:302)
at org.testng.TestRunner.invokeTestConfigurations(TestRunner.java:637)
at org.testng.TestRunner.beforeRun(TestRunner.java:627)
at org.testng.TestRunner.run(TestRunner.java:589)
at org.testng.SuiteRunner.runTest(SuiteRunner.java:377)
at org.testng.SuiteRunner.runSequentially(SuiteRunner.java:371)
at org.testng.SuiteRunner.privateRun(SuiteRunner.java:332)
at org.testng.SuiteRunner.run(SuiteRunner.java:276)
at org.testng.SuiteRunnerWorker.runSuite(SuiteRunnerWorker.java:53)
at org.testng.SuiteRunnerWorker.run(SuiteRunnerWorker.java:96)
at org.testng.TestNG.runSuitesSequentially(TestNG.java:1212)
at org.testng.TestNG.runSuitesLocally(TestNG.java:1134)
at org.testng.TestNG.runSuites(TestNG.java:1063)
at org.testng.TestNG.run(TestNG.java:1031)
at org.testng.remote.AbstractRemoteTestNG.run(AbstractRemoteTestNG.java:115)
at org.testng.remote.RemoteTestNG.initAndRun(RemoteTestNG.java:251)
at org.testng.remote.RemoteTestNG.main(RemoteTestNG.java:77)
]]>
    </failure>
  </testcase> <!-- @BeforeTest beforeTest -->
  <testcase name="@BeforeMethod beforeMethod" time="-1.645602772125E9" classname="com.ERA.base.Base">
    <skipped/>
  </testcase> <!-- @BeforeMethod beforeMethod -->
  <testcase name="@AfterMethod afterMethod" time="-1.64560277213E9" classname="com.ERA.base.Base">
    <skipped/>
  </testcase> <!-- @AfterMethod afterMethod -->
  <testcase name="@BeforeMethod beforeMethod" time="-1.645602772132E9" classname="com.ERA.base.Base">
    <skipped/>
  </testcase> <!-- @BeforeMethod beforeMethod -->
  <testcase name="@AfterMethod afterMethod" time="-1.645602772135E9" classname="com.ERA.base.Base">
    <skipped/>
  </testcase> <!-- @AfterMethod afterMethod -->
  <testcase name="@BeforeMethod beforeMethod" time="-1.645602772137E9" classname="com.ERA.base.Base">
    <skipped/>
  </testcase> <!-- @BeforeMethod beforeMethod -->
  <testcase name="@AfterMethod afterMethod" time="-1.645602772139E9" classname="com.ERA.base.Base">
    <skipped/>
  </testcase> <!-- @AfterMethod afterMethod -->
  <testcase name="@BeforeMethod beforeMethod" time="-1.645602772141E9" classname="com.ERA.base.Base">
    <skipped/>
  </testcase> <!-- @BeforeMethod beforeMethod -->
  <testcase name="@AfterMethod afterMethod" time="-1.645602772144E9" classname="com.ERA.base.Base">
    <skipped/>
  </testcase> <!-- @AfterMethod afterMethod -->
  <testcase name="@BeforeMethod beforeMethod" time="-1.645602772813E9" classname="com.ERA.base.Base">
    <skipped/>
  </testcase> <!-- @BeforeMethod beforeMethod -->
  <testcase name="@AfterMethod afterMethod" time="-1.645602772816E9" classname="com.ERA.base.Base">
    <skipped/>
  </testcase> <!-- @AfterMethod afterMethod -->
  <testcase name="@BeforeMethod beforeMethod" time="-1.645602772817E9" classname="com.ERA.base.Base">
    <skipped/>
  </testcase> <!-- @BeforeMethod beforeMethod -->
  <testcase name="@AfterMethod afterMethod" time="-1.645602772821E9" classname="com.ERA.base.Base">
    <skipped/>
  </testcase> <!-- @AfterMethod afterMethod -->
  <testcase name="clcikLogin" time="0.0" classname="com.ERA.testcases.ClickloginbuttonfromHomescreenTest">
    <skipped/>
  </testcase> <!-- clcikLogin -->
  <testcase name="SelectCountyCode" time="0.0" classname="com.ERA.testcases.ClickloginbuttonfromHomescreenTest">
    <skipped/>
  </testcase> <!-- SelectCountyCode -->
  <testcase name="Searchforcounrty" time="0.0" classname="com.ERA.testcases.ClickloginbuttonfromHomescreenTest">
    <skipped/>
  </testcase> <!-- Searchforcounrty -->
  <testcase name="SelectEgypt" time="0.0" classname="com.ERA.testcases.ClickloginbuttonfromHomescreenTest">
    <skipped/>
  </testcase> <!-- SelectEgypt -->
  <testcase name="clickContinue" time="0.0" classname="com.ERA.testcases.ClickloginbuttonfromHomescreenTest">
    <skipped/>
  </testcase> <!-- clickContinue -->
  <testcase name="getotp" time="0.0" classname="com.ERA.testcases.ClickloginbuttonfromHomescreenTest">
    <skipped/>
  </testcase> <!-- getotp -->
</testsuite> <!-- Default test -->
