<?xml version="1.0" encoding="UTF-8"?>
<!-- Generated by org.testng.reporters.JUnitXMLReporter -->
<testsuite hostname="AS-40" ignored="16" name="Test" tests="15" failures="0" timestamp="2022-04-01T22:56:17 EET" time="116.288" errors="0">
  <testcase name="clickSkip" time="0.207" classname="common.SkipupdateTest"/>
  <testcase name="clcallowLocationPermissionTestikLogin" time="0.11" classname="common.allowLocationPermissionTest"/>
  <testcase name="clcikLogin" time="0.159" classname="login.ClickloginbuttonfromHomescreenTest"/>
  <testcase name="SelectCountyCode" time="0.112" classname="login.ClickloginbuttonfromHomescreenTest"/>
  <testcase name="Searchforcounrty" time="0.131" classname="login.ClickloginbuttonfromHomescreenTest"/>
  <testcase name="SelectEgypt" time="0.161" classname="login.ClickloginbuttonfromHomescreenTest"/>
  <testcase name="addMobileNumber" time="0.097" classname="login.ClickloginbuttonfromHomescreenTest"/>
  <testcase name="clickContinue" time="0.092" classname="login.ClickloginbuttonfromHomescreenTest"/>
  <testcase name="getotp" time="7.486" classname="login.ClickloginbuttonfromHomescreenTest"/>
  <testcase name="ClickMenu" time="0.462" classname="common.MenuTest"/>
  <testcase name="clickprofiletabFromMenu" time="0.655" classname="profile.Profile_DeleteImageTest"/>
  <testcase name="ImageOtions" time="0.667" classname="profile.Profile_DeleteImageTest"/>
  <testcase name="AllowPermissionImageTake" time="0.104" classname="profile.Profile_DeleteImageTest"/>
  <testcase name="AllowPermissionaccessFiles" time="0.06" classname="profile.Profile_DeleteImageTest"/>
  <testcase name="DeleteImage" time="0.078" classname="profile.Profile_DeleteImageTest"/>
  <testcase name="@BeforeSuite beforeSuite" time="0.0" classname="com.ERA.base.Base">
    <ignored/>
  </testcase> <!-- @BeforeSuite beforeSuite -->
  <testcase name="@BeforeSuite beforeSuite" time="0.0" classname="com.ERA.base.Base">
    <ignored/>
  </testcase> <!-- @BeforeSuite beforeSuite -->
  <testcase name="@BeforeSuite beforeSuite" time="0.0" classname="com.ERA.base.Base">
    <ignored/>
  </testcase> <!-- @BeforeSuite beforeSuite -->
  <testcase name="@BeforeSuite beforeSuite" time="0.0" classname="com.ERA.base.Base">
    <ignored/>
  </testcase> <!-- @BeforeSuite beforeSuite -->
  <testcase name="@AfterSuite afterSuite" time="0.0" classname="com.ERA.base.Base">
    <ignored/>
  </testcase> <!-- @AfterSuite afterSuite -->
  <testcase name="@AfterSuite afterSuite" time="0.0" classname="com.ERA.base.Base">
    <ignored/>
  </testcase> <!-- @AfterSuite afterSuite -->
  <testcase name="@AfterSuite afterSuite" time="0.0" classname="com.ERA.base.Base">
    <ignored/>
  </testcase> <!-- @AfterSuite afterSuite -->
  <testcase name="@AfterSuite afterSuite" time="0.0" classname="com.ERA.base.Base">
    <ignored/>
  </testcase> <!-- @AfterSuite afterSuite -->
  <testcase name="@BeforeTest beforeTest" time="0.0" classname="com.ERA.base.Base">
    <ignored/>
  </testcase> <!-- @BeforeTest beforeTest -->
  <testcase name="@BeforeTest beforeTest" time="0.0" classname="com.ERA.base.Base">
    <ignored/>
  </testcase> <!-- @BeforeTest beforeTest -->
  <testcase name="@BeforeTest beforeTest" time="0.0" classname="com.ERA.base.Base">
    <ignored/>
  </testcase> <!-- @BeforeTest beforeTest -->
  <testcase name="@BeforeTest beforeTest" time="0.0" classname="com.ERA.base.Base">
    <ignored/>
  </testcase> <!-- @BeforeTest beforeTest -->
  <testcase name="@AfterSuite afterClass" time="0.0" classname="com.ERA.base.Base">
    <ignored/>
  </testcase> <!-- @AfterSuite afterClass -->
  <testcase name="@AfterSuite afterClass" time="0.0" classname="com.ERA.base.Base">
    <ignored/>
  </testcase> <!-- @AfterSuite afterClass -->
  <testcase name="@AfterSuite afterClass" time="0.0" classname="com.ERA.base.Base">
    <ignored/>
  </testcase> <!-- @AfterSuite afterClass -->
  <testcase name="@AfterSuite afterClass" time="0.0" classname="com.ERA.base.Base">
    <ignored/>
  </testcase> <!-- @AfterSuite afterClass -->
</testsuite> <!-- Test -->
