<?xml version="1.0" encoding="UTF-8"?>
<!-- Generated by org.testng.reporters.JUnitXMLReporter -->
<testsuite hostname="AS-40" ignored="4" name="Test" tests="7" failures="1" timestamp="2022-02-22T15:40:31 EET" time="111.132" errors="0">
  <testcase name="clickSkip" time="5.298" classname="com.ERA.testcases.SkipupdateTest"/>
  <testcase name="clcikLogin" time="2.504" classname="com.ERA.testcases.ClickloginbuttonfromHomescreenTest">
    <failure type="org.openqa.selenium.StaleElementReferenceException" message="androidx.test.uiautomator.StaleObjectException
For documentation on this error, please visit: https://www.seleniumhq.org/exceptions/stale_element_reference.html
Build info: version: &amp;apos;3.141.59&amp;apos;, revision: &amp;apos;e82be7d358&amp;apos;, time: &amp;apos;2018-11-14T08:17:03&amp;apos;
System info: host: &amp;apos;AS-40&amp;apos;, ip: &amp;apos;192.168.80.157&amp;apos;, os.name: &amp;apos;Windows 10&amp;apos;, os.arch: &amp;apos;amd64&amp;apos;, os.version: &amp;apos;10.0&amp;apos;, java.version: &amp;apos;1.8.0-262&amp;apos;
Driver info: io.appium.java_client.android.AndroidDriver
Capabilities {AUTOMATION_NAME: UiAutomator2, app: C:\Users\amira\eclipse-work..., appPackage: com.eci.era, databaseEnabled: false, desired: {AUTOMATION_NAME: UiAutomator2, app: C:\Users\amira\eclipse-work..., deviceName: OPPO Reno2 F, noSign: true, platformName: android, platformVersion: 11, skipServerInstallation: true, udid: TGKVHUK7LVOZS8E6}, deviceApiLevel: 30, deviceManufacturer: OPPO, deviceModel: CPH1989, deviceName: TGKVHUK7LVOZS8E6, deviceScreenDensity: 480, deviceScreenSize: 1080x2340, deviceUDID: TGKVHUK7LVOZS8E6, javascriptEnabled: true, locationContextEnabled: false, networkConnectionEnabled: true, noSign: true, pixelRatio: 3, platform: LINUX, platformName: Android, platformVersion: 11, skipServerInstallation: true, statBarHeight: 96, takesScreenshot: true, udid: TGKVHUK7LVOZS8E6, viewportRect: {height: 2112, left: 0, top: 96, width: 1080}, warnings: {}, webStorageEnabled: false}
Session ID: 41990d98-7898-4142-baa2-423ed7506a0f">
      <![CDATA[org.openqa.selenium.StaleElementReferenceException: androidx.test.uiautomator.StaleObjectException
For documentation on this error, please visit: https://www.seleniumhq.org/exceptions/stale_element_reference.html
Build info: version: '3.141.59', revision: 'e82be7d358', time: '2018-11-14T08:17:03'
System info: host: 'AS-40', ip: '192.168.80.157', os.name: 'Windows 10', os.arch: 'amd64', os.version: '10.0', java.version: '1.8.0-262'
Driver info: io.appium.java_client.android.AndroidDriver
Capabilities {AUTOMATION_NAME: UiAutomator2, app: C:\Users\amira\eclipse-work..., appPackage: com.eci.era, databaseEnabled: false, desired: {AUTOMATION_NAME: UiAutomator2, app: C:\Users\amira\eclipse-work..., deviceName: OPPO Reno2 F, noSign: true, platformName: android, platformVersion: 11, skipServerInstallation: true, udid: TGKVHUK7LVOZS8E6}, deviceApiLevel: 30, deviceManufacturer: OPPO, deviceModel: CPH1989, deviceName: TGKVHUK7LVOZS8E6, deviceScreenDensity: 480, deviceScreenSize: 1080x2340, deviceUDID: TGKVHUK7LVOZS8E6, javascriptEnabled: true, locationContextEnabled: false, networkConnectionEnabled: true, noSign: true, pixelRatio: 3, platform: LINUX, platformName: Android, platformVersion: 11, skipServerInstallation: true, statBarHeight: 96, takesScreenshot: true, udid: TGKVHUK7LVOZS8E6, viewportRect: {height: 2112, left: 0, top: 96, width: 1080}, warnings: {}, webStorageEnabled: false}
Session ID: 41990d98-7898-4142-baa2-423ed7506a0f
at org.openqa.selenium.remote.http.W3CHttpResponseCodec.createException(W3CHttpResponseCodec.java:187)
at org.openqa.selenium.remote.http.W3CHttpResponseCodec.decode(W3CHttpResponseCodec.java:122)
at org.openqa.selenium.remote.http.W3CHttpResponseCodec.decode(W3CHttpResponseCodec.java:49)
at org.openqa.selenium.remote.HttpCommandExecutor.execute(HttpCommandExecutor.java:158)
at io.appium.java_client.remote.AppiumCommandExecutor.execute(AppiumCommandExecutor.java:239)
at org.openqa.selenium.remote.RemoteWebDriver.execute(RemoteWebDriver.java:552)
at io.appium.java_client.DefaultGenericMobileDriver.execute(DefaultGenericMobileDriver.java:42)
at io.appium.java_client.AppiumDriver.execute(AppiumDriver.java:1)
at io.appium.java_client.android.AndroidDriver.execute(AndroidDriver.java:1)
at org.openqa.selenium.remote.RemoteWebElement.execute(RemoteWebElement.java:285)
at io.appium.java_client.DefaultGenericMobileElement.execute(DefaultGenericMobileElement.java:45)
at io.appium.java_client.MobileElement.execute(MobileElement.java:1)
at io.appium.java_client.android.AndroidElement.execute(AndroidElement.java:1)
at org.openqa.selenium.remote.RemoteWebElement.click(RemoteWebElement.java:84)
at io.appium.java_client.pagefactory.ElementInterceptor.getObject(ElementInterceptor.java:40)
at io.appium.java_client.pagefactory.interceptors.InterceptorOfASingleElement.intercept(InterceptorOfASingleElement.java:60)
at io.appium.java_client.android.AndroidElement$$EnhancerByCGLIB$$b598166c.click(<generated>)
at com.ERA.screens.ClickloginbuttonfromHomescreen.Clickloginbutton(ClickloginbuttonfromHomescreen.java:14)
at com.ERA.testcases.ClickloginbuttonfromHomescreenTest.clcikLogin(ClickloginbuttonfromHomescreenTest.java:22)
at java.util.ArrayList.forEach(ArrayList.java:1259)
... Removed 35 stack frames]]>
    </failure>
  </testcase> <!-- clcikLogin -->
  <testcase name="SelectCountyCode" time="17.707" classname="com.ERA.testcases.ClickloginbuttonfromHomescreenTest"/>
  <testcase name="Searchforcounrty" time="0.877" classname="com.ERA.testcases.ClickloginbuttonfromHomescreenTest"/>
  <testcase name="SelectEgypt" time="0.215" classname="com.ERA.testcases.ClickloginbuttonfromHomescreenTest"/>
  <testcase name="clickContinue" time="0.765" classname="com.ERA.testcases.ClickloginbuttonfromHomescreenTest"/>
  <testcase name="getotp" time="68.096" classname="com.ERA.testcases.ClickloginbuttonfromHomescreenTest"/>
  <testcase name="@BeforeTest beforeClass" time="0.0" classname="com.ERA.base.Base">
    <ignored/>
  </testcase> <!-- @BeforeTest beforeClass -->
  <testcase name="@AfterSuite afterSuite" time="0.0" classname="com.ERA.base.Base">
    <ignored/>
  </testcase> <!-- @AfterSuite afterSuite -->
  <testcase name="@BeforeSuite beforeSuite" time="0.0" classname="com.ERA.base.Base">
    <ignored/>
  </testcase> <!-- @BeforeSuite beforeSuite -->
  <testcase name="@AfterSuite afterClass" time="0.0" classname="com.ERA.base.Base">
    <ignored/>
  </testcase> <!-- @AfterSuite afterClass -->
</testsuite> <!-- Test -->
