<?xml version="1.0" encoding="UTF-8"?>
<testng-results skipped="0" failed="0" ignored="89" total="210" passed="121">
  <reporter-output>
  </reporter-output>
  <suite name="Suite" duration-ms="1162460" started-at="2022-04-12T12:21:26 EET" finished-at="2022-04-12T12:40:48 EET">
    <groups>
    </groups>
    <test name="Battery" duration-ms="363216" started-at="2022-04-12T12:21:26 EET" finished-at="2022-04-12T12:27:29 EET">
      <class name="login.ClickloginbuttonfromHomescreenTest">
        <test-method status="PASS" signature="beforeMethod(java.lang.reflect.Method)[pri:0, instance:login.ClickloginbuttonfromHomescreenTest@731f8236]" name="beforeMethod" is-config="true" duration-ms="3016" started-at="2022-04-12T12:21:42 EET" finished-at="2022-04-12T12:21:45 EET">
          <params>
            <param index="0">
              <value>
                <![CDATA[public void login.ClickloginbuttonfromHomescreenTest.clcikLogin()]]>
              </value>
            </param>
          </params>
          <reporter-output>
          </reporter-output>
        </test-method> <!-- beforeMethod -->
        <test-method status="PASS" signature="clcikLogin()[pri:3, instance:login.ClickloginbuttonfromHomescreenTest@731f8236]" name="clcikLogin" duration-ms="128" started-at="2022-04-12T12:21:45 EET" finished-at="2022-04-12T12:21:45 EET">
          <reporter-output>
          </reporter-output>
        </test-method> <!-- clcikLogin -->
        <test-method status="PASS" signature="afterMethod(java.lang.reflect.Method,org.testng.ITestResult)[pri:0, instance:login.ClickloginbuttonfromHomescreenTest@731f8236]" name="afterMethod" is-config="true" duration-ms="3279" started-at="2022-04-12T12:21:45 EET" finished-at="2022-04-12T12:21:49 EET">
          <params>
            <param index="0">
              <value>
                <![CDATA[public void login.ClickloginbuttonfromHomescreenTest.clcikLogin()]]>
              </value>
            </param>
            <param index="1">
              <value>
                <![CDATA[[TestResult name=clcikLogin status=SUCCESS method=ClickloginbuttonfromHomescreenTest.clcikLogin()[pri:3, instance:login.ClickloginbuttonfromHomescreenTest@731f8236] output={null}]]]>
              </value>
            </param>
          </params>
          <reporter-output>
          </reporter-output>
        </test-method> <!-- afterMethod -->
        <test-method status="PASS" signature="beforeMethod(java.lang.reflect.Method)[pri:0, instance:login.ClickloginbuttonfromHomescreenTest@731f8236]" name="beforeMethod" is-config="true" duration-ms="3015" started-at="2022-04-12T12:21:49 EET" finished-at="2022-04-12T12:21:52 EET">
          <params>
            <param index="0">
              <value>
                <![CDATA[public void login.ClickloginbuttonfromHomescreenTest.SelectCountyCode()]]>
              </value>
            </param>
          </params>
          <reporter-output>
          </reporter-output>
        </test-method> <!-- beforeMethod -->
        <test-method status="PASS" signature="SelectCountyCode()[pri:4, instance:login.ClickloginbuttonfromHomescreenTest@731f8236]" name="SelectCountyCode" duration-ms="97" started-at="2022-04-12T12:21:52 EET" finished-at="2022-04-12T12:21:52 EET">
          <reporter-output>
          </reporter-output>
        </test-method> <!-- SelectCountyCode -->
        <test-method status="PASS" signature="afterMethod(java.lang.reflect.Method,org.testng.ITestResult)[pri:0, instance:login.ClickloginbuttonfromHomescreenTest@731f8236]" name="afterMethod" is-config="true" duration-ms="3226" started-at="2022-04-12T12:21:52 EET" finished-at="2022-04-12T12:21:55 EET">
          <params>
            <param index="0">
              <value>
                <![CDATA[public void login.ClickloginbuttonfromHomescreenTest.SelectCountyCode()]]>
              </value>
            </param>
            <param index="1">
              <value>
                <![CDATA[[TestResult name=SelectCountyCode status=SUCCESS method=ClickloginbuttonfromHomescreenTest.SelectCountyCode()[pri:4, instance:login.ClickloginbuttonfromHomescreenTest@731f8236] output={null}]]]>
              </value>
            </param>
          </params>
          <reporter-output>
          </reporter-output>
        </test-method> <!-- afterMethod -->
        <test-method status="PASS" signature="beforeMethod(java.lang.reflect.Method)[pri:0, instance:login.ClickloginbuttonfromHomescreenTest@731f8236]" name="beforeMethod" is-config="true" duration-ms="3012" started-at="2022-04-12T12:21:55 EET" finished-at="2022-04-12T12:21:58 EET">
          <params>
            <param index="0">
              <value>
                <![CDATA[public void login.ClickloginbuttonfromHomescreenTest.Searchforcounrty()]]>
              </value>
            </param>
          </params>
          <reporter-output>
          </reporter-output>
        </test-method> <!-- beforeMethod -->
        <test-method status="PASS" signature="Searchforcounrty()[pri:5, instance:login.ClickloginbuttonfromHomescreenTest@731f8236]" name="Searchforcounrty" duration-ms="156" started-at="2022-04-12T12:21:58 EET" finished-at="2022-04-12T12:21:58 EET">
          <reporter-output>
          </reporter-output>
        </test-method> <!-- Searchforcounrty -->
        <test-method status="PASS" signature="afterMethod(java.lang.reflect.Method,org.testng.ITestResult)[pri:0, instance:login.ClickloginbuttonfromHomescreenTest@731f8236]" name="afterMethod" is-config="true" duration-ms="3232" started-at="2022-04-12T12:21:58 EET" finished-at="2022-04-12T12:22:01 EET">
          <params>
            <param index="0">
              <value>
                <![CDATA[public void login.ClickloginbuttonfromHomescreenTest.Searchforcounrty()]]>
              </value>
            </param>
            <param index="1">
              <value>
                <![CDATA[[TestResult name=Searchforcounrty status=SUCCESS method=ClickloginbuttonfromHomescreenTest.Searchforcounrty()[pri:5, instance:login.ClickloginbuttonfromHomescreenTest@731f8236] output={null}]]]>
              </value>
            </param>
          </params>
          <reporter-output>
          </reporter-output>
        </test-method> <!-- afterMethod -->
        <test-method status="PASS" signature="beforeMethod(java.lang.reflect.Method)[pri:0, instance:login.ClickloginbuttonfromHomescreenTest@731f8236]" name="beforeMethod" is-config="true" duration-ms="3013" started-at="2022-04-12T12:22:01 EET" finished-at="2022-04-12T12:22:04 EET">
          <params>
            <param index="0">
              <value>
                <![CDATA[public void login.ClickloginbuttonfromHomescreenTest.SelectEgypt()]]>
              </value>
            </param>
          </params>
          <reporter-output>
          </reporter-output>
        </test-method> <!-- beforeMethod -->
        <test-method status="PASS" signature="SelectEgypt()[pri:6, instance:login.ClickloginbuttonfromHomescreenTest@731f8236]" name="SelectEgypt" duration-ms="130" started-at="2022-04-12T12:22:04 EET" finished-at="2022-04-12T12:22:05 EET">
          <reporter-output>
          </reporter-output>
        </test-method> <!-- SelectEgypt -->
        <test-method status="PASS" signature="afterMethod(java.lang.reflect.Method,org.testng.ITestResult)[pri:0, instance:login.ClickloginbuttonfromHomescreenTest@731f8236]" name="afterMethod" is-config="true" duration-ms="3255" started-at="2022-04-12T12:22:05 EET" finished-at="2022-04-12T12:22:08 EET">
          <params>
            <param index="0">
              <value>
                <![CDATA[public void login.ClickloginbuttonfromHomescreenTest.SelectEgypt()]]>
              </value>
            </param>
            <param index="1">
              <value>
                <![CDATA[[TestResult name=SelectEgypt status=SUCCESS method=ClickloginbuttonfromHomescreenTest.SelectEgypt()[pri:6, instance:login.ClickloginbuttonfromHomescreenTest@731f8236] output={null}]]]>
              </value>
            </param>
          </params>
          <reporter-output>
          </reporter-output>
        </test-method> <!-- afterMethod -->
        <test-method status="PASS" signature="beforeMethod(java.lang.reflect.Method)[pri:0, instance:login.ClickloginbuttonfromHomescreenTest@731f8236]" name="beforeMethod" is-config="true" duration-ms="3004" started-at="2022-04-12T12:22:08 EET" finished-at="2022-04-12T12:22:11 EET">
          <params>
            <param index="0">
              <value>
                <![CDATA[public void login.ClickloginbuttonfromHomescreenTest.addMobileNumber(java.lang.String,java.lang.String)]]>
              </value>
            </param>
          </params>
          <reporter-output>
          </reporter-output>
        </test-method> <!-- beforeMethod -->
        <test-method status="PASS" signature="addMobileNumber(java.lang.String,java.lang.String)[pri:7, instance:login.ClickloginbuttonfromHomescreenTest@731f8236]" name="addMobileNumber" duration-ms="571" started-at="2022-04-12T12:22:11 EET" data-provider="loginUsers" finished-at="2022-04-12T12:22:12 EET">
          <params>
            <param index="0">
              <value>
                <![CDATA[Amira]]>
              </value>
            </param>
            <param index="1">
              <value>
                <![CDATA[1117777778]]>
              </value>
            </param>
          </params>
          <reporter-output>
          </reporter-output>
        </test-method> <!-- addMobileNumber -->
        <test-method status="PASS" signature="afterMethod(java.lang.reflect.Method,org.testng.ITestResult)[pri:0, instance:login.ClickloginbuttonfromHomescreenTest@731f8236]" name="afterMethod" is-config="true" duration-ms="3269" started-at="2022-04-12T12:22:12 EET" finished-at="2022-04-12T12:22:15 EET">
          <params>
            <param index="0">
              <value>
                <![CDATA[public void login.ClickloginbuttonfromHomescreenTest.addMobileNumber(java.lang.String,java.lang.String)]]>
              </value>
            </param>
            <param index="1">
              <value>
                <![CDATA[[TestResult name=addMobileNumber status=SUCCESS method=ClickloginbuttonfromHomescreenTest.addMobileNumber(java.lang.String,java.lang.String)[pri:7, instance:login.ClickloginbuttonfromHomescreenTest@731f8236] output={null}]]]>
              </value>
            </param>
          </params>
          <reporter-output>
          </reporter-output>
        </test-method> <!-- afterMethod -->
        <test-method status="PASS" signature="beforeMethod(java.lang.reflect.Method)[pri:0, instance:login.ClickloginbuttonfromHomescreenTest@731f8236]" name="beforeMethod" is-config="true" duration-ms="3003" started-at="2022-04-12T12:22:15 EET" finished-at="2022-04-12T12:22:18 EET">
          <params>
            <param index="0">
              <value>
                <![CDATA[public void login.ClickloginbuttonfromHomescreenTest.clickContinue()]]>
              </value>
            </param>
          </params>
          <reporter-output>
          </reporter-output>
        </test-method> <!-- beforeMethod -->
        <test-method status="PASS" signature="clickContinue()[pri:8, instance:login.ClickloginbuttonfromHomescreenTest@731f8236]" name="clickContinue" duration-ms="82" started-at="2022-04-12T12:22:18 EET" finished-at="2022-04-12T12:22:18 EET">
          <reporter-output>
          </reporter-output>
        </test-method> <!-- clickContinue -->
        <test-method status="PASS" signature="afterMethod(java.lang.reflect.Method,org.testng.ITestResult)[pri:0, instance:login.ClickloginbuttonfromHomescreenTest@731f8236]" name="afterMethod" is-config="true" duration-ms="3217" started-at="2022-04-12T12:22:18 EET" finished-at="2022-04-12T12:22:21 EET">
          <params>
            <param index="0">
              <value>
                <![CDATA[public void login.ClickloginbuttonfromHomescreenTest.clickContinue()]]>
              </value>
            </param>
            <param index="1">
              <value>
                <![CDATA[[TestResult name=clickContinue status=SUCCESS method=ClickloginbuttonfromHomescreenTest.clickContinue()[pri:8, instance:login.ClickloginbuttonfromHomescreenTest@731f8236] output={null}]]]>
              </value>
            </param>
          </params>
          <reporter-output>
          </reporter-output>
        </test-method> <!-- afterMethod -->
        <test-method status="PASS" signature="beforeMethod(java.lang.reflect.Method)[pri:0, instance:login.ClickloginbuttonfromHomescreenTest@731f8236]" name="beforeMethod" is-config="true" duration-ms="3008" started-at="2022-04-12T12:22:21 EET" finished-at="2022-04-12T12:22:24 EET">
          <params>
            <param index="0">
              <value>
                <![CDATA[public void login.ClickloginbuttonfromHomescreenTest.getotp(java.lang.String,java.lang.String) throws java.io.IOException]]>
              </value>
            </param>
          </params>
          <reporter-output>
          </reporter-output>
        </test-method> <!-- beforeMethod -->
        <test-method status="PASS" signature="getotp(java.lang.String,java.lang.String)[pri:9, instance:login.ClickloginbuttonfromHomescreenTest@731f8236]" name="getotp" duration-ms="7845" started-at="2022-04-12T12:22:24 EET" data-provider="loginUsers" finished-at="2022-04-12T12:22:32 EET">
          <params>
            <param index="0">
              <value>
                <![CDATA[Amira]]>
              </value>
            </param>
            <param index="1">
              <value>
                <![CDATA[1117777778]]>
              </value>
            </param>
          </params>
          <reporter-output>
          </reporter-output>
        </test-method> <!-- getotp -->
        <test-method status="PASS" signature="afterMethod(java.lang.reflect.Method,org.testng.ITestResult)[pri:0, instance:login.ClickloginbuttonfromHomescreenTest@731f8236]" name="afterMethod" is-config="true" duration-ms="3288" started-at="2022-04-12T12:22:32 EET" finished-at="2022-04-12T12:22:35 EET">
          <params>
            <param index="0">
              <value>
                <![CDATA[public void login.ClickloginbuttonfromHomescreenTest.getotp(java.lang.String,java.lang.String) throws java.io.IOException]]>
              </value>
            </param>
            <param index="1">
              <value>
                <![CDATA[[TestResult name=getotp status=SUCCESS method=ClickloginbuttonfromHomescreenTest.getotp(java.lang.String,java.lang.String)[pri:9, instance:login.ClickloginbuttonfromHomescreenTest@731f8236] output={null}]]]>
              </value>
            </param>
          </params>
          <reporter-output>
          </reporter-output>
        </test-method> <!-- afterMethod -->
      </class> <!-- login.ClickloginbuttonfromHomescreenTest -->
      <class name="driverApi.API_Driver_vehiclepickedup_Test">
        <test-method status="PASS" signature="beforeMethod(java.lang.reflect.Method)[pri:0, instance:driverApi.API_Driver_vehiclepickedup_Test@64d2d351]" name="beforeMethod" is-config="true" duration-ms="3016" started-at="2022-04-12T12:24:23 EET" finished-at="2022-04-12T12:24:26 EET">
          <params>
            <param index="0">
              <value>
                <![CDATA[public void driverApi.API_Driver_vehiclepickedup_Test.vehiclepickedup(java.lang.String,java.lang.String,java.lang.String,java.lang.String,java.lang.String) throws java.io.IOException]]>
              </value>
            </param>
          </params>
          <reporter-output>
          </reporter-output>
        </test-method> <!-- beforeMethod -->
        <test-method status="PASS" signature="vehiclepickedup(java.lang.String,java.lang.String,java.lang.String,java.lang.String,java.lang.String)[pri:1, instance:driverApi.API_Driver_vehiclepickedup_Test@64d2d351]" name="vehiclepickedup" duration-ms="4842" started-at="2022-04-12T12:24:26 EET" data-provider="access_token" finished-at="2022-04-12T12:24:31 EET">
          <params>
            <param index="0">
              <value is-null="true"/>
            </param>
            <param index="1">
              <value>
                <![CDATA[1117777778]]>
              </value>
            </param>
            <param index="2">
              <value>
                <![CDATA[92272]]>
              </value>
            </param>
            <param index="3">
              <value>
                <![CDATA[518404]]>
              </value>
            </param>
            <param index="4">
              <value>
                <![CDATA[767981dc71f044e8a2cd36385a652f58]]>
              </value>
            </param>
          </params>
          <reporter-output>
          </reporter-output>
        </test-method> <!-- vehiclepickedup -->
        <test-method status="PASS" signature="afterMethod(java.lang.reflect.Method,org.testng.ITestResult)[pri:0, instance:driverApi.API_Driver_vehiclepickedup_Test@64d2d351]" name="afterMethod" is-config="true" duration-ms="3216" started-at="2022-04-12T12:24:31 EET" finished-at="2022-04-12T12:24:34 EET">
          <params>
            <param index="0">
              <value>
                <![CDATA[public void driverApi.API_Driver_vehiclepickedup_Test.vehiclepickedup(java.lang.String,java.lang.String,java.lang.String,java.lang.String,java.lang.String) throws java.io.IOException]]>
              </value>
            </param>
            <param index="1">
              <value>
                <![CDATA[[TestResult name=vehiclepickedup status=SUCCESS method=API_Driver_vehiclepickedup_Test.vehiclepickedup(java.lang.String,java.lang.String,java.lang.String,java.lang.String,java.lang.String)[pri:1, instance:driverApi.API_Driver_vehiclepickedup_Test@64d2d351] output={null}]]]>
              </value>
            </param>
          </params>
          <reporter-output>
          </reporter-output>
        </test-method> <!-- afterMethod -->
      </class> <!-- driverApi.API_Driver_vehiclepickedup_Test -->
      <class name="fleetAndAdmin.OpenFleetAndAssignRequestFuelAndBatteryTest">
        <test-method status="PASS" signature="beforeMethod(java.lang.reflect.Method)[pri:0, instance:fleetAndAdmin.OpenFleetAndAssignRequestFuelAndBatteryTest@1dd92fe2]" name="beforeMethod" is-config="true" duration-ms="3003" started-at="2022-04-12T12:23:09 EET" finished-at="2022-04-12T12:23:12 EET">
          <params>
            <param index="0">
              <value>
                <![CDATA[public void fleetAndAdmin.OpenFleetAndAssignRequestFuelAndBatteryTest.OpenFleetURL(java.lang.String,java.lang.String)]]>
              </value>
            </param>
          </params>
          <reporter-output>
          </reporter-output>
        </test-method> <!-- beforeMethod -->
        <test-method status="PASS" signature="OpenFleetURL(java.lang.String,java.lang.String)[pri:11, instance:fleetAndAdmin.OpenFleetAndAssignRequestFuelAndBatteryTest@1dd92fe2]" name="OpenFleetURL" duration-ms="59409" started-at="2022-04-12T12:23:12 EET" data-provider="loginUsers" finished-at="2022-04-12T12:24:12 EET">
          <params>
            <param index="0">
              <value>
                <![CDATA[Amira]]>
              </value>
            </param>
            <param index="1">
              <value>
                <![CDATA[1117777778]]>
              </value>
            </param>
          </params>
          <reporter-output>
          </reporter-output>
        </test-method> <!-- OpenFleetURL -->
        <test-method status="PASS" signature="afterMethod(java.lang.reflect.Method,org.testng.ITestResult)[pri:0, instance:fleetAndAdmin.OpenFleetAndAssignRequestFuelAndBatteryTest@1dd92fe2]" name="afterMethod" is-config="true" duration-ms="3302" started-at="2022-04-12T12:24:12 EET" finished-at="2022-04-12T12:24:15 EET">
          <params>
            <param index="0">
              <value>
                <![CDATA[public void fleetAndAdmin.OpenFleetAndAssignRequestFuelAndBatteryTest.OpenFleetURL(java.lang.String,java.lang.String)]]>
              </value>
            </param>
            <param index="1">
              <value>
                <![CDATA[[TestResult name=OpenFleetURL status=SUCCESS method=OpenFleetAndAssignRequestFuelAndBatteryTest.OpenFleetURL(java.lang.String,java.lang.String)[pri:11, instance:fleetAndAdmin.OpenFleetAndAssignRequestFuelAndBatteryTest@1dd92fe2] output={null}]]]>
              </value>
            </param>
          </params>
          <reporter-output>
          </reporter-output>
        </test-method> <!-- afterMethod -->
      </class> <!-- fleetAndAdmin.OpenFleetAndAssignRequestFuelAndBatteryTest -->
      <class name="common.RatesheetTest">
        <test-method status="PASS" signature="beforeMethod(java.lang.reflect.Method)[pri:0, instance:common.RatesheetTest@491666ad]" name="beforeMethod" is-config="true" duration-ms="3007" started-at="2022-04-12T12:26:36 EET" finished-at="2022-04-12T12:26:39 EET">
          <params>
            <param index="0">
              <value>
                <![CDATA[public void common.RatesheetTest.ratedriver()]]>
              </value>
            </param>
          </params>
          <reporter-output>
          </reporter-output>
        </test-method> <!-- beforeMethod -->
        <test-method status="PASS" signature="ratedriver()[pri:1, instance:common.RatesheetTest@491666ad]" name="ratedriver" duration-ms="75" started-at="2022-04-12T12:26:39 EET" finished-at="2022-04-12T12:26:39 EET">
          <reporter-output>
          </reporter-output>
        </test-method> <!-- ratedriver -->
        <test-method status="PASS" signature="afterMethod(java.lang.reflect.Method,org.testng.ITestResult)[pri:0, instance:common.RatesheetTest@491666ad]" name="afterMethod" is-config="true" duration-ms="3253" started-at="2022-04-12T12:26:39 EET" finished-at="2022-04-12T12:26:43 EET">
          <params>
            <param index="0">
              <value>
                <![CDATA[public void common.RatesheetTest.ratedriver()]]>
              </value>
            </param>
            <param index="1">
              <value>
                <![CDATA[[TestResult name=ratedriver status=SUCCESS method=RatesheetTest.ratedriver()[pri:1, instance:common.RatesheetTest@491666ad] output={null}]]]>
              </value>
            </param>
          </params>
          <reporter-output>
          </reporter-output>
        </test-method> <!-- afterMethod -->
        <test-method status="PASS" signature="beforeMethod(java.lang.reflect.Method)[pri:0, instance:common.RatesheetTest@491666ad]" name="beforeMethod" is-config="true" duration-ms="3012" started-at="2022-04-12T12:26:43 EET" finished-at="2022-04-12T12:26:46 EET">
          <params>
            <param index="0">
              <value>
                <![CDATA[public void common.RatesheetTest.clickratingBarButton()]]>
              </value>
            </param>
          </params>
          <reporter-output>
          </reporter-output>
        </test-method> <!-- beforeMethod -->
        <test-method status="PASS" signature="clickratingBarButton()[pri:2, instance:common.RatesheetTest@491666ad]" name="clickratingBarButton" duration-ms="81" started-at="2022-04-12T12:26:46 EET" finished-at="2022-04-12T12:26:46 EET">
          <reporter-output>
          </reporter-output>
        </test-method> <!-- clickratingBarButton -->
        <test-method status="PASS" signature="afterMethod(java.lang.reflect.Method,org.testng.ITestResult)[pri:0, instance:common.RatesheetTest@491666ad]" name="afterMethod" is-config="true" duration-ms="3229" started-at="2022-04-12T12:26:46 EET" finished-at="2022-04-12T12:26:49 EET">
          <params>
            <param index="0">
              <value>
                <![CDATA[public void common.RatesheetTest.clickratingBarButton()]]>
              </value>
            </param>
            <param index="1">
              <value>
                <![CDATA[[TestResult name=clickratingBarButton status=SUCCESS method=RatesheetTest.clickratingBarButton()[pri:2, instance:common.RatesheetTest@491666ad] output={null}]]]>
              </value>
            </param>
          </params>
          <reporter-output>
          </reporter-output>
        </test-method> <!-- afterMethod -->
        <test-method status="PASS" signature="beforeMethod(java.lang.reflect.Method)[pri:0, instance:common.RatesheetTest@491666ad]" name="beforeMethod" is-config="true" duration-ms="3000" started-at="2022-04-12T12:26:49 EET" finished-at="2022-04-12T12:26:52 EET">
          <params>
            <param index="0">
              <value>
                <![CDATA[public void common.RatesheetTest.submitRateButton()]]>
              </value>
            </param>
          </params>
          <reporter-output>
          </reporter-output>
        </test-method> <!-- beforeMethod -->
        <test-method status="PASS" signature="submitRateButton()[pri:3, instance:common.RatesheetTest@491666ad]" name="submitRateButton" duration-ms="79" started-at="2022-04-12T12:26:52 EET" finished-at="2022-04-12T12:26:52 EET">
          <reporter-output>
          </reporter-output>
        </test-method> <!-- submitRateButton -->
        <test-method status="PASS" signature="afterMethod(java.lang.reflect.Method,org.testng.ITestResult)[pri:0, instance:common.RatesheetTest@491666ad]" name="afterMethod" is-config="true" duration-ms="3227" started-at="2022-04-12T12:26:52 EET" finished-at="2022-04-12T12:26:55 EET">
          <params>
            <param index="0">
              <value>
                <![CDATA[public void common.RatesheetTest.submitRateButton()]]>
              </value>
            </param>
            <param index="1">
              <value>
                <![CDATA[[TestResult name=submitRateButton status=SUCCESS method=RatesheetTest.submitRateButton()[pri:3, instance:common.RatesheetTest@491666ad] output={null}]]]>
              </value>
            </param>
          </params>
          <reporter-output>
          </reporter-output>
        </test-method> <!-- afterMethod -->
        <test-method status="PASS" signature="beforeMethod(java.lang.reflect.Method)[pri:0, instance:common.RatesheetTest@491666ad]" name="beforeMethod" is-config="true" duration-ms="3016" started-at="2022-04-12T12:26:55 EET" finished-at="2022-04-12T12:26:58 EET">
          <params>
            <param index="0">
              <value>
                <![CDATA[public void common.RatesheetTest.assertError()]]>
              </value>
            </param>
          </params>
          <reporter-output>
          </reporter-output>
        </test-method> <!-- beforeMethod -->
        <test-method status="PASS" signature="assertError()[pri:4, instance:common.RatesheetTest@491666ad]" name="assertError" duration-ms="60" started-at="2022-04-12T12:26:58 EET" finished-at="2022-04-12T12:26:58 EET">
          <reporter-output>
          </reporter-output>
        </test-method> <!-- assertError -->
        <test-method status="PASS" signature="afterMethod(java.lang.reflect.Method,org.testng.ITestResult)[pri:0, instance:common.RatesheetTest@491666ad]" name="afterMethod" is-config="true" duration-ms="3248" started-at="2022-04-12T12:26:58 EET" finished-at="2022-04-12T12:27:02 EET">
          <params>
            <param index="0">
              <value>
                <![CDATA[public void common.RatesheetTest.assertError()]]>
              </value>
            </param>
            <param index="1">
              <value>
                <![CDATA[[TestResult name=assertError status=SUCCESS method=RatesheetTest.assertError()[pri:4, instance:common.RatesheetTest@491666ad] output={null}]]]>
              </value>
            </param>
          </params>
          <reporter-output>
          </reporter-output>
        </test-method> <!-- afterMethod -->
        <test-method status="PASS" signature="beforeMethod(java.lang.reflect.Method)[pri:0, instance:common.RatesheetTest@491666ad]" name="beforeMethod" is-config="true" duration-ms="3014" started-at="2022-04-12T12:27:02 EET" finished-at="2022-04-12T12:27:05 EET">
          <params>
            <param index="0">
              <value>
                <![CDATA[public void common.RatesheetTest.SelectReason()]]>
              </value>
            </param>
          </params>
          <reporter-output>
          </reporter-output>
        </test-method> <!-- beforeMethod -->
        <test-method status="PASS" signature="SelectReason()[pri:5, instance:common.RatesheetTest@491666ad]" name="SelectReason" duration-ms="99" started-at="2022-04-12T12:27:05 EET" finished-at="2022-04-12T12:27:05 EET">
          <reporter-output>
          </reporter-output>
        </test-method> <!-- SelectReason -->
        <test-method status="PASS" signature="afterMethod(java.lang.reflect.Method,org.testng.ITestResult)[pri:0, instance:common.RatesheetTest@491666ad]" name="afterMethod" is-config="true" duration-ms="3221" started-at="2022-04-12T12:27:05 EET" finished-at="2022-04-12T12:27:08 EET">
          <params>
            <param index="0">
              <value>
                <![CDATA[public void common.RatesheetTest.SelectReason()]]>
              </value>
            </param>
            <param index="1">
              <value>
                <![CDATA[[TestResult name=SelectReason status=SUCCESS method=RatesheetTest.SelectReason()[pri:5, instance:common.RatesheetTest@491666ad] output={null}]]]>
              </value>
            </param>
          </params>
          <reporter-output>
          </reporter-output>
        </test-method> <!-- afterMethod -->
        <test-method status="PASS" signature="beforeMethod(java.lang.reflect.Method)[pri:0, instance:common.RatesheetTest@491666ad]" name="beforeMethod" is-config="true" duration-ms="3003" started-at="2022-04-12T12:27:08 EET" finished-at="2022-04-12T12:27:11 EET">
          <params>
            <param index="0">
              <value>
                <![CDATA[public void common.RatesheetTest.IssuesTextAssert()]]>
              </value>
            </param>
          </params>
          <reporter-output>
          </reporter-output>
        </test-method> <!-- beforeMethod -->
        <test-method status="PASS" signature="IssuesTextAssert()[pri:6, instance:common.RatesheetTest@491666ad]" name="IssuesTextAssert" duration-ms="51" started-at="2022-04-12T12:27:11 EET" finished-at="2022-04-12T12:27:11 EET">
          <reporter-output>
          </reporter-output>
        </test-method> <!-- IssuesTextAssert -->
        <test-method status="PASS" signature="afterMethod(java.lang.reflect.Method,org.testng.ITestResult)[pri:0, instance:common.RatesheetTest@491666ad]" name="afterMethod" is-config="true" duration-ms="3248" started-at="2022-04-12T12:27:11 EET" finished-at="2022-04-12T12:27:14 EET">
          <params>
            <param index="0">
              <value>
                <![CDATA[public void common.RatesheetTest.IssuesTextAssert()]]>
              </value>
            </param>
            <param index="1">
              <value>
                <![CDATA[[TestResult name=IssuesTextAssert status=SUCCESS method=RatesheetTest.IssuesTextAssert()[pri:6, instance:common.RatesheetTest@491666ad] output={null}]]]>
              </value>
            </param>
          </params>
          <reporter-output>
          </reporter-output>
        </test-method> <!-- afterMethod -->
        <test-method status="PASS" signature="beforeMethod(java.lang.reflect.Method)[pri:0, instance:common.RatesheetTest@491666ad]" name="beforeMethod" is-config="true" duration-ms="3012" started-at="2022-04-12T12:27:14 EET" finished-at="2022-04-12T12:27:17 EET">
          <params>
            <param index="0">
              <value>
                <![CDATA[public void common.RatesheetTest.allstarts() throws java.lang.InterruptedException]]>
              </value>
            </param>
          </params>
          <reporter-output>
          </reporter-output>
        </test-method> <!-- beforeMethod -->
        <test-method status="PASS" signature="allstarts()[pri:7, instance:common.RatesheetTest@491666ad]" name="allstarts" duration-ms="2110" started-at="2022-04-12T12:27:17 EET" finished-at="2022-04-12T12:27:19 EET">
          <reporter-output>
          </reporter-output>
        </test-method> <!-- allstarts -->
        <test-method status="PASS" signature="afterMethod(java.lang.reflect.Method,org.testng.ITestResult)[pri:0, instance:common.RatesheetTest@491666ad]" name="afterMethod" is-config="true" duration-ms="3237" started-at="2022-04-12T12:27:19 EET" finished-at="2022-04-12T12:27:23 EET">
          <params>
            <param index="0">
              <value>
                <![CDATA[public void common.RatesheetTest.allstarts() throws java.lang.InterruptedException]]>
              </value>
            </param>
            <param index="1">
              <value>
                <![CDATA[[TestResult name=allstarts status=SUCCESS method=RatesheetTest.allstarts()[pri:7, instance:common.RatesheetTest@491666ad] output={null}]]]>
              </value>
            </param>
          </params>
          <reporter-output>
          </reporter-output>
        </test-method> <!-- afterMethod -->
        <test-method status="PASS" signature="beforeMethod(java.lang.reflect.Method)[pri:0, instance:common.RatesheetTest@491666ad]" name="beforeMethod" is-config="true" duration-ms="3014" started-at="2022-04-12T12:27:23 EET" finished-at="2022-04-12T12:27:26 EET">
          <params>
            <param index="0">
              <value>
                <![CDATA[public void common.RatesheetTest.submit5RateButton()]]>
              </value>
            </param>
          </params>
          <reporter-output>
          </reporter-output>
        </test-method> <!-- beforeMethod -->
        <test-method status="PASS" signature="submit5RateButton()[pri:8, instance:common.RatesheetTest@491666ad]" name="submit5RateButton" duration-ms="126" started-at="2022-04-12T12:27:26 EET" finished-at="2022-04-12T12:27:26 EET">
          <reporter-output>
          </reporter-output>
        </test-method> <!-- submit5RateButton -->
        <test-method status="PASS" signature="afterMethod(java.lang.reflect.Method,org.testng.ITestResult)[pri:0, instance:common.RatesheetTest@491666ad]" name="afterMethod" is-config="true" duration-ms="3237" started-at="2022-04-12T12:27:26 EET" finished-at="2022-04-12T12:27:29 EET">
          <params>
            <param index="0">
              <value>
                <![CDATA[public void common.RatesheetTest.submit5RateButton()]]>
              </value>
            </param>
            <param index="1">
              <value>
                <![CDATA[[TestResult name=submit5RateButton status=SUCCESS method=RatesheetTest.submit5RateButton()[pri:8, instance:common.RatesheetTest@491666ad] output={null}]]]>
              </value>
            </param>
          </params>
          <reporter-output>
          </reporter-output>
        </test-method> <!-- afterMethod -->
      </class> <!-- common.RatesheetTest -->
      <class name="towing.DismissTowingRatesheetTest">
        <test-method status="PASS" signature="beforeMethod(java.lang.reflect.Method)[pri:0, instance:towing.DismissTowingRatesheetTest@4f9a3314]" name="beforeMethod" is-config="true" duration-ms="3014" started-at="2022-04-12T12:24:41 EET" finished-at="2022-04-12T12:24:44 EET">
          <params>
            <param index="0">
              <value>
                <![CDATA[public void towing.DismissTowingRatesheetTest.clickratingBarButton()]]>
              </value>
            </param>
          </params>
          <reporter-output>
          </reporter-output>
        </test-method> <!-- beforeMethod -->
        <test-method status="PASS" signature="clickratingBarButton()[pri:2, instance:towing.DismissTowingRatesheetTest@4f9a3314]" name="clickratingBarButton" duration-ms="30690" started-at="2022-04-12T12:24:44 EET" finished-at="2022-04-12T12:25:15 EET">
          <reporter-output>
          </reporter-output>
        </test-method> <!-- clickratingBarButton -->
        <test-method status="PASS" signature="afterMethod(java.lang.reflect.Method,org.testng.ITestResult)[pri:0, instance:towing.DismissTowingRatesheetTest@4f9a3314]" name="afterMethod" is-config="true" duration-ms="3247" started-at="2022-04-12T12:25:15 EET" finished-at="2022-04-12T12:25:18 EET">
          <params>
            <param index="0">
              <value>
                <![CDATA[public void towing.DismissTowingRatesheetTest.clickratingBarButton()]]>
              </value>
            </param>
            <param index="1">
              <value>
                <![CDATA[[TestResult name=clickratingBarButton status=SUCCESS method=DismissTowingRatesheetTest.clickratingBarButton()[pri:2, instance:towing.DismissTowingRatesheetTest@4f9a3314] output={null}]]]>
              </value>
            </param>
          </params>
          <reporter-output>
          </reporter-output>
        </test-method> <!-- afterMethod -->
        <test-method status="PASS" signature="beforeMethod(java.lang.reflect.Method)[pri:0, instance:towing.DismissTowingRatesheetTest@4f9a3314]" name="beforeMethod" is-config="true" duration-ms="3009" started-at="2022-04-12T12:25:18 EET" finished-at="2022-04-12T12:25:21 EET">
          <params>
            <param index="0">
              <value>
                <![CDATA[public void towing.DismissTowingRatesheetTest.submitRateButton()]]>
              </value>
            </param>
          </params>
          <reporter-output>
          </reporter-output>
        </test-method> <!-- beforeMethod -->
        <test-method status="PASS" signature="submitRateButton()[pri:3, instance:towing.DismissTowingRatesheetTest@4f9a3314]" name="submitRateButton" duration-ms="98" started-at="2022-04-12T12:25:21 EET" finished-at="2022-04-12T12:25:21 EET">
          <reporter-output>
          </reporter-output>
        </test-method> <!-- submitRateButton -->
        <test-method status="PASS" signature="afterMethod(java.lang.reflect.Method,org.testng.ITestResult)[pri:0, instance:towing.DismissTowingRatesheetTest@4f9a3314]" name="afterMethod" is-config="true" duration-ms="3249" started-at="2022-04-12T12:25:21 EET" finished-at="2022-04-12T12:25:25 EET">
          <params>
            <param index="0">
              <value>
                <![CDATA[public void towing.DismissTowingRatesheetTest.submitRateButton()]]>
              </value>
            </param>
            <param index="1">
              <value>
                <![CDATA[[TestResult name=submitRateButton status=SUCCESS method=DismissTowingRatesheetTest.submitRateButton()[pri:3, instance:towing.DismissTowingRatesheetTest@4f9a3314] output={null}]]]>
              </value>
            </param>
          </params>
          <reporter-output>
          </reporter-output>
        </test-method> <!-- afterMethod -->
        <test-method status="PASS" signature="beforeMethod(java.lang.reflect.Method)[pri:0, instance:towing.DismissTowingRatesheetTest@4f9a3314]" name="beforeMethod" is-config="true" duration-ms="3003" started-at="2022-04-12T12:25:25 EET" finished-at="2022-04-12T12:25:28 EET">
          <params>
            <param index="0">
              <value>
                <![CDATA[public void towing.DismissTowingRatesheetTest.assertError()]]>
              </value>
            </param>
          </params>
          <reporter-output>
          </reporter-output>
        </test-method> <!-- beforeMethod -->
        <test-method status="PASS" signature="assertError()[pri:4, instance:towing.DismissTowingRatesheetTest@4f9a3314]" name="assertError" duration-ms="65" started-at="2022-04-12T12:25:28 EET" finished-at="2022-04-12T12:25:28 EET">
          <reporter-output>
          </reporter-output>
        </test-method> <!-- assertError -->
        <test-method status="PASS" signature="afterMethod(java.lang.reflect.Method,org.testng.ITestResult)[pri:0, instance:towing.DismissTowingRatesheetTest@4f9a3314]" name="afterMethod" is-config="true" duration-ms="3227" started-at="2022-04-12T12:25:28 EET" finished-at="2022-04-12T12:25:31 EET">
          <params>
            <param index="0">
              <value>
                <![CDATA[public void towing.DismissTowingRatesheetTest.assertError()]]>
              </value>
            </param>
            <param index="1">
              <value>
                <![CDATA[[TestResult name=assertError status=SUCCESS method=DismissTowingRatesheetTest.assertError()[pri:4, instance:towing.DismissTowingRatesheetTest@4f9a3314] output={null}]]]>
              </value>
            </param>
          </params>
          <reporter-output>
          </reporter-output>
        </test-method> <!-- afterMethod -->
        <test-method status="PASS" signature="beforeMethod(java.lang.reflect.Method)[pri:0, instance:towing.DismissTowingRatesheetTest@4f9a3314]" name="beforeMethod" is-config="true" duration-ms="3013" started-at="2022-04-12T12:25:31 EET" finished-at="2022-04-12T12:25:34 EET">
          <params>
            <param index="0">
              <value>
                <![CDATA[public void towing.DismissTowingRatesheetTest.SelectReason()]]>
              </value>
            </param>
          </params>
          <reporter-output>
          </reporter-output>
        </test-method> <!-- beforeMethod -->
        <test-method status="PASS" signature="SelectReason()[pri:5, instance:towing.DismissTowingRatesheetTest@4f9a3314]" name="SelectReason" duration-ms="89" started-at="2022-04-12T12:25:34 EET" finished-at="2022-04-12T12:25:34 EET">
          <reporter-output>
          </reporter-output>
        </test-method> <!-- SelectReason -->
        <test-method status="PASS" signature="afterMethod(java.lang.reflect.Method,org.testng.ITestResult)[pri:0, instance:towing.DismissTowingRatesheetTest@4f9a3314]" name="afterMethod" is-config="true" duration-ms="3280" started-at="2022-04-12T12:25:34 EET" finished-at="2022-04-12T12:25:37 EET">
          <params>
            <param index="0">
              <value>
                <![CDATA[public void towing.DismissTowingRatesheetTest.SelectReason()]]>
              </value>
            </param>
            <param index="1">
              <value>
                <![CDATA[[TestResult name=SelectReason status=SUCCESS method=DismissTowingRatesheetTest.SelectReason()[pri:5, instance:towing.DismissTowingRatesheetTest@4f9a3314] output={null}]]]>
              </value>
            </param>
          </params>
          <reporter-output>
          </reporter-output>
        </test-method> <!-- afterMethod -->
        <test-method status="PASS" signature="beforeMethod(java.lang.reflect.Method)[pri:0, instance:towing.DismissTowingRatesheetTest@4f9a3314]" name="beforeMethod" is-config="true" duration-ms="3008" started-at="2022-04-12T12:25:37 EET" finished-at="2022-04-12T12:25:40 EET">
          <params>
            <param index="0">
              <value>
                <![CDATA[public void towing.DismissTowingRatesheetTest.IssuesTextAssert()]]>
              </value>
            </param>
          </params>
          <reporter-output>
          </reporter-output>
        </test-method> <!-- beforeMethod -->
        <test-method status="PASS" signature="IssuesTextAssert()[pri:6, instance:towing.DismissTowingRatesheetTest@4f9a3314]" name="IssuesTextAssert" duration-ms="68" started-at="2022-04-12T12:25:40 EET" finished-at="2022-04-12T12:25:40 EET">
          <reporter-output>
          </reporter-output>
        </test-method> <!-- IssuesTextAssert -->
        <test-method status="PASS" signature="afterMethod(java.lang.reflect.Method,org.testng.ITestResult)[pri:0, instance:towing.DismissTowingRatesheetTest@4f9a3314]" name="afterMethod" is-config="true" duration-ms="3236" started-at="2022-04-12T12:25:40 EET" finished-at="2022-04-12T12:25:44 EET">
          <params>
            <param index="0">
              <value>
                <![CDATA[public void towing.DismissTowingRatesheetTest.IssuesTextAssert()]]>
              </value>
            </param>
            <param index="1">
              <value>
                <![CDATA[[TestResult name=IssuesTextAssert status=SUCCESS method=DismissTowingRatesheetTest.IssuesTextAssert()[pri:6, instance:towing.DismissTowingRatesheetTest@4f9a3314] output={null}]]]>
              </value>
            </param>
          </params>
          <reporter-output>
          </reporter-output>
        </test-method> <!-- afterMethod -->
        <test-method status="PASS" signature="beforeMethod(java.lang.reflect.Method)[pri:0, instance:towing.DismissTowingRatesheetTest@4f9a3314]" name="beforeMethod" is-config="true" duration-ms="3004" started-at="2022-04-12T12:25:44 EET" finished-at="2022-04-12T12:25:47 EET">
          <params>
            <param index="0">
              <value>
                <![CDATA[public void towing.DismissTowingRatesheetTest.allstarts() throws java.lang.InterruptedException]]>
              </value>
            </param>
          </params>
          <reporter-output>
          </reporter-output>
        </test-method> <!-- beforeMethod -->
        <test-method status="PASS" signature="allstarts()[pri:7, instance:towing.DismissTowingRatesheetTest@4f9a3314]" name="allstarts" duration-ms="2090" started-at="2022-04-12T12:25:47 EET" finished-at="2022-04-12T12:25:49 EET">
          <reporter-output>
          </reporter-output>
        </test-method> <!-- allstarts -->
        <test-method status="PASS" signature="afterMethod(java.lang.reflect.Method,org.testng.ITestResult)[pri:0, instance:towing.DismissTowingRatesheetTest@4f9a3314]" name="afterMethod" is-config="true" duration-ms="3235" started-at="2022-04-12T12:25:49 EET" finished-at="2022-04-12T12:25:52 EET">
          <params>
            <param index="0">
              <value>
                <![CDATA[public void towing.DismissTowingRatesheetTest.allstarts() throws java.lang.InterruptedException]]>
              </value>
            </param>
            <param index="1">
              <value>
                <![CDATA[[TestResult name=allstarts status=SUCCESS method=DismissTowingRatesheetTest.allstarts()[pri:7, instance:towing.DismissTowingRatesheetTest@4f9a3314] output={null}]]]>
              </value>
            </param>
          </params>
          <reporter-output>
          </reporter-output>
        </test-method> <!-- afterMethod -->
        <test-method status="PASS" signature="beforeMethod(java.lang.reflect.Method)[pri:0, instance:towing.DismissTowingRatesheetTest@4f9a3314]" name="beforeMethod" is-config="true" duration-ms="3005" started-at="2022-04-12T12:25:52 EET" finished-at="2022-04-12T12:25:55 EET">
          <params>
            <param index="0">
              <value>
                <![CDATA[public void towing.DismissTowingRatesheetTest.clickismissRate()]]>
              </value>
            </param>
          </params>
          <reporter-output>
          </reporter-output>
        </test-method> <!-- beforeMethod -->
        <test-method status="PASS" signature="clickismissRate()[pri:8, instance:towing.DismissTowingRatesheetTest@4f9a3314]" name="clickismissRate" duration-ms="61" started-at="2022-04-12T12:25:55 EET" finished-at="2022-04-12T12:25:55 EET">
          <reporter-output>
          </reporter-output>
        </test-method> <!-- clickismissRate -->
        <test-method status="PASS" signature="afterMethod(java.lang.reflect.Method,org.testng.ITestResult)[pri:0, instance:towing.DismissTowingRatesheetTest@4f9a3314]" name="afterMethod" is-config="true" duration-ms="3249" started-at="2022-04-12T12:25:55 EET" finished-at="2022-04-12T12:25:58 EET">
          <params>
            <param index="0">
              <value>
                <![CDATA[public void towing.DismissTowingRatesheetTest.clickismissRate()]]>
              </value>
            </param>
            <param index="1">
              <value>
                <![CDATA[[TestResult name=clickismissRate status=SUCCESS method=DismissTowingRatesheetTest.clickismissRate()[pri:8, instance:towing.DismissTowingRatesheetTest@4f9a3314] output={null}]]]>
              </value>
            </param>
          </params>
          <reporter-output>
          </reporter-output>
        </test-method> <!-- afterMethod -->
      </class> <!-- towing.DismissTowingRatesheetTest -->
      <class name="common.RequestHistoryTest">
        <test-method status="PASS" signature="beforeMethod(java.lang.reflect.Method)[pri:0, instance:common.RequestHistoryTest@3b2c72c2]" name="beforeMethod" is-config="true" duration-ms="3002" started-at="2022-04-12T12:25:58 EET" finished-at="2022-04-12T12:26:01 EET">
          <params>
            <param index="0">
              <value>
                <![CDATA[public void common.RequestHistoryTest.ClickMenu()]]>
              </value>
            </param>
          </params>
          <reporter-output>
          </reporter-output>
        </test-method> <!-- beforeMethod -->
        <test-method status="PASS" signature="ClickMenu()[pri:1, instance:common.RequestHistoryTest@3b2c72c2]" name="ClickMenu" duration-ms="76" started-at="2022-04-12T12:26:01 EET" finished-at="2022-04-12T12:26:01 EET">
          <reporter-output>
          </reporter-output>
        </test-method> <!-- ClickMenu -->
        <test-method status="PASS" signature="afterMethod(java.lang.reflect.Method,org.testng.ITestResult)[pri:0, instance:common.RequestHistoryTest@3b2c72c2]" name="afterMethod" is-config="true" duration-ms="3264" started-at="2022-04-12T12:26:01 EET" finished-at="2022-04-12T12:26:05 EET">
          <params>
            <param index="0">
              <value>
                <![CDATA[public void common.RequestHistoryTest.ClickMenu()]]>
              </value>
            </param>
            <param index="1">
              <value>
                <![CDATA[[TestResult name=ClickMenu status=SUCCESS method=RequestHistoryTest.ClickMenu()[pri:1, instance:common.RequestHistoryTest@3b2c72c2] output={null}]]]>
              </value>
            </param>
          </params>
          <reporter-output>
          </reporter-output>
        </test-method> <!-- afterMethod -->
        <test-method status="PASS" signature="beforeMethod(java.lang.reflect.Method)[pri:0, instance:common.RequestHistoryTest@3b2c72c2]" name="beforeMethod" is-config="true" duration-ms="3005" started-at="2022-04-12T12:26:05 EET" finished-at="2022-04-12T12:26:08 EET">
          <params>
            <param index="0">
              <value>
                <![CDATA[public void common.RequestHistoryTest.MenuRequestHistory()]]>
              </value>
            </param>
          </params>
          <reporter-output>
          </reporter-output>
        </test-method> <!-- beforeMethod -->
        <test-method status="PASS" signature="MenuRequestHistory()[pri:2, instance:common.RequestHistoryTest@3b2c72c2]" name="MenuRequestHistory" duration-ms="516" started-at="2022-04-12T12:26:08 EET" finished-at="2022-04-12T12:26:08 EET">
          <reporter-output>
          </reporter-output>
        </test-method> <!-- MenuRequestHistory -->
        <test-method status="PASS" signature="afterMethod(java.lang.reflect.Method,org.testng.ITestResult)[pri:0, instance:common.RequestHistoryTest@3b2c72c2]" name="afterMethod" is-config="true" duration-ms="3240" started-at="2022-04-12T12:26:08 EET" finished-at="2022-04-12T12:26:11 EET">
          <params>
            <param index="0">
              <value>
                <![CDATA[public void common.RequestHistoryTest.MenuRequestHistory()]]>
              </value>
            </param>
            <param index="1">
              <value>
                <![CDATA[[TestResult name=MenuRequestHistory status=SUCCESS method=RequestHistoryTest.MenuRequestHistory()[pri:2, instance:common.RequestHistoryTest@3b2c72c2] output={null}]]]>
              </value>
            </param>
          </params>
          <reporter-output>
          </reporter-output>
        </test-method> <!-- afterMethod -->
        <test-method status="PASS" signature="beforeMethod(java.lang.reflect.Method)[pri:0, instance:common.RequestHistoryTest@3b2c72c2]" name="beforeMethod" is-config="true" duration-ms="3012" started-at="2022-04-12T12:26:11 EET" finished-at="2022-04-12T12:26:14 EET">
          <params>
            <param index="0">
              <value>
                <![CDATA[public void common.RequestHistoryTest.ClickFristItemRequestHistory()]]>
              </value>
            </param>
          </params>
          <reporter-output>
          </reporter-output>
        </test-method> <!-- beforeMethod -->
        <test-method status="PASS" signature="ClickFristItemRequestHistory()[pri:5, instance:common.RequestHistoryTest@3b2c72c2]" name="ClickFristItemRequestHistory" duration-ms="79" started-at="2022-04-12T12:26:14 EET" finished-at="2022-04-12T12:26:14 EET">
          <reporter-output>
          </reporter-output>
        </test-method> <!-- ClickFristItemRequestHistory -->
        <test-method status="PASS" signature="afterMethod(java.lang.reflect.Method,org.testng.ITestResult)[pri:0, instance:common.RequestHistoryTest@3b2c72c2]" name="afterMethod" is-config="true" duration-ms="3241" started-at="2022-04-12T12:26:14 EET" finished-at="2022-04-12T12:26:18 EET">
          <params>
            <param index="0">
              <value>
                <![CDATA[public void common.RequestHistoryTest.ClickFristItemRequestHistory()]]>
              </value>
            </param>
            <param index="1">
              <value>
                <![CDATA[[TestResult name=ClickFristItemRequestHistory status=SUCCESS method=RequestHistoryTest.ClickFristItemRequestHistory()[pri:5, instance:common.RequestHistoryTest@3b2c72c2] output={null}]]]>
              </value>
            </param>
          </params>
          <reporter-output>
          </reporter-output>
        </test-method> <!-- afterMethod -->
        <test-method status="PASS" signature="beforeMethod(java.lang.reflect.Method)[pri:0, instance:common.RequestHistoryTest@3b2c72c2]" name="beforeMethod" is-config="true" duration-ms="3010" started-at="2022-04-12T12:26:18 EET" finished-at="2022-04-12T12:26:21 EET">
          <params>
            <param index="0">
              <value>
                <![CDATA[public void common.RequestHistoryTest.scrollitemetails()]]>
              </value>
            </param>
          </params>
          <reporter-output>
          </reporter-output>
        </test-method> <!-- beforeMethod -->
        <test-method status="PASS" signature="scrollitemetails()[pri:6, instance:common.RequestHistoryTest@3b2c72c2]" name="scrollitemetails" duration-ms="372" started-at="2022-04-12T12:26:21 EET" finished-at="2022-04-12T12:26:21 EET">
          <reporter-output>
          </reporter-output>
        </test-method> <!-- scrollitemetails -->
        <test-method status="PASS" signature="afterMethod(java.lang.reflect.Method,org.testng.ITestResult)[pri:0, instance:common.RequestHistoryTest@3b2c72c2]" name="afterMethod" is-config="true" duration-ms="3223" started-at="2022-04-12T12:26:21 EET" finished-at="2022-04-12T12:26:24 EET">
          <params>
            <param index="0">
              <value>
                <![CDATA[public void common.RequestHistoryTest.scrollitemetails()]]>
              </value>
            </param>
            <param index="1">
              <value>
                <![CDATA[[TestResult name=scrollitemetails status=SUCCESS method=RequestHistoryTest.scrollitemetails()[pri:6, instance:common.RequestHistoryTest@3b2c72c2] output={null}]]]>
              </value>
            </param>
          </params>
          <reporter-output>
          </reporter-output>
        </test-method> <!-- afterMethod -->
        <test-method status="PASS" signature="beforeMethod(java.lang.reflect.Method)[pri:0, instance:common.RequestHistoryTest@3b2c72c2]" name="beforeMethod" is-config="true" duration-ms="3003" started-at="2022-04-12T12:26:24 EET" finished-at="2022-04-12T12:26:27 EET">
          <params>
            <param index="0">
              <value>
                <![CDATA[public void common.RequestHistoryTest.callriver()]]>
              </value>
            </param>
          </params>
          <reporter-output>
          </reporter-output>
        </test-method> <!-- beforeMethod -->
        <test-method status="PASS" signature="callriver()[pri:7, instance:common.RequestHistoryTest@3b2c72c2]" name="callriver" duration-ms="5844" started-at="2022-04-12T12:26:27 EET" finished-at="2022-04-12T12:26:33 EET">
          <reporter-output>
          </reporter-output>
        </test-method> <!-- callriver -->
        <test-method status="PASS" signature="afterMethod(java.lang.reflect.Method,org.testng.ITestResult)[pri:0, instance:common.RequestHistoryTest@3b2c72c2]" name="afterMethod" is-config="true" duration-ms="3242" started-at="2022-04-12T12:26:33 EET" finished-at="2022-04-12T12:26:36 EET">
          <params>
            <param index="0">
              <value>
                <![CDATA[public void common.RequestHistoryTest.callriver()]]>
              </value>
            </param>
            <param index="1">
              <value>
                <![CDATA[[TestResult name=callriver status=SUCCESS method=RequestHistoryTest.callriver()[pri:7, instance:common.RequestHistoryTest@3b2c72c2] output={null}]]]>
              </value>
            </param>
          </params>
          <reporter-output>
          </reporter-output>
        </test-method> <!-- afterMethod -->
      </class> <!-- common.RequestHistoryTest -->
      <class name="common.allowLocationPermissionTest">
        <test-method status="PASS" signature="beforeTest(java.lang.String,java.lang.String,java.lang.String,boolean,boolean)[pri:0, instance:common.allowLocationPermissionTest@58134517]" name="beforeTest" is-config="true" duration-ms="9068" started-at="2022-04-12T12:21:26 EET" finished-at="2022-04-12T12:21:35 EET">
          <params>
            <param index="0">
              <value>
                <![CDATA[emulator-5554]]>
              </value>
            </param>
            <param index="1">
              <value>
                <![CDATA[Android]]>
              </value>
            </param>
            <param index="2">
              <value>
                <![CDATA[9]]>
              </value>
            </param>
            <param index="3">
              <value>
                <![CDATA[true]]>
              </value>
            </param>
            <param index="4">
              <value>
                <![CDATA[false]]>
              </value>
            </param>
          </params>
          <reporter-output>
          </reporter-output>
        </test-method> <!-- beforeTest -->
        <test-method status="PASS" signature="beforeMethod(java.lang.reflect.Method)[pri:0, instance:common.allowLocationPermissionTest@58134517]" name="beforeMethod" is-config="true" duration-ms="3006" started-at="2022-04-12T12:21:35 EET" finished-at="2022-04-12T12:21:38 EET">
          <params>
            <param index="0">
              <value>
                <![CDATA[public void common.allowLocationPermissionTest.clcallowLocationPermissionTestikLogin()]]>
              </value>
            </param>
          </params>
          <reporter-output>
          </reporter-output>
        </test-method> <!-- beforeMethod -->
        <test-method status="PASS" signature="clcallowLocationPermissionTestikLogin()[pri:2, instance:common.allowLocationPermissionTest@58134517]" name="clcallowLocationPermissionTestikLogin" duration-ms="1019" started-at="2022-04-12T12:21:38 EET" finished-at="2022-04-12T12:21:39 EET">
          <reporter-output>
          </reporter-output>
        </test-method> <!-- clcallowLocationPermissionTestikLogin -->
        <test-method status="PASS" signature="afterMethod(java.lang.reflect.Method,org.testng.ITestResult)[pri:0, instance:common.allowLocationPermissionTest@58134517]" name="afterMethod" is-config="true" duration-ms="3293" started-at="2022-04-12T12:21:39 EET" finished-at="2022-04-12T12:21:42 EET">
          <params>
            <param index="0">
              <value>
                <![CDATA[public void common.allowLocationPermissionTest.clcallowLocationPermissionTestikLogin()]]>
              </value>
            </param>
            <param index="1">
              <value>
                <![CDATA[[TestResult name=clcallowLocationPermissionTestikLogin status=SUCCESS method=allowLocationPermissionTest.clcallowLocationPermissionTestikLogin()[pri:2, instance:common.allowLocationPermissionTest@58134517] output={null}]]]>
              </value>
            </param>
          </params>
          <reporter-output>
          </reporter-output>
        </test-method> <!-- afterMethod -->
      </class> <!-- common.allowLocationPermissionTest -->
      <class name="Battery.addNormalBatteryRequestTest">
        <test-method status="PASS" signature="beforeMethod(java.lang.reflect.Method)[pri:0, instance:Battery.addNormalBatteryRequestTest@255b53dc]" name="beforeMethod" is-config="true" duration-ms="3009" started-at="2022-04-12T12:22:35 EET" finished-at="2022-04-12T12:22:38 EET">
          <params>
            <param index="0">
              <value>
                <![CDATA[public void Battery.addNormalBatteryRequestTest.MoveMap()]]>
              </value>
            </param>
          </params>
          <reporter-output>
          </reporter-output>
        </test-method> <!-- beforeMethod -->
        <test-method status="PASS" signature="MoveMap()[pri:29, instance:Battery.addNormalBatteryRequestTest@255b53dc]" name="MoveMap" duration-ms="880" started-at="2022-04-12T12:22:38 EET" finished-at="2022-04-12T12:22:39 EET">
          <reporter-output>
          </reporter-output>
        </test-method> <!-- MoveMap -->
        <test-method status="PASS" signature="afterMethod(java.lang.reflect.Method,org.testng.ITestResult)[pri:0, instance:Battery.addNormalBatteryRequestTest@255b53dc]" name="afterMethod" is-config="true" duration-ms="3279" started-at="2022-04-12T12:22:39 EET" finished-at="2022-04-12T12:22:43 EET">
          <params>
            <param index="0">
              <value>
                <![CDATA[public void Battery.addNormalBatteryRequestTest.MoveMap()]]>
              </value>
            </param>
            <param index="1">
              <value>
                <![CDATA[[TestResult name=MoveMap status=SUCCESS method=addNormalBatteryRequestTest.MoveMap()[pri:29, instance:Battery.addNormalBatteryRequestTest@255b53dc] output={null}]]]>
              </value>
            </param>
          </params>
          <reporter-output>
          </reporter-output>
        </test-method> <!-- afterMethod -->
        <test-method status="PASS" signature="beforeMethod(java.lang.reflect.Method)[pri:0, instance:Battery.addNormalBatteryRequestTest@255b53dc]" name="beforeMethod" is-config="true" duration-ms="3001" started-at="2022-04-12T12:22:43 EET" finished-at="2022-04-12T12:22:46 EET">
          <params>
            <param index="0">
              <value>
                <![CDATA[public void Battery.addNormalBatteryRequestTest.DragServiceSheet()]]>
              </value>
            </param>
          </params>
          <reporter-output>
          </reporter-output>
        </test-method> <!-- beforeMethod -->
        <test-method status="PASS" signature="DragServiceSheet()[pri:30, instance:Battery.addNormalBatteryRequestTest@255b53dc]" name="DragServiceSheet" duration-ms="769" started-at="2022-04-12T12:22:46 EET" finished-at="2022-04-12T12:22:46 EET">
          <reporter-output>
          </reporter-output>
        </test-method> <!-- DragServiceSheet -->
        <test-method status="PASS" signature="afterMethod(java.lang.reflect.Method,org.testng.ITestResult)[pri:0, instance:Battery.addNormalBatteryRequestTest@255b53dc]" name="afterMethod" is-config="true" duration-ms="3306" started-at="2022-04-12T12:22:46 EET" finished-at="2022-04-12T12:22:50 EET">
          <params>
            <param index="0">
              <value>
                <![CDATA[public void Battery.addNormalBatteryRequestTest.DragServiceSheet()]]>
              </value>
            </param>
            <param index="1">
              <value>
                <![CDATA[[TestResult name=DragServiceSheet status=SUCCESS method=addNormalBatteryRequestTest.DragServiceSheet()[pri:30, instance:Battery.addNormalBatteryRequestTest@255b53dc] output={null}]]]>
              </value>
            </param>
          </params>
          <reporter-output>
          </reporter-output>
        </test-method> <!-- afterMethod -->
        <test-method status="PASS" signature="beforeMethod(java.lang.reflect.Method)[pri:0, instance:Battery.addNormalBatteryRequestTest@255b53dc]" name="beforeMethod" is-config="true" duration-ms="3010" started-at="2022-04-12T12:22:50 EET" finished-at="2022-04-12T12:22:53 EET">
          <params>
            <param index="0">
              <value>
                <![CDATA[public void Battery.addNormalBatteryRequestTest.SelectBattery()]]>
              </value>
            </param>
          </params>
          <reporter-output>
          </reporter-output>
        </test-method> <!-- beforeMethod -->
        <test-method status="PASS" signature="SelectBattery()[pri:31, instance:Battery.addNormalBatteryRequestTest@255b53dc]" name="SelectBattery" duration-ms="388" started-at="2022-04-12T12:22:53 EET" finished-at="2022-04-12T12:22:53 EET">
          <reporter-output>
          </reporter-output>
        </test-method> <!-- SelectBattery -->
        <test-method status="PASS" signature="afterMethod(java.lang.reflect.Method,org.testng.ITestResult)[pri:0, instance:Battery.addNormalBatteryRequestTest@255b53dc]" name="afterMethod" is-config="true" duration-ms="3264" started-at="2022-04-12T12:22:53 EET" finished-at="2022-04-12T12:22:56 EET">
          <params>
            <param index="0">
              <value>
                <![CDATA[public void Battery.addNormalBatteryRequestTest.SelectBattery()]]>
              </value>
            </param>
            <param index="1">
              <value>
                <![CDATA[[TestResult name=SelectBattery status=SUCCESS method=addNormalBatteryRequestTest.SelectBattery()[pri:31, instance:Battery.addNormalBatteryRequestTest@255b53dc] output={null}]]]>
              </value>
            </param>
          </params>
          <reporter-output>
          </reporter-output>
        </test-method> <!-- afterMethod -->
        <test-method status="PASS" signature="beforeMethod(java.lang.reflect.Method)[pri:0, instance:Battery.addNormalBatteryRequestTest@255b53dc]" name="beforeMethod" is-config="true" duration-ms="3015" started-at="2022-04-12T12:22:56 EET" finished-at="2022-04-12T12:22:59 EET">
          <params>
            <param index="0">
              <value>
                <![CDATA[public void Battery.addNormalBatteryRequestTest.ConfirmSummery()]]>
              </value>
            </param>
          </params>
          <reporter-output>
          </reporter-output>
        </test-method> <!-- beforeMethod -->
        <test-method status="PASS" signature="ConfirmSummery()[pri:32, instance:Battery.addNormalBatteryRequestTest@255b53dc]" name="ConfirmSummery" duration-ms="115" started-at="2022-04-12T12:22:59 EET" finished-at="2022-04-12T12:22:59 EET">
          <reporter-output>
          </reporter-output>
        </test-method> <!-- ConfirmSummery -->
        <test-method status="PASS" signature="afterMethod(java.lang.reflect.Method,org.testng.ITestResult)[pri:0, instance:Battery.addNormalBatteryRequestTest@255b53dc]" name="afterMethod" is-config="true" duration-ms="3339" started-at="2022-04-12T12:22:59 EET" finished-at="2022-04-12T12:23:03 EET">
          <params>
            <param index="0">
              <value>
                <![CDATA[public void Battery.addNormalBatteryRequestTest.ConfirmSummery()]]>
              </value>
            </param>
            <param index="1">
              <value>
                <![CDATA[[TestResult name=ConfirmSummery status=SUCCESS method=addNormalBatteryRequestTest.ConfirmSummery()[pri:32, instance:Battery.addNormalBatteryRequestTest@255b53dc] output={null}]]]>
              </value>
            </param>
          </params>
          <reporter-output>
          </reporter-output>
        </test-method> <!-- afterMethod -->
        <test-method status="PASS" signature="beforeMethod(java.lang.reflect.Method)[pri:0, instance:Battery.addNormalBatteryRequestTest@255b53dc]" name="beforeMethod" is-config="true" duration-ms="3000" started-at="2022-04-12T12:23:03 EET" finished-at="2022-04-12T12:23:06 EET">
          <params>
            <param index="0">
              <value>
                <![CDATA[public void Battery.addNormalBatteryRequestTest.ConfirmBaymnet()]]>
              </value>
            </param>
          </params>
          <reporter-output>
          </reporter-output>
        </test-method> <!-- beforeMethod -->
        <test-method status="PASS" signature="ConfirmBaymnet()[pri:33, instance:Battery.addNormalBatteryRequestTest@255b53dc]" name="ConfirmBaymnet" duration-ms="285" started-at="2022-04-12T12:23:06 EET" finished-at="2022-04-12T12:23:06 EET">
          <reporter-output>
          </reporter-output>
        </test-method> <!-- ConfirmBaymnet -->
        <test-method status="PASS" signature="afterMethod(java.lang.reflect.Method,org.testng.ITestResult)[pri:0, instance:Battery.addNormalBatteryRequestTest@255b53dc]" name="afterMethod" is-config="true" duration-ms="3281" started-at="2022-04-12T12:23:06 EET" finished-at="2022-04-12T12:23:09 EET">
          <params>
            <param index="0">
              <value>
                <![CDATA[public void Battery.addNormalBatteryRequestTest.ConfirmBaymnet()]]>
              </value>
            </param>
            <param index="1">
              <value>
                <![CDATA[[TestResult name=ConfirmBaymnet status=SUCCESS method=addNormalBatteryRequestTest.ConfirmBaymnet()[pri:33, instance:Battery.addNormalBatteryRequestTest@255b53dc] output={null}]]]>
              </value>
            </param>
          </params>
          <reporter-output>
          </reporter-output>
        </test-method> <!-- afterMethod -->
      </class> <!-- Battery.addNormalBatteryRequestTest -->
      <class name="driverApi.API_Driver_FuelAndBattery_completejob_Test">
        <test-method status="PASS" signature="beforeMethod(java.lang.reflect.Method)[pri:0, instance:driverApi.API_Driver_FuelAndBattery_completejob_Test@1b68b9a4]" name="beforeMethod" is-config="true" duration-ms="3014" started-at="2022-04-12T12:24:34 EET" finished-at="2022-04-12T12:24:37 EET">
          <params>
            <param index="0">
              <value>
                <![CDATA[public void driverApi.API_Driver_FuelAndBattery_completejob_Test.completejob(java.lang.String,java.lang.String,java.lang.String,java.lang.String,java.lang.String) throws java.io.IOException]]>
              </value>
            </param>
          </params>
          <reporter-output>
          </reporter-output>
        </test-method> <!-- beforeMethod -->
        <test-method status="PASS" signature="completejob(java.lang.String,java.lang.String,java.lang.String,java.lang.String,java.lang.String)[pri:1, instance:driverApi.API_Driver_FuelAndBattery_completejob_Test@1b68b9a4]" name="completejob" duration-ms="765" started-at="2022-04-12T12:24:37 EET" data-provider="access_token" finished-at="2022-04-12T12:24:38 EET">
          <params>
            <param index="0">
              <value is-null="true"/>
            </param>
            <param index="1">
              <value>
                <![CDATA[1117777778]]>
              </value>
            </param>
            <param index="2">
              <value>
                <![CDATA[92272]]>
              </value>
            </param>
            <param index="3">
              <value>
                <![CDATA[518404]]>
              </value>
            </param>
            <param index="4">
              <value>
                <![CDATA[767981dc71f044e8a2cd36385a652f58]]>
              </value>
            </param>
          </params>
          <reporter-output>
          </reporter-output>
        </test-method> <!-- completejob -->
        <test-method status="PASS" signature="afterMethod(java.lang.reflect.Method,org.testng.ITestResult)[pri:0, instance:driverApi.API_Driver_FuelAndBattery_completejob_Test@1b68b9a4]" name="afterMethod" is-config="true" duration-ms="3257" started-at="2022-04-12T12:24:38 EET" finished-at="2022-04-12T12:24:41 EET">
          <params>
            <param index="0">
              <value>
                <![CDATA[public void driverApi.API_Driver_FuelAndBattery_completejob_Test.completejob(java.lang.String,java.lang.String,java.lang.String,java.lang.String,java.lang.String) throws java.io.IOException]]>
              </value>
            </param>
            <param index="1">
              <value>
                <![CDATA[[TestResult name=completejob status=SUCCESS method=API_Driver_FuelAndBattery_completejob_Test.completejob(java.lang.String,java.lang.String,java.lang.String,java.lang.String,java.lang.String)[pri:1, instance:driverApi.API_Driver_FuelAndBattery_completejob_Test@1b68b9a4] output={null}]]]>
              </value>
            </param>
          </params>
          <reporter-output>
          </reporter-output>
        </test-method> <!-- afterMethod -->
      </class> <!-- driverApi.API_Driver_FuelAndBattery_completejob_Test -->
      <class name="driverApi.API_Driver_Startjob_Test">
        <test-method status="PASS" signature="beforeMethod(java.lang.reflect.Method)[pri:0, instance:driverApi.API_Driver_Startjob_Test@6b53e23f]" name="beforeMethod" is-config="true" duration-ms="3007" started-at="2022-04-12T12:24:15 EET" finished-at="2022-04-12T12:24:18 EET">
          <params>
            <param index="0">
              <value>
                <![CDATA[public void driverApi.API_Driver_Startjob_Test.driverLogin(java.lang.String,java.lang.String,java.lang.String,java.lang.String) throws java.io.IOException]]>
              </value>
            </param>
          </params>
          <reporter-output>
          </reporter-output>
        </test-method> <!-- beforeMethod -->
        <test-method status="PASS" signature="driverLogin(java.lang.String,java.lang.String,java.lang.String,java.lang.String)[pri:1, instance:driverApi.API_Driver_Startjob_Test@6b53e23f]" name="driverLogin" duration-ms="1766" started-at="2022-04-12T12:24:18 EET" data-provider="driverdata" finished-at="2022-04-12T12:24:20 EET">
          <params>
            <param index="0">
              <value is-null="true"/>
            </param>
            <param index="1">
              <value>
                <![CDATA[1117777778]]>
              </value>
            </param>
            <param index="2">
              <value>
                <![CDATA[92272]]>
              </value>
            </param>
            <param index="3">
              <value>
                <![CDATA[518404]]>
              </value>
            </param>
          </params>
          <reporter-output>
          </reporter-output>
        </test-method> <!-- driverLogin -->
        <test-method status="PASS" signature="afterMethod(java.lang.reflect.Method,org.testng.ITestResult)[pri:0, instance:driverApi.API_Driver_Startjob_Test@6b53e23f]" name="afterMethod" is-config="true" duration-ms="3256" started-at="2022-04-12T12:24:20 EET" finished-at="2022-04-12T12:24:23 EET">
          <params>
            <param index="0">
              <value>
                <![CDATA[public void driverApi.API_Driver_Startjob_Test.driverLogin(java.lang.String,java.lang.String,java.lang.String,java.lang.String) throws java.io.IOException]]>
              </value>
            </param>
            <param index="1">
              <value>
                <![CDATA[[TestResult name=driverLogin status=SUCCESS method=API_Driver_Startjob_Test.driverLogin(java.lang.String,java.lang.String,java.lang.String,java.lang.String)[pri:1, instance:driverApi.API_Driver_Startjob_Test@6b53e23f] output={null}]]]>
              </value>
            </param>
          </params>
          <reporter-output>
          </reporter-output>
        </test-method> <!-- afterMethod -->
      </class> <!-- driverApi.API_Driver_Startjob_Test -->
    </test> <!-- Battery -->
    <test name="Fuel" duration-ms="399868" started-at="2022-04-12T12:27:29 EET" finished-at="2022-04-12T12:34:09 EET">
      <class name="login.ClickloginbuttonfromHomescreenTest">
        <test-method status="PASS" signature="beforeMethod(java.lang.reflect.Method)[pri:0, instance:login.ClickloginbuttonfromHomescreenTest@ca263c2]" name="beforeMethod" is-config="true" duration-ms="3008" started-at="2022-04-12T12:27:45 EET" finished-at="2022-04-12T12:27:48 EET">
          <params>
            <param index="0">
              <value>
                <![CDATA[public void login.ClickloginbuttonfromHomescreenTest.clcikLogin()]]>
              </value>
            </param>
          </params>
          <reporter-output>
          </reporter-output>
        </test-method> <!-- beforeMethod -->
        <test-method status="PASS" signature="clcikLogin()[pri:3, instance:login.ClickloginbuttonfromHomescreenTest@ca263c2]" name="clcikLogin" duration-ms="130" started-at="2022-04-12T12:27:48 EET" finished-at="2022-04-12T12:27:48 EET">
          <reporter-output>
          </reporter-output>
        </test-method> <!-- clcikLogin -->
        <test-method status="PASS" signature="afterMethod(java.lang.reflect.Method,org.testng.ITestResult)[pri:0, instance:login.ClickloginbuttonfromHomescreenTest@ca263c2]" name="afterMethod" is-config="true" duration-ms="3266" started-at="2022-04-12T12:27:48 EET" finished-at="2022-04-12T12:27:52 EET">
          <params>
            <param index="0">
              <value>
                <![CDATA[public void login.ClickloginbuttonfromHomescreenTest.clcikLogin()]]>
              </value>
            </param>
            <param index="1">
              <value>
                <![CDATA[[TestResult name=clcikLogin status=SUCCESS method=ClickloginbuttonfromHomescreenTest.clcikLogin()[pri:3, instance:login.ClickloginbuttonfromHomescreenTest@ca263c2] output={null}]]]>
              </value>
            </param>
          </params>
          <reporter-output>
          </reporter-output>
        </test-method> <!-- afterMethod -->
[...]
              </value>
            </param>
          </params>
          <reporter-output>
          </reporter-output>
        </test-method> <!-- afterMethod -->
      </class> <!-- driverApi.API_Driver_completejob_Test -->
      <class name="common.RequestHistoryTest">
        <test-method status="PASS" signature="beforeMethod(java.lang.reflect.Method)[pri:0, instance:common.RequestHistoryTest@20d3d15a]" name="beforeMethod" is-config="true" duration-ms="3009" started-at="2022-04-12T12:39:18 EET" finished-at="2022-04-12T12:39:21 EET">
          <params>
            <param index="0">
              <value>
                <![CDATA[public void common.RequestHistoryTest.ClickMenu()]]>
              </value>
            </param>
          </params>
          <reporter-output>
          </reporter-output>
        </test-method> <!-- beforeMethod -->
        <test-method status="PASS" signature="ClickMenu()[pri:1, instance:common.RequestHistoryTest@20d3d15a]" name="ClickMenu" duration-ms="493" started-at="2022-04-12T12:39:21 EET" finished-at="2022-04-12T12:39:21 EET">
          <reporter-output>
          </reporter-output>
        </test-method> <!-- ClickMenu -->
        <test-method status="PASS" signature="afterMethod(java.lang.reflect.Method,org.testng.ITestResult)[pri:0, instance:common.RequestHistoryTest@20d3d15a]" name="afterMethod" is-config="true" duration-ms="3227" started-at="2022-04-12T12:39:21 EET" finished-at="2022-04-12T12:39:24 EET">
          <params>
            <param index="0">
              <value>
                <![CDATA[public void common.RequestHistoryTest.ClickMenu()]]>
              </value>
            </param>
            <param index="1">
              <value>
                <![CDATA[[TestResult name=ClickMenu status=SUCCESS method=RequestHistoryTest.ClickMenu()[pri:1, instance:common.RequestHistoryTest@20d3d15a] output={null}]]]>
              </value>
            </param>
          </params>
          <reporter-output>
          </reporter-output>
        </test-method> <!-- afterMethod -->
        <test-method status="PASS" signature="beforeMethod(java.lang.reflect.Method)[pri:0, instance:common.RequestHistoryTest@20d3d15a]" name="beforeMethod" is-config="true" duration-ms="3011" started-at="2022-04-12T12:39:24 EET" finished-at="2022-04-12T12:39:27 EET">
          <params>
            <param index="0">
              <value>
                <![CDATA[public void common.RequestHistoryTest.MenuRequestHistory()]]>
              </value>
            </param>
          </params>
          <reporter-output>
          </reporter-output>
        </test-method> <!-- beforeMethod -->
        <test-method status="PASS" signature="MenuRequestHistory()[pri:2, instance:common.RequestHistoryTest@20d3d15a]" name="MenuRequestHistory" duration-ms="92" started-at="2022-04-12T12:39:27 EET" finished-at="2022-04-12T12:39:27 EET">
          <reporter-output>
          </reporter-output>
        </test-method> <!-- MenuRequestHistory -->
        <test-method status="PASS" signature="afterMethod(java.lang.reflect.Method,org.testng.ITestResult)[pri:0, instance:common.RequestHistoryTest@20d3d15a]" name="afterMethod" is-config="true" duration-ms="3263" started-at="2022-04-12T12:39:27 EET" finished-at="2022-04-12T12:39:31 EET">
          <params>
            <param index="0">
              <value>
                <![CDATA[public void common.RequestHistoryTest.MenuRequestHistory()]]>
              </value>
            </param>
            <param index="1">
              <value>
                <![CDATA[[TestResult name=MenuRequestHistory status=SUCCESS method=RequestHistoryTest.MenuRequestHistory()[pri:2, instance:common.RequestHistoryTest@20d3d15a] output={null}]]]>
              </value>
            </param>
          </params>
          <reporter-output>
          </reporter-output>
        </test-method> <!-- afterMethod -->
        <test-method status="PASS" signature="beforeMethod(java.lang.reflect.Method)[pri:0, instance:common.RequestHistoryTest@20d3d15a]" name="beforeMethod" is-config="true" duration-ms="3006" started-at="2022-04-12T12:39:31 EET" finished-at="2022-04-12T12:39:34 EET">
          <params>
            <param index="0">
              <value>
                <![CDATA[public void common.RequestHistoryTest.ClickFristItemRequestHistory()]]>
              </value>
            </param>
          </params>
          <reporter-output>
          </reporter-output>
        </test-method> <!-- beforeMethod -->
        <test-method status="PASS" signature="ClickFristItemRequestHistory()[pri:5, instance:common.RequestHistoryTest@20d3d15a]" name="ClickFristItemRequestHistory" duration-ms="78" started-at="2022-04-12T12:39:34 EET" finished-at="2022-04-12T12:39:34 EET">
          <reporter-output>
          </reporter-output>
        </test-method> <!-- ClickFristItemRequestHistory -->
        <test-method status="PASS" signature="afterMethod(java.lang.reflect.Method,org.testng.ITestResult)[pri:0, instance:common.RequestHistoryTest@20d3d15a]" name="afterMethod" is-config="true" duration-ms="3256" started-at="2022-04-12T12:39:34 EET" finished-at="2022-04-12T12:39:37 EET">
          <params>
            <param index="0">
              <value>
                <![CDATA[public void common.RequestHistoryTest.ClickFristItemRequestHistory()]]>
              </value>
            </param>
            <param index="1">
              <value>
                <![CDATA[[TestResult name=ClickFristItemRequestHistory status=SUCCESS method=RequestHistoryTest.ClickFristItemRequestHistory()[pri:5, instance:common.RequestHistoryTest@20d3d15a] output={null}]]]>
              </value>
            </param>
          </params>
          <reporter-output>
          </reporter-output>
        </test-method> <!-- afterMethod -->
        <test-method status="PASS" signature="beforeMethod(java.lang.reflect.Method)[pri:0, instance:common.RequestHistoryTest@20d3d15a]" name="beforeMethod" is-config="true" duration-ms="3012" started-at="2022-04-12T12:39:37 EET" finished-at="2022-04-12T12:39:40 EET">
          <params>
            <param index="0">
              <value>
                <![CDATA[public void common.RequestHistoryTest.scrollitemetails()]]>
              </value>
            </param>
          </params>
          <reporter-output>
          </reporter-output>
        </test-method> <!-- beforeMethod -->
        <test-method status="PASS" signature="scrollitemetails()[pri:6, instance:common.RequestHistoryTest@20d3d15a]" name="scrollitemetails" duration-ms="401" started-at="2022-04-12T12:39:40 EET" finished-at="2022-04-12T12:39:40 EET">
          <reporter-output>
          </reporter-output>
        </test-method> <!-- scrollitemetails -->
        <test-method status="PASS" signature="afterMethod(java.lang.reflect.Method,org.testng.ITestResult)[pri:0, instance:common.RequestHistoryTest@20d3d15a]" name="afterMethod" is-config="true" duration-ms="3222" started-at="2022-04-12T12:39:40 EET" finished-at="2022-04-12T12:39:44 EET">
          <params>
            <param index="0">
              <value>
                <![CDATA[public void common.RequestHistoryTest.scrollitemetails()]]>
              </value>
            </param>
            <param index="1">
              <value>
                <![CDATA[[TestResult name=scrollitemetails status=SUCCESS method=RequestHistoryTest.scrollitemetails()[pri:6, instance:common.RequestHistoryTest@20d3d15a] output={null}]]]>
              </value>
            </param>
          </params>
          <reporter-output>
          </reporter-output>
        </test-method> <!-- afterMethod -->
        <test-method status="PASS" signature="beforeMethod(java.lang.reflect.Method)[pri:0, instance:common.RequestHistoryTest@20d3d15a]" name="beforeMethod" is-config="true" duration-ms="3011" started-at="2022-04-12T12:39:44 EET" finished-at="2022-04-12T12:39:47 EET">
          <params>
            <param index="0">
              <value>
                <![CDATA[public void common.RequestHistoryTest.callriver()]]>
              </value>
            </param>
          </params>
          <reporter-output>
          </reporter-output>
        </test-method> <!-- beforeMethod -->
        <test-method status="PASS" signature="callriver()[pri:7, instance:common.RequestHistoryTest@20d3d15a]" name="callriver" duration-ms="5826" started-at="2022-04-12T12:39:47 EET" finished-at="2022-04-12T12:39:53 EET">
          <reporter-output>
          </reporter-output>
        </test-method> <!-- callriver -->
        <test-method status="PASS" signature="afterMethod(java.lang.reflect.Method,org.testng.ITestResult)[pri:0, instance:common.RequestHistoryTest@20d3d15a]" name="afterMethod" is-config="true" duration-ms="3219" started-at="2022-04-12T12:39:53 EET" finished-at="2022-04-12T12:39:56 EET">
          <params>
            <param index="0">
              <value>
                <![CDATA[public void common.RequestHistoryTest.callriver()]]>
              </value>
            </param>
            <param index="1">
              <value>
                <![CDATA[[TestResult name=callriver status=SUCCESS method=RequestHistoryTest.callriver()[pri:7, instance:common.RequestHistoryTest@20d3d15a] output={null}]]]>
              </value>
            </param>
          </params>
          <reporter-output>
          </reporter-output>
        </test-method> <!-- afterMethod -->
      </class> <!-- common.RequestHistoryTest -->
      <class name="driverApi.API_Driver_savemissingfieldvalue_Test">
        <test-method status="PASS" signature="beforeMethod(java.lang.reflect.Method)[pri:0, instance:driverApi.API_Driver_savemissingfieldvalue_Test@25b485ba]" name="beforeMethod" is-config="true" duration-ms="3005" started-at="2022-04-12T12:37:30 EET" finished-at="2022-04-12T12:37:33 EET">
          <params>
            <param index="0">
              <value>
                <![CDATA[public void driverApi.API_Driver_savemissingfieldvalue_Test.savemissingfieldvalue(java.lang.String,java.lang.String,java.lang.String,java.lang.String,java.lang.String) throws java.io.IOException]]>
              </value>
            </param>
          </params>
          <reporter-output>
          </reporter-output>
        </test-method> <!-- beforeMethod -->
        <test-method status="PASS" signature="savemissingfieldvalue(java.lang.String,java.lang.String,java.lang.String,java.lang.String,java.lang.String)[pri:1, instance:driverApi.API_Driver_savemissingfieldvalue_Test@25b485ba]" name="savemissingfieldvalue" duration-ms="1270" started-at="2022-04-12T12:37:33 EET" data-provider="access_token" finished-at="2022-04-12T12:37:34 EET">
          <params>
            <param index="0">
              <value is-null="true"/>
            </param>
            <param index="1">
              <value>
                <![CDATA[1117777778]]>
              </value>
            </param>
            <param index="2">
              <value>
                <![CDATA[92279]]>
              </value>
            </param>
            <param index="3">
              <value>
                <![CDATA[518420]]>
              </value>
            </param>
            <param index="4">
              <value>
                <![CDATA[4912783842ea4b3d93d821b806e8f8f2]]>
              </value>
            </param>
          </params>
          <reporter-output>
          </reporter-output>
        </test-method> <!-- savemissingfieldvalue -->
        <test-method status="PASS" signature="afterMethod(java.lang.reflect.Method,org.testng.ITestResult)[pri:0, instance:driverApi.API_Driver_savemissingfieldvalue_Test@25b485ba]" name="afterMethod" is-config="true" duration-ms="3245" started-at="2022-04-12T12:37:34 EET" finished-at="2022-04-12T12:37:38 EET">
          <params>
            <param index="0">
              <value>
                <![CDATA[public void driverApi.API_Driver_savemissingfieldvalue_Test.savemissingfieldvalue(java.lang.String,java.lang.String,java.lang.String,java.lang.String,java.lang.String) throws java.io.IOException]]>
              </value>
            </param>
            <param index="1">
              <value>
                <![CDATA[[TestResult name=savemissingfieldvalue status=SUCCESS method=API_Driver_savemissingfieldvalue_Test.savemissingfieldvalue(java.lang.String,java.lang.String,java.lang.String,java.lang.String,java.lang.String)[pri:1, instance:driverApi.API_Driver_savemissingfieldvalue_Test@25b485ba] output={null}]]]>
              </value>
            </param>
          </params>
          <reporter-output>
          </reporter-output>
        </test-method> <!-- afterMethod -->
      </class> <!-- driverApi.API_Driver_savemissingfieldvalue_Test -->
      <class name="common.allowLocationPermissionTest">
        <test-method status="PASS" signature="beforeSuite()[pri:0, instance:common.allowLocationPermissionTest@123f1134]" name="beforeSuite" is-config="true" duration-ms="75" started-at="2022-04-12T12:21:26 EET" finished-at="2022-04-12T12:21:26 EET">
          <reporter-output>
          </reporter-output>
        </test-method> <!-- beforeSuite -->
        <test-method status="PASS" signature="beforeTest(java.lang.String,java.lang.String,java.lang.String,boolean,boolean)[pri:0, instance:common.allowLocationPermissionTest@123f1134]" name="beforeTest" is-config="true" duration-ms="9136" started-at="2022-04-12T12:34:09 EET" finished-at="2022-04-12T12:34:18 EET">
          <params>
            <param index="0">
              <value>
                <![CDATA[emulator-5554]]>
              </value>
            </param>
            <param index="1">
              <value>
                <![CDATA[Android]]>
              </value>
            </param>
            <param index="2">
              <value>
                <![CDATA[9]]>
              </value>
            </param>
            <param index="3">
              <value>
                <![CDATA[true]]>
              </value>
            </param>
            <param index="4">
              <value>
                <![CDATA[false]]>
              </value>
            </param>
          </params>
          <reporter-output>
          </reporter-output>
        </test-method> <!-- beforeTest -->
        <test-method status="PASS" signature="beforeMethod(java.lang.reflect.Method)[pri:0, instance:common.allowLocationPermissionTest@123f1134]" name="beforeMethod" is-config="true" duration-ms="3014" started-at="2022-04-12T12:34:18 EET" finished-at="2022-04-12T12:34:21 EET">
          <params>
            <param index="0">
              <value>
                <![CDATA[public void common.allowLocationPermissionTest.clcallowLocationPermissionTestikLogin()]]>
              </value>
            </param>
          </params>
          <reporter-output>
          </reporter-output>
        </test-method> <!-- beforeMethod -->
        <test-method status="PASS" signature="clcallowLocationPermissionTestikLogin()[pri:2, instance:common.allowLocationPermissionTest@123f1134]" name="clcallowLocationPermissionTestikLogin" duration-ms="1425" started-at="2022-04-12T12:34:21 EET" finished-at="2022-04-12T12:34:22 EET">
          <reporter-output>
          </reporter-output>
        </test-method> <!-- clcallowLocationPermissionTestikLogin -->
        <test-method status="PASS" signature="afterMethod(java.lang.reflect.Method,org.testng.ITestResult)[pri:0, instance:common.allowLocationPermissionTest@123f1134]" name="afterMethod" is-config="true" duration-ms="3301" started-at="2022-04-12T12:34:22 EET" finished-at="2022-04-12T12:34:26 EET">
          <params>
            <param index="0">
              <value>
                <![CDATA[public void common.allowLocationPermissionTest.clcallowLocationPermissionTestikLogin()]]>
              </value>
            </param>
            <param index="1">
              <value>
                <![CDATA[[TestResult name=clcallowLocationPermissionTestikLogin status=SUCCESS method=allowLocationPermissionTest.clcallowLocationPermissionTestikLogin()[pri:2, instance:common.allowLocationPermissionTest@123f1134] output={null}]]]>
              </value>
            </param>
          </params>
          <reporter-output>
          </reporter-output>
        </test-method> <!-- afterMethod -->
        <test-method status="PASS" signature="afterSuite()[pri:0, instance:common.allowLocationPermissionTest@123f1134]" name="afterSuite" is-config="true" duration-ms="194" started-at="2022-04-12T12:40:48 EET" finished-at="2022-04-12T12:40:48 EET">
          <reporter-output>
          </reporter-output>
        </test-method> <!-- afterSuite -->
      </class> <!-- common.allowLocationPermissionTest -->
      <class name="driverApi.API_Driver_Startjob_Test">
        <test-method status="PASS" signature="beforeMethod(java.lang.reflect.Method)[pri:0, instance:driverApi.API_Driver_Startjob_Test@1f1c7bf6]" name="beforeMethod" is-config="true" duration-ms="3005" started-at="2022-04-12T12:37:22 EET" finished-at="2022-04-12T12:37:25 EET">
          <params>
            <param index="0">
              <value>
                <![CDATA[public void driverApi.API_Driver_Startjob_Test.driverLogin(java.lang.String,java.lang.String,java.lang.String,java.lang.String) throws java.io.IOException]]>
              </value>
            </param>
          </params>
          <reporter-output>
          </reporter-output>
        </test-method> <!-- beforeMethod -->
        <test-method status="PASS" signature="driverLogin(java.lang.String,java.lang.String,java.lang.String,java.lang.String)[pri:1, instance:driverApi.API_Driver_Startjob_Test@1f1c7bf6]" name="driverLogin" duration-ms="1455" started-at="2022-04-12T12:37:25 EET" data-provider="driverdata" finished-at="2022-04-12T12:37:27 EET">
          <params>
            <param index="0">
              <value is-null="true"/>
            </param>
            <param index="1">
              <value>
                <![CDATA[1117777778]]>
              </value>
            </param>
            <param index="2">
              <value>
                <![CDATA[92279]]>
              </value>
            </param>
            <param index="3">
              <value>
                <![CDATA[518420]]>
              </value>
            </param>
          </params>
          <reporter-output>
          </reporter-output>
        </test-method> <!-- driverLogin -->
        <test-method status="PASS" signature="afterMethod(java.lang.reflect.Method,org.testng.ITestResult)[pri:0, instance:driverApi.API_Driver_Startjob_Test@1f1c7bf6]" name="afterMethod" is-config="true" duration-ms="3253" started-at="2022-04-12T12:37:27 EET" finished-at="2022-04-12T12:37:30 EET">
          <params>
            <param index="0">
              <value>
                <![CDATA[public void driverApi.API_Driver_Startjob_Test.driverLogin(java.lang.String,java.lang.String,java.lang.String,java.lang.String) throws java.io.IOException]]>
              </value>
            </param>
            <param index="1">
              <value>
                <![CDATA[[TestResult name=driverLogin status=SUCCESS method=API_Driver_Startjob_Test.driverLogin(java.lang.String,java.lang.String,java.lang.String,java.lang.String)[pri:1, instance:driverApi.API_Driver_Startjob_Test@1f1c7bf6] output={null}]]]>
              </value>
            </param>
          </params>
          <reporter-output>
          </reporter-output>
        </test-method> <!-- afterMethod -->
      </class> <!-- driverApi.API_Driver_Startjob_Test -->
    </test> <!-- towing -->
  </suite> <!-- Suite -->
</testng-results>
