<?xml version="1.0" encoding="UTF-8"?>
<testng-results skipped="0" failed="0" ignored="8" total="17" passed="9">
  <reporter-output>
  </reporter-output>
  <suite name="Suite" duration-ms="35203" started-at="2022-03-01T23:53:50 EET" finished-at="2022-03-01T23:54:26 EET">
    <groups>
    </groups>
    <test name="Test" duration-ms="35203" started-at="2022-03-01T23:53:50 EET" finished-at="2022-03-01T23:54:26 EET">
      <class name="com.ERA.testcases.ClickloginbuttonfromHomescreenTest">
        <test-method status="PASS" signature="beforeMethod(java.lang.reflect.Method)[pri:0, instance:com.ERA.testcases.ClickloginbuttonfromHomescreenTest@6a472554]" name="beforeMethod" is-config="true" duration-ms="1" started-at="2022-03-01T23:54:08 EET" finished-at="2022-03-01T23:54:08 EET">
          <params>
            <param index="0">
              <value>
                <![CDATA[public void com.ERA.testcases.ClickloginbuttonfromHomescreenTest.clcikLogin()]]>
              </value>
            </param>
          </params>
          <reporter-output>
          </reporter-output>
        </test-method> <!-- beforeMethod -->
        <test-method status="PASS" signature="clcikLogin()[pri:3, instance:com.ERA.testcases.ClickloginbuttonfromHomescreenTest@6a472554]" name="clcikLogin" duration-ms="2324" started-at="2022-03-01T23:54:08 EET" finished-at="2022-03-01T23:54:10 EET">
          <reporter-output>
          </reporter-output>
        </test-method> <!-- clcikLogin -->
        <test-method status="PASS" signature="afterMethod(java.lang.reflect.Method,org.testng.ITestResult)[pri:0, instance:com.ERA.testcases.ClickloginbuttonfromHomescreenTest@6a472554]" name="afterMethod" is-config="true" duration-ms="465" started-at="2022-03-01T23:54:10 EET" finished-at="2022-03-01T23:54:11 EET">
          <params>
            <param index="0">
              <value>
                <![CDATA[public void com.ERA.testcases.ClickloginbuttonfromHomescreenTest.clcikLogin()]]>
              </value>
            </param>
            <param index="1">
              <value>
                <![CDATA[[TestResult name=clcikLogin status=SUCCESS method=ClickloginbuttonfromHomescreenTest.clcikLogin()[pri:3, instance:com.ERA.testcases.ClickloginbuttonfromHomescreenTest@6a472554] output={null}]]]>
              </value>
            </param>
          </params>
          <reporter-output>
          </reporter-output>
        </test-method> <!-- afterMethod -->
        <test-method status="PASS" signature="beforeMethod(java.lang.reflect.Method)[pri:0, instance:com.ERA.testcases.ClickloginbuttonfromHomescreenTest@6a472554]" name="beforeMethod" is-config="true" duration-ms="1" started-at="2022-03-01T23:54:11 EET" finished-at="2022-03-01T23:54:11 EET">
          <params>
            <param index="0">
              <value>
                <![CDATA[public void com.ERA.testcases.ClickloginbuttonfromHomescreenTest.SelectCountyCode()]]>
              </value>
            </param>
          </params>
          <reporter-output>
          </reporter-output>
        </test-method> <!-- beforeMethod -->
        <test-method status="PASS" signature="SelectCountyCode()[pri:4, instance:com.ERA.testcases.ClickloginbuttonfromHomescreenTest@6a472554]" name="SelectCountyCode" duration-ms="1290" started-at="2022-03-01T23:54:11 EET" finished-at="2022-03-01T23:54:12 EET">
          <reporter-output>
          </reporter-output>
        </test-method> <!-- SelectCountyCode -->
        <test-method status="PASS" signature="afterMethod(java.lang.reflect.Method,org.testng.ITestResult)[pri:0, instance:com.ERA.testcases.ClickloginbuttonfromHomescreenTest@6a472554]" name="afterMethod" is-config="true" duration-ms="596" started-at="2022-03-01T23:54:12 EET" finished-at="2022-03-01T23:54:13 EET">
          <params>
            <param index="0">
              <value>
                <![CDATA[public void com.ERA.testcases.ClickloginbuttonfromHomescreenTest.SelectCountyCode()]]>
              </value>
            </param>
            <param index="1">
              <value>
                <![CDATA[[TestResult name=SelectCountyCode status=SUCCESS method=ClickloginbuttonfromHomescreenTest.SelectCountyCode()[pri:4, instance:com.ERA.testcases.ClickloginbuttonfromHomescreenTest@6a472554] output={null}]]]>
              </value>
            </param>
          </params>
          <reporter-output>
          </reporter-output>
        </test-method> <!-- afterMethod -->
        <test-method status="PASS" signature="Searchforcounrty()[pri:5, instance:com.ERA.testcases.ClickloginbuttonfromHomescreenTest@6a472554]" name="Searchforcounrty" duration-ms="929" started-at="2022-03-01T23:54:13 EET" finished-at="2022-03-01T23:54:14 EET">
          <reporter-output>
          </reporter-output>
        </test-method> <!-- Searchforcounrty -->
        <test-method status="PASS" signature="beforeMethod(java.lang.reflect.Method)[pri:0, instance:com.ERA.testcases.ClickloginbuttonfromHomescreenTest@6a472554]" name="beforeMethod" is-config="true" duration-ms="0" started-at="2022-03-01T23:54:13 EET" finished-at="2022-03-01T23:54:13 EET">
          <params>
            <param index="0">
              <value>
                <![CDATA[public void com.ERA.testcases.ClickloginbuttonfromHomescreenTest.Searchforcounrty()]]>
              </value>
            </param>
          </params>
          <reporter-output>
          </reporter-output>
        </test-method> <!-- beforeMethod -->
        <test-method status="PASS" signature="afterMethod(java.lang.reflect.Method,org.testng.ITestResult)[pri:0, instance:com.ERA.testcases.ClickloginbuttonfromHomescreenTest@6a472554]" name="afterMethod" is-config="true" duration-ms="397" started-at="2022-03-01T23:54:14 EET" finished-at="2022-03-01T23:54:14 EET">
          <params>
            <param index="0">
              <value>
                <![CDATA[public void com.ERA.testcases.ClickloginbuttonfromHomescreenTest.Searchforcounrty()]]>
              </value>
            </param>
            <param index="1">
              <value>
                <![CDATA[[TestResult name=Searchforcounrty status=SUCCESS method=ClickloginbuttonfromHomescreenTest.Searchforcounrty()[pri:5, instance:com.ERA.testcases.ClickloginbuttonfromHomescreenTest@6a472554] output={null}]]]>
              </value>
            </param>
          </params>
          <reporter-output>
          </reporter-output>
        </test-method> <!-- afterMethod -->
        <test-method status="PASS" signature="beforeMethod(java.lang.reflect.Method)[pri:0, instance:com.ERA.testcases.ClickloginbuttonfromHomescreenTest@6a472554]" name="beforeMethod" is-config="true" duration-ms="1" started-at="2022-03-01T23:54:14 EET" finished-at="2022-03-01T23:54:14 EET">
          <params>
            <param index="0">
              <value>
                <![CDATA[public void com.ERA.testcases.ClickloginbuttonfromHomescreenTest.SelectEgypt()]]>
              </value>
            </param>
          </params>
          <reporter-output>
          </reporter-output>
        </test-method> <!-- beforeMethod -->
        <test-method status="PASS" signature="SelectEgypt()[pri:6, instance:com.ERA.testcases.ClickloginbuttonfromHomescreenTest@6a472554]" name="SelectEgypt" duration-ms="408" started-at="2022-03-01T23:54:14 EET" finished-at="2022-03-01T23:54:15 EET">
          <reporter-output>
          </reporter-output>
        </test-method> <!-- SelectEgypt -->
        <test-method status="PASS" signature="afterMethod(java.lang.reflect.Method,org.testng.ITestResult)[pri:0, instance:com.ERA.testcases.ClickloginbuttonfromHomescreenTest@6a472554]" name="afterMethod" is-config="true" duration-ms="498" started-at="2022-03-01T23:54:15 EET" finished-at="2022-03-01T23:54:15 EET">
          <params>
            <param index="0">
              <value>
                <![CDATA[public void com.ERA.testcases.ClickloginbuttonfromHomescreenTest.SelectEgypt()]]>
              </value>
            </param>
            <param index="1">
              <value>
                <![CDATA[[TestResult name=SelectEgypt status=SUCCESS method=ClickloginbuttonfromHomescreenTest.SelectEgypt()[pri:6, instance:com.ERA.testcases.ClickloginbuttonfromHomescreenTest@6a472554] output={null}]]]>
              </value>
            </param>
          </params>
          <reporter-output>
          </reporter-output>
        </test-method> <!-- afterMethod -->
        <test-method status="PASS" signature="beforeMethod(java.lang.reflect.Method)[pri:0, instance:com.ERA.testcases.ClickloginbuttonfromHomescreenTest@6a472554]" name="beforeMethod" is-config="true" duration-ms="0" started-at="2022-03-01T23:54:15 EET" finished-at="2022-03-01T23:54:15 EET">
          <params>
            <param index="0">
              <value>
                <![CDATA[public void com.ERA.testcases.ClickloginbuttonfromHomescreenTest.addMobileNumber(java.lang.String,java.lang.String)]]>
              </value>
            </param>
          </params>
          <reporter-output>
          </reporter-output>
        </test-method> <!-- beforeMethod -->
        <test-method status="PASS" signature="addMobileNumber(java.lang.String,java.lang.String)[pri:7, instance:com.ERA.testcases.ClickloginbuttonfromHomescreenTest@6a472554]" name="addMobileNumber" duration-ms="710" started-at="2022-03-01T23:54:15 EET" data-provider="loginUsers" finished-at="2022-03-01T23:54:16 EET">
          <params>
            <param index="0">
              <value>
                <![CDATA[Amira]]>
              </value>
            </param>
            <param index="1">
              <value>
                <![CDATA[1021132355]]>
              </value>
            </param>
          </params>
          <reporter-output>
          </reporter-output>
        </test-method> <!-- addMobileNumber -->
        <test-method status="PASS" signature="afterMethod(java.lang.reflect.Method,org.testng.ITestResult)[pri:0, instance:com.ERA.testcases.ClickloginbuttonfromHomescreenTest@6a472554]" name="afterMethod" is-config="true" duration-ms="358" started-at="2022-03-01T23:54:16 EET" finished-at="2022-03-01T23:54:16 EET">
          <params>
            <param index="0">
              <value>
                <![CDATA[public void com.ERA.testcases.ClickloginbuttonfromHomescreenTest.addMobileNumber(java.lang.String,java.lang.String)]]>
              </value>
            </param>
            <param index="1">
              <value>
                <![CDATA[[TestResult name=addMobileNumber status=SUCCESS method=ClickloginbuttonfromHomescreenTest.addMobileNumber(java.lang.String,java.lang.String)[pri:7, instance:com.ERA.testcases.ClickloginbuttonfromHomescreenTest@6a472554] output={null}]]]>
              </value>
            </param>
          </params>
          <reporter-output>
          </reporter-output>
        </test-method> <!-- afterMethod -->
        <test-method status="PASS" signature="beforeMethod(java.lang.reflect.Method)[pri:0, instance:com.ERA.testcases.ClickloginbuttonfromHomescreenTest@6a472554]" name="beforeMethod" is-config="true" duration-ms="0" started-at="2022-03-01T23:54:16 EET" finished-at="2022-03-01T23:54:16 EET">
          <params>
            <param index="0">
              <value>
                <![CDATA[public void com.ERA.testcases.ClickloginbuttonfromHomescreenTest.clickContinue()]]>
              </value>
            </param>
          </params>
          <reporter-output>
          </reporter-output>
        </test-method> <!-- beforeMethod -->
        <test-method status="PASS" signature="clickContinue()[pri:8, instance:com.ERA.testcases.ClickloginbuttonfromHomescreenTest@6a472554]" name="clickContinue" duration-ms="198" started-at="2022-03-01T23:54:16 EET" finished-at="2022-03-01T23:54:17 EET">
          <reporter-output>
          </reporter-output>
        </test-method> <!-- clickContinue -->
        <test-method status="PASS" signature="afterMethod(java.lang.reflect.Method,org.testng.ITestResult)[pri:0, instance:com.ERA.testcases.ClickloginbuttonfromHomescreenTest@6a472554]" name="afterMethod" is-config="true" duration-ms="351" started-at="2022-03-01T23:54:17 EET" finished-at="2022-03-01T23:54:17 EET">
          <params>
            <param index="0">
              <value>
                <![CDATA[public void com.ERA.testcases.ClickloginbuttonfromHomescreenTest.clickContinue()]]>
              </value>
            </param>
            <param index="1">
              <value>
                <![CDATA[[TestResult name=clickContinue status=SUCCESS method=ClickloginbuttonfromHomescreenTest.clickContinue()[pri:8, instance:com.ERA.testcases.ClickloginbuttonfromHomescreenTest@6a472554] output={null}]]]>
              </value>
            </param>
          </params>
          <reporter-output>
          </reporter-output>
        </test-method> <!-- afterMethod -->
        <test-method status="PASS" signature="beforeMethod(java.lang.reflect.Method)[pri:0, instance:com.ERA.testcases.ClickloginbuttonfromHomescreenTest@6a472554]" name="beforeMethod" is-config="true" duration-ms="1" started-at="2022-03-01T23:54:17 EET" finished-at="2022-03-01T23:54:17 EET">
          <params>
            <param index="0">
              <value>
                <![CDATA[public void com.ERA.testcases.ClickloginbuttonfromHomescreenTest.getotp(java.lang.String,java.lang.String)]]>
              </value>
            </param>
          </params>
          <reporter-output>
          </reporter-output>
        </test-method> <!-- beforeMethod -->
        <test-method status="PASS" signature="getotp(java.lang.String,java.lang.String)[pri:9, instance:com.ERA.testcases.ClickloginbuttonfromHomescreenTest@6a472554]" name="getotp" duration-ms="7903" started-at="2022-03-01T23:54:17 EET" data-provider="loginUsers" finished-at="2022-03-01T23:54:25 EET">
          <params>
            <param index="0">
              <value>
                <![CDATA[Amira]]>
              </value>
            </param>
            <param index="1">
              <value>
                <![CDATA[1021132355]]>
              </value>
            </param>
          </params>
          <reporter-output>
          </reporter-output>
        </test-method> <!-- getotp -->
        <test-method status="PASS" signature="afterMethod(java.lang.reflect.Method,org.testng.ITestResult)[pri:0, instance:com.ERA.testcases.ClickloginbuttonfromHomescreenTest@6a472554]" name="afterMethod" is-config="true" duration-ms="576" started-at="2022-03-01T23:54:25 EET" finished-at="2022-03-01T23:54:26 EET">
          <params>
            <param index="0">
              <value>
                <![CDATA[public void com.ERA.testcases.ClickloginbuttonfromHomescreenTest.getotp(java.lang.String,java.lang.String)]]>
              </value>
            </param>
            <param index="1">
              <value>
                <![CDATA[[TestResult name=getotp status=SUCCESS method=ClickloginbuttonfromHomescreenTest.getotp(java.lang.String,java.lang.String)[pri:9, instance:com.ERA.testcases.ClickloginbuttonfromHomescreenTest@6a472554] output={null}]]]>
              </value>
            </param>
          </params>
          <reporter-output>
          </reporter-output>
        </test-method> <!-- afterMethod -->
      </class> <!-- com.ERA.testcases.ClickloginbuttonfromHomescreenTest -->
      <class name="com.ERA.testcases.SkipupdateTest">
        <test-method status="PASS" signature="beforeSuite()[pri:0, instance:com.ERA.testcases.SkipupdateTest@58fdd99]" name="beforeSuite" is-config="true" duration-ms="81" started-at="2022-03-01T23:53:50 EET" finished-at="2022-03-01T23:53:50 EET">
          <reporter-output>
          </reporter-output>
        </test-method> <!-- beforeSuite -->
        <test-method status="PASS" signature="beforeTest(java.lang.String,java.lang.String,java.lang.String,boolean,boolean)[pri:0, instance:com.ERA.testcases.SkipupdateTest@58fdd99]" name="beforeTest" is-config="true" duration-ms="9322" started-at="2022-03-01T23:53:50 EET" finished-at="2022-03-01T23:54:00 EET">
          <params>
            <param index="0">
              <value>
                <![CDATA[emulator-5554]]>
              </value>
            </param>
            <param index="1">
              <value>
                <![CDATA[Android]]>
              </value>
            </param>
            <param index="2">
              <value>
                <![CDATA[9]]>
              </value>
            </param>
            <param index="3">
              <value>
                <![CDATA[true]]>
              </value>
            </param>
            <param index="4">
              <value>
                <![CDATA[true]]>
              </value>
            </param>
          </params>
          <reporter-output>
          </reporter-output>
        </test-method> <!-- beforeTest -->
        <test-method status="PASS" signature="beforeMethod(java.lang.reflect.Method)[pri:0, instance:com.ERA.testcases.SkipupdateTest@58fdd99]" name="beforeMethod" is-config="true" duration-ms="4" started-at="2022-03-01T23:54:00 EET" finished-at="2022-03-01T23:54:00 EET">
          <params>
            <param index="0">
              <value>
                <![CDATA[public void com.ERA.testcases.SkipupdateTest.clickSkip()]]>
              </value>
            </param>
          </params>
          <reporter-output>
          </reporter-output>
        </test-method> <!-- beforeMethod -->
        <test-method status="PASS" signature="clickSkip()[pri:1, instance:com.ERA.testcases.SkipupdateTest@58fdd99]" name="clickSkip" duration-ms="2679" started-at="2022-03-01T23:54:00 EET" finished-at="2022-03-01T23:54:02 EET">
          <reporter-output>
          </reporter-output>
        </test-method> <!-- clickSkip -->
        <test-method status="PASS" signature="afterMethod(java.lang.reflect.Method,org.testng.ITestResult)[pri:0, instance:com.ERA.testcases.SkipupdateTest@58fdd99]" name="afterMethod" is-config="true" duration-ms="602" started-at="2022-03-01T23:54:02 EET" finished-at="2022-03-01T23:54:03 EET">
          <params>
            <param index="0">
              <value>
                <![CDATA[public void com.ERA.testcases.SkipupdateTest.clickSkip()]]>
              </value>
            </param>
            <param index="1">
              <value>
                <![CDATA[[TestResult name=clickSkip status=SUCCESS method=SkipupdateTest.clickSkip()[pri:1, instance:com.ERA.testcases.SkipupdateTest@58fdd99] output={null}]]]>
              </value>
            </param>
          </params>
          <reporter-output>
          </reporter-output>
        </test-method> <!-- afterMethod -->
        <test-method status="PASS" signature="afterClass()[pri:0, instance:com.ERA.testcases.SkipupdateTest@58fdd99]" name="afterClass" is-config="true" duration-ms="0" started-at="2022-03-01T23:54:26 EET" finished-at="2022-03-01T23:54:26 EET">
          <reporter-output>
          </reporter-output>
        </test-method> <!-- afterClass -->
        <test-method status="PASS" signature="afterSuite()[pri:0, instance:com.ERA.testcases.SkipupdateTest@58fdd99]" name="afterSuite" is-config="true" duration-ms="196" started-at="2022-03-01T23:54:26 EET" finished-at="2022-03-01T23:54:26 EET">
          <reporter-output>
          </reporter-output>
        </test-method> <!-- afterSuite -->
      </class> <!-- com.ERA.testcases.SkipupdateTest -->
      <class name="com.ERA.testcases.allowLocationPermissionTest">
        <test-method status="PASS" signature="beforeMethod(java.lang.reflect.Method)[pri:0, instance:com.ERA.testcases.allowLocationPermissionTest@709ba3fb]" name="beforeMethod" is-config="true" duration-ms="1" started-at="2022-03-01T23:54:03 EET" finished-at="2022-03-01T23:54:03 EET">
          <params>
            <param index="0">
              <value>
                <![CDATA[public void com.ERA.testcases.allowLocationPermissionTest.clcallowLocationPermissionTestikLogin()]]>
              </value>
            </param>
          </params>
          <reporter-output>
          </reporter-output>
        </test-method> <!-- beforeMethod -->
        <test-method status="PASS" signature="clcallowLocationPermissionTestikLogin()[pri:2, instance:com.ERA.testcases.allowLocationPermissionTest@709ba3fb]" name="clcallowLocationPermissionTestikLogin" duration-ms="4650" started-at="2022-03-01T23:54:03 EET" finished-at="2022-03-01T23:54:08 EET">
          <reporter-output>
          </reporter-output>
        </test-method> <!-- clcallowLocationPermissionTestikLogin -->
        <test-method status="PASS" signature="afterMethod(java.lang.reflect.Method,org.testng.ITestResult)[pri:0, instance:com.ERA.testcases.allowLocationPermissionTest@709ba3fb]" name="afterMethod" is-config="true" duration-ms="569" started-at="2022-03-01T23:54:08 EET" finished-at="2022-03-01T23:54:08 EET">
          <params>
            <param index="0">
              <value>
                <![CDATA[public void com.ERA.testcases.allowLocationPermissionTest.clcallowLocationPermissionTestikLogin()]]>
              </value>
            </param>
            <param index="1">
              <value>
                <![CDATA[[TestResult name=clcallowLocationPermissionTestikLogin status=SUCCESS method=allowLocationPermissionTest.clcallowLocationPermissionTestikLogin()[pri:2, instance:com.ERA.testcases.allowLocationPermissionTest@709ba3fb] output={null}]]]>
              </value>
            </param>
          </params>
          <reporter-output>
          </reporter-output>
        </test-method> <!-- afterMethod -->
      </class> <!-- com.ERA.testcases.allowLocationPermissionTest -->
    </test> <!-- Test -->
  </suite> <!-- Suite -->
</testng-results>
