<?xml version="1.0" encoding="UTF-8"?>
<testng-results skipped="0" failed="0" ignored="40" total="124" passed="84">
  <reporter-output>
  </reporter-output>
  <suite name="Suite" duration-ms="560009" started-at="2022-03-22T11:12:28 EET" finished-at="2022-03-22T11:21:48 EET">
    <groups>
    </groups>
    <test name="Test" duration-ms="560009" started-at="2022-03-22T11:12:28 EET" finished-at="2022-03-22T11:21:48 EET">
      <class name="com.ERA.testcases.addNormalBatteryRequestTest">
        <test-method status="PASS" signature="beforeMethod(java.lang.reflect.Method)[pri:0, instance:com.ERA.testcases.addNormalBatteryRequestTest@58134517]" name="beforeMethod" is-config="true" duration-ms="5000" started-at="2022-03-22T11:21:08 EET" finished-at="2022-03-22T11:21:13 EET">
          <params>
            <param index="0">
              <value>
                <![CDATA[public void com.ERA.testcases.addNormalBatteryRequestTest.MoveMap()]]>
              </value>
            </param>
          </params>
          <reporter-output>
          </reporter-output>
        </test-method> <!-- beforeMethod -->
        <test-method status="PASS" signature="MoveMap()[pri:29, instance:com.ERA.testcases.addNormalBatteryRequestTest@58134517]" name="MoveMap" duration-ms="778" started-at="2022-03-22T11:21:13 EET" finished-at="2022-03-22T11:21:14 EET">
          <reporter-output>
          </reporter-output>
        </test-method> <!-- MoveMap -->
        <test-method status="PASS" signature="afterMethod(java.lang.reflect.Method,org.testng.ITestResult)[pri:0, instance:com.ERA.testcases.addNormalBatteryRequestTest@58134517]" name="afterMethod" is-config="true" duration-ms="316" started-at="2022-03-22T11:21:14 EET" finished-at="2022-03-22T11:21:14 EET">
          <params>
            <param index="0">
              <value>
                <![CDATA[public void com.ERA.testcases.addNormalBatteryRequestTest.MoveMap()]]>
              </value>
            </param>
            <param index="1">
              <value>
                <![CDATA[[TestResult name=MoveMap status=SUCCESS method=addNormalBatteryRequestTest.MoveMap()[pri:29, instance:com.ERA.testcases.addNormalBatteryRequestTest@58134517] output={null}]]]>
              </value>
            </param>
          </params>
          <reporter-output>
          </reporter-output>
        </test-method> <!-- afterMethod -->
        <test-method status="PASS" signature="beforeMethod(java.lang.reflect.Method)[pri:0, instance:com.ERA.testcases.addNormalBatteryRequestTest@58134517]" name="beforeMethod" is-config="true" duration-ms="5008" started-at="2022-03-22T11:21:14 EET" finished-at="2022-03-22T11:21:19 EET">
          <params>
            <param index="0">
              <value>
                <![CDATA[public void com.ERA.testcases.addNormalBatteryRequestTest.DragServiceSheet()]]>
              </value>
            </param>
          </params>
          <reporter-output>
          </reporter-output>
        </test-method> <!-- beforeMethod -->
        <test-method status="PASS" signature="DragServiceSheet()[pri:30, instance:com.ERA.testcases.addNormalBatteryRequestTest@58134517]" name="DragServiceSheet" duration-ms="640" started-at="2022-03-22T11:21:19 EET" finished-at="2022-03-22T11:21:20 EET">
          <reporter-output>
          </reporter-output>
        </test-method> <!-- DragServiceSheet -->
        <test-method status="PASS" signature="afterMethod(java.lang.reflect.Method,org.testng.ITestResult)[pri:0, instance:com.ERA.testcases.addNormalBatteryRequestTest@58134517]" name="afterMethod" is-config="true" duration-ms="355" started-at="2022-03-22T11:21:20 EET" finished-at="2022-03-22T11:21:20 EET">
          <params>
            <param index="0">
              <value>
                <![CDATA[public void com.ERA.testcases.addNormalBatteryRequestTest.DragServiceSheet()]]>
              </value>
            </param>
            <param index="1">
              <value>
                <![CDATA[[TestResult name=DragServiceSheet status=SUCCESS method=addNormalBatteryRequestTest.DragServiceSheet()[pri:30, instance:com.ERA.testcases.addNormalBatteryRequestTest@58134517] output={null}]]]>
              </value>
            </param>
          </params>
          <reporter-output>
          </reporter-output>
        </test-method> <!-- afterMethod -->
        <test-method status="PASS" signature="beforeMethod(java.lang.reflect.Method)[pri:0, instance:com.ERA.testcases.addNormalBatteryRequestTest@58134517]" name="beforeMethod" is-config="true" duration-ms="5007" started-at="2022-03-22T11:21:20 EET" finished-at="2022-03-22T11:21:25 EET">
          <params>
            <param index="0">
              <value>
                <![CDATA[public void com.ERA.testcases.addNormalBatteryRequestTest.SelectBattery()]]>
              </value>
            </param>
          </params>
          <reporter-output>
          </reporter-output>
        </test-method> <!-- beforeMethod -->
        <test-method status="PASS" signature="SelectBattery()[pri:31, instance:com.ERA.testcases.addNormalBatteryRequestTest@58134517]" name="SelectBattery" duration-ms="352" started-at="2022-03-22T11:21:25 EET" finished-at="2022-03-22T11:21:26 EET">
          <reporter-output>
          </reporter-output>
        </test-method> <!-- SelectBattery -->
        <test-method status="PASS" signature="afterMethod(java.lang.reflect.Method,org.testng.ITestResult)[pri:0, instance:com.ERA.testcases.addNormalBatteryRequestTest@58134517]" name="afterMethod" is-config="true" duration-ms="297" started-at="2022-03-22T11:21:26 EET" finished-at="2022-03-22T11:21:26 EET">
          <params>
            <param index="0">
              <value>
                <![CDATA[public void com.ERA.testcases.addNormalBatteryRequestTest.SelectBattery()]]>
              </value>
            </param>
            <param index="1">
              <value>
                <![CDATA[[TestResult name=SelectBattery status=SUCCESS method=addNormalBatteryRequestTest.SelectBattery()[pri:31, instance:com.ERA.testcases.addNormalBatteryRequestTest@58134517] output={null}]]]>
              </value>
            </param>
          </params>
          <reporter-output>
          </reporter-output>
        </test-method> <!-- afterMethod -->
        <test-method status="PASS" signature="beforeMethod(java.lang.reflect.Method)[pri:0, instance:com.ERA.testcases.addNormalBatteryRequestTest@58134517]" name="beforeMethod" is-config="true" duration-ms="5015" started-at="2022-03-22T11:21:26 EET" finished-at="2022-03-22T11:21:31 EET">
          <params>
            <param index="0">
              <value>
                <![CDATA[public void com.ERA.testcases.addNormalBatteryRequestTest.ConfirmSummery()]]>
              </value>
            </param>
          </params>
          <reporter-output>
          </reporter-output>
        </test-method> <!-- beforeMethod -->
        <test-method status="PASS" signature="ConfirmSummery()[pri:32, instance:com.ERA.testcases.addNormalBatteryRequestTest@58134517]" name="ConfirmSummery" duration-ms="80" started-at="2022-03-22T11:21:31 EET" finished-at="2022-03-22T11:21:31 EET">
          <reporter-output>
          </reporter-output>
        </test-method> <!-- ConfirmSummery -->
        <test-method status="PASS" signature="afterMethod(java.lang.reflect.Method,org.testng.ITestResult)[pri:0, instance:com.ERA.testcases.addNormalBatteryRequestTest@58134517]" name="afterMethod" is-config="true" duration-ms="336" started-at="2022-03-22T11:21:31 EET" finished-at="2022-03-22T11:21:32 EET">
          <params>
            <param index="0">
              <value>
                <![CDATA[public void com.ERA.testcases.addNormalBatteryRequestTest.ConfirmSummery()]]>
              </value>
            </param>
            <param index="1">
              <value>
                <![CDATA[[TestResult name=ConfirmSummery status=SUCCESS method=addNormalBatteryRequestTest.ConfirmSummery()[pri:32, instance:com.ERA.testcases.addNormalBatteryRequestTest@58134517] output={null}]]]>
              </value>
            </param>
          </params>
          <reporter-output>
          </reporter-output>
        </test-method> <!-- afterMethod -->
        <test-method status="PASS" signature="beforeMethod(java.lang.reflect.Method)[pri:0, instance:com.ERA.testcases.addNormalBatteryRequestTest@58134517]" name="beforeMethod" is-config="true" duration-ms="5012" started-at="2022-03-22T11:21:32 EET" finished-at="2022-03-22T11:21:37 EET">
          <params>
            <param index="0">
              <value>
                <![CDATA[public void com.ERA.testcases.addNormalBatteryRequestTest.ConfirmBaymnet()]]>
              </value>
            </param>
          </params>
          <reporter-output>
          </reporter-output>
        </test-method> <!-- beforeMethod -->
        <test-method status="PASS" signature="ConfirmBaymnet()[pri:33, instance:com.ERA.testcases.addNormalBatteryRequestTest@58134517]" name="ConfirmBaymnet" duration-ms="277" started-at="2022-03-22T11:21:37 EET" finished-at="2022-03-22T11:21:37 EET">
          <reporter-output>
          </reporter-output>
        </test-method> <!-- ConfirmBaymnet -->
        <test-method status="PASS" signature="afterMethod(java.lang.reflect.Method,org.testng.ITestResult)[pri:0, instance:com.ERA.testcases.addNormalBatteryRequestTest@58134517]" name="afterMethod" is-config="true" duration-ms="346" started-at="2022-03-22T11:21:37 EET" finished-at="2022-03-22T11:21:37 EET">
          <params>
            <param index="0">
              <value>
                <![CDATA[public void com.ERA.testcases.addNormalBatteryRequestTest.ConfirmBaymnet()]]>
              </value>
            </param>
            <param index="1">
              <value>
                <![CDATA[[TestResult name=ConfirmBaymnet status=SUCCESS method=addNormalBatteryRequestTest.ConfirmBaymnet()[pri:33, instance:com.ERA.testcases.addNormalBatteryRequestTest@58134517] output={null}]]]>
              </value>
            </param>
          </params>
          <reporter-output>
          </reporter-output>
        </test-method> <!-- afterMethod -->
        <test-method status="PASS" signature="beforeMethod(java.lang.reflect.Method)[pri:0, instance:com.ERA.testcases.addNormalBatteryRequestTest@58134517]" name="beforeMethod" is-config="true" duration-ms="5014" started-at="2022-03-22T11:21:37 EET" finished-at="2022-03-22T11:21:42 EET">
          <params>
            <param index="0">
              <value>
                <![CDATA[public void com.ERA.testcases.addNormalBatteryRequestTest.CancelLink()]]>
              </value>
            </param>
          </params>
          <reporter-output>
          </reporter-output>
        </test-method> <!-- beforeMethod -->
        <test-method status="PASS" signature="CancelLink()[pri:34, instance:com.ERA.testcases.addNormalBatteryRequestTest@58134517]" name="CancelLink" duration-ms="112" started-at="2022-03-22T11:21:42 EET" finished-at="2022-03-22T11:21:42 EET">
          <reporter-output>
          </reporter-output>
        </test-method> <!-- CancelLink -->
        <test-method status="PASS" signature="afterMethod(java.lang.reflect.Method,org.testng.ITestResult)[pri:0, instance:com.ERA.testcases.addNormalBatteryRequestTest@58134517]" name="afterMethod" is-config="true" duration-ms="300" started-at="2022-03-22T11:21:42 EET" finished-at="2022-03-22T11:21:43 EET">
          <params>
            <param index="0">
              <value>
                <![CDATA[public void com.ERA.testcases.addNormalBatteryRequestTest.CancelLink()]]>
              </value>
            </param>
            <param index="1">
              <value>
                <![CDATA[[TestResult name=CancelLink status=SUCCESS method=addNormalBatteryRequestTest.CancelLink()[pri:34, instance:com.ERA.testcases.addNormalBatteryRequestTest@58134517] output={null}]]]>
              </value>
            </param>
          </params>
          <reporter-output>
          </reporter-output>
        </test-method> <!-- afterMethod -->
        <test-method status="PASS" signature="beforeMethod(java.lang.reflect.Method)[pri:0, instance:com.ERA.testcases.addNormalBatteryRequestTest@58134517]" name="beforeMethod" is-config="true" duration-ms="5002" started-at="2022-03-22T11:21:43 EET" finished-at="2022-03-22T11:21:48 EET">
          <params>
            <param index="0">
              <value>
                <![CDATA[public void com.ERA.testcases.addNormalBatteryRequestTest.CancelBn()]]>
              </value>
            </param>
          </params>
          <reporter-output>
          </reporter-output>
        </test-method> <!-- beforeMethod -->
        <test-method status="PASS" signature="CancelBn()[pri:35, instance:com.ERA.testcases.addNormalBatteryRequestTest@58134517]" name="CancelBn" duration-ms="148" started-at="2022-03-22T11:21:48 EET" finished-at="2022-03-22T11:21:48 EET">
          <reporter-output>
          </reporter-output>
        </test-method> <!-- CancelBn -->
        <test-method status="PASS" signature="afterMethod(java.lang.reflect.Method,org.testng.ITestResult)[pri:0, instance:com.ERA.testcases.addNormalBatteryRequestTest@58134517]" name="afterMethod" is-config="true" duration-ms="235" started-at="2022-03-22T11:21:48 EET" finished-at="2022-03-22T11:21:48 EET">
          <params>
            <param index="0">
              <value>
                <![CDATA[public void com.ERA.testcases.addNormalBatteryRequestTest.CancelBn()]]>
              </value>
            </param>
            <param index="1">
              <value>
                <![CDATA[[TestResult name=CancelBn status=SUCCESS method=addNormalBatteryRequestTest.CancelBn()[pri:35, instance:com.ERA.testcases.addNormalBatteryRequestTest@58134517] output={null}]]]>
              </value>
            </param>
          </params>
          <reporter-output>
          </reporter-output>
        </test-method> <!-- afterMethod -->
      </class> <!-- com.ERA.testcases.addNormalBatteryRequestTest -->
      <class name="com.ERA.testcases.Login_EditMobileNumberTest">
        <test-method status="PASS" signature="beforeMethod(java.lang.reflect.Method)[pri:0, instance:com.ERA.testcases.Login_EditMobileNumberTest@6591f517]" name="beforeMethod" is-config="true" duration-ms="5013" started-at="2022-03-22T11:16:32 EET" finished-at="2022-03-22T11:16:37 EET">
          <params>
            <param index="0">
              <value>
                <![CDATA[public void com.ERA.testcases.Login_EditMobileNumberTest.clcikLogin()]]>
              </value>
            </param>
          </params>
          <reporter-output>
          </reporter-output>
        </test-method> <!-- beforeMethod -->
        <test-method status="PASS" signature="clcikLogin()[pri:3, instance:com.ERA.testcases.Login_EditMobileNumberTest@6591f517]" name="clcikLogin" duration-ms="101" started-at="2022-03-22T11:16:37 EET" finished-at="2022-03-22T11:16:37 EET">
          <reporter-output>
          </reporter-output>
        </test-method> <!-- clcikLogin -->
        <test-method status="PASS" signature="afterMethod(java.lang.reflect.Method,org.testng.ITestResult)[pri:0, instance:com.ERA.testcases.Login_EditMobileNumberTest@6591f517]" name="afterMethod" is-config="true" duration-ms="335" started-at="2022-03-22T11:16:37 EET" finished-at="2022-03-22T11:16:37 EET">
          <params>
            <param index="0">
              <value>
                <![CDATA[public void com.ERA.testcases.Login_EditMobileNumberTest.clcikLogin()]]>
              </value>
            </param>
            <param index="1">
              <value>
                <![CDATA[[TestResult name=clcikLogin status=SUCCESS method=Login_EditMobileNumberTest.clcikLogin()[pri:3, instance:com.ERA.testcases.Login_EditMobileNumberTest@6591f517] output={null}]]]>
              </value>
            </param>
          </params>
          <reporter-output>
          </reporter-output>
        </test-method> <!-- afterMethod -->
        <test-method status="PASS" signature="beforeMethod(java.lang.reflect.Method)[pri:0, instance:com.ERA.testcases.Login_EditMobileNumberTest@6591f517]" name="beforeMethod" is-config="true" duration-ms="5012" started-at="2022-03-22T11:16:37 EET" finished-at="2022-03-22T11:16:42 EET">
          <params>
            <param index="0">
              <value>
                <![CDATA[public void com.ERA.testcases.Login_EditMobileNumberTest.SelectCountyCode()]]>
              </value>
            </param>
          </params>
          <reporter-output>
          </reporter-output>
        </test-method> <!-- beforeMethod -->
        <test-method status="PASS" signature="SelectCountyCode()[pri:4, instance:com.ERA.testcases.Login_EditMobileNumberTest@6591f517]" name="SelectCountyCode" duration-ms="106" started-at="2022-03-22T11:16:42 EET" finished-at="2022-03-22T11:16:42 EET">
          <reporter-output>
          </reporter-output>
        </test-method> <!-- SelectCountyCode -->
        <test-method status="PASS" signature="afterMethod(java.lang.reflect.Method,org.testng.ITestResult)[pri:0, instance:com.ERA.testcases.Login_EditMobileNumberTest@6591f517]" name="afterMethod" is-config="true" duration-ms="320" started-at="2022-03-22T11:16:42 EET" finished-at="2022-03-22T11:16:42 EET">
          <params>
            <param index="0">
              <value>
                <![CDATA[public void com.ERA.testcases.Login_EditMobileNumberTest.SelectCountyCode()]]>
              </value>
            </param>
            <param index="1">
              <value>
                <![CDATA[[TestResult name=SelectCountyCode status=SUCCESS method=Login_EditMobileNumberTest.SelectCountyCode()[pri:4, instance:com.ERA.testcases.Login_EditMobileNumberTest@6591f517] output={null}]]]>
              </value>
            </param>
          </params>
          <reporter-output>
          </reporter-output>
        </test-method> <!-- afterMethod -->
        <test-method status="PASS" signature="beforeMethod(java.lang.reflect.Method)[pri:0, instance:com.ERA.testcases.Login_EditMobileNumberTest@6591f517]" name="beforeMethod" is-config="true" duration-ms="5014" started-at="2022-03-22T11:16:42 EET" finished-at="2022-03-22T11:16:47 EET">
          <params>
            <param index="0">
              <value>
                <![CDATA[public void com.ERA.testcases.Login_EditMobileNumberTest.Searchforcounrty()]]>
              </value>
            </param>
          </params>
          <reporter-output>
          </reporter-output>
        </test-method> <!-- beforeMethod -->
        <test-method status="PASS" signature="Searchforcounrty()[pri:5, instance:com.ERA.testcases.Login_EditMobileNumberTest@6591f517]" name="Searchforcounrty" duration-ms="131" started-at="2022-03-22T11:16:47 EET" finished-at="2022-03-22T11:16:48 EET">
          <reporter-output>
          </reporter-output>
        </test-method> <!-- Searchforcounrty -->
        <test-method status="PASS" signature="afterMethod(java.lang.reflect.Method,org.testng.ITestResult)[pri:0, instance:com.ERA.testcases.Login_EditMobileNumberTest@6591f517]" name="afterMethod" is-config="true" duration-ms="255" started-at="2022-03-22T11:16:48 EET" finished-at="2022-03-22T11:16:48 EET">
          <params>
            <param index="0">
              <value>
                <![CDATA[public void com.ERA.testcases.Login_EditMobileNumberTest.Searchforcounrty()]]>
              </value>
            </param>
            <param index="1">
              <value>
                <![CDATA[[TestResult name=Searchforcounrty status=SUCCESS method=Login_EditMobileNumberTest.Searchforcounrty()[pri:5, instance:com.ERA.testcases.Login_EditMobileNumberTest@6591f517] output={null}]]]>
              </value>
            </param>
          </params>
          <reporter-output>
          </reporter-output>
        </test-method> <!-- afterMethod -->
        <test-method status="PASS" signature="beforeMethod(java.lang.reflect.Method)[pri:0, instance:com.ERA.testcases.Login_EditMobileNumberTest@6591f517]" name="beforeMethod" is-config="true" duration-ms="5006" started-at="2022-03-22T11:16:48 EET" finished-at="2022-03-22T11:16:53 EET">
          <params>
            <param index="0">
              <value>
                <![CDATA[public void com.ERA.testcases.Login_EditMobileNumberTest.SelectEgypt()]]>
              </value>
            </param>
          </params>
          <reporter-output>
          </reporter-output>
        </test-method> <!-- beforeMethod -->
        <test-method status="PASS" signature="SelectEgypt()[pri:6, instance:com.ERA.testcases.Login_EditMobileNumberTest@6591f517]" name="SelectEgypt" duration-ms="76" started-at="2022-03-22T11:16:53 EET" finished-at="2022-03-22T11:16:53 EET">
          <reporter-output>
          </reporter-output>
        </test-method> <!-- SelectEgypt -->
        <test-method status="PASS" signature="afterMethod(java.lang.reflect.Method,org.testng.ITestResult)[pri:0, instance:com.ERA.testcases.Login_EditMobileNumberTest@6591f517]" name="afterMethod" is-config="true" duration-ms="283" started-at="2022-03-22T11:16:53 EET" finished-at="2022-03-22T11:16:53 EET">
          <params>
            <param index="0">
              <value>
                <![CDATA[public void com.ERA.testcases.Login_EditMobileNumberTest.SelectEgypt()]]>
              </value>
            </param>
            <param index="1">
              <value>
                <![CDATA[[TestResult name=SelectEgypt status=SUCCESS method=Login_EditMobileNumberTest.SelectEgypt()[pri:6, instance:com.ERA.testcases.Login_EditMobileNumberTest@6591f517] output={null}]]]>
              </value>
            </param>
          </params>
          <reporter-output>
          </reporter-output>
        </test-method> <!-- afterMethod -->
        <test-method status="PASS" signature="beforeMethod(java.lang.reflect.Method)[pri:0, instance:com.ERA.testcases.Login_EditMobileNumberTest@6591f517]" name="beforeMethod" is-config="true" duration-ms="5014" started-at="2022-03-22T11:16:53 EET" finished-at="2022-03-22T11:16:58 EET">
          <params>
            <param index="0">
              <value>
                <![CDATA[public void com.ERA.testcases.Login_EditMobileNumberTest.addMobileNumber(java.lang.String,java.lang.String)]]>
              </value>
            </param>
          </params>
          <reporter-output>
          </reporter-output>
        </test-method> <!-- beforeMethod -->
        <test-method status="PASS" signature="addMobileNumber(java.lang.String,java.lang.String)[pri:7, instance:com.ERA.testcases.Login_EditMobileNumberTest@6591f517]" name="addMobileNumber" duration-ms="68" started-at="2022-03-22T11:16:58 EET" data-provider="loginUsers" finished-at="2022-03-22T11:16:58 EET">
          <params>
            <param index="0">
              <value>
                <![CDATA[Amira]]>
              </value>
            </param>
            <param index="1">
              <value>
                <![CDATA[1021132355]]>
              </value>
            </param>
          </params>
          <reporter-output>
          </reporter-output>
        </test-method> <!-- addMobileNumber -->
        <test-method status="PASS" signature="afterMethod(java.lang.reflect.Method,org.testng.ITestResult)[pri:0, instance:com.ERA.testcases.Login_EditMobileNumberTest@6591f517]" name="afterMethod" is-config="true" duration-ms="258" started-at="2022-03-22T11:16:58 EET" finished-at="2022-03-22T11:16:59 EET">
          <params>
            <param index="0">
              <value>
                <![CDATA[public void com.ERA.testcases.Login_EditMobileNumberTest.addMobileNumber(java.lang.String,java.lang.String)]]>
              </value>
            </param>
            <param index="1">
              <value>
                <![CDATA[[TestResult name=addMobileNumber status=SUCCESS method=Login_EditMobileNumberTest.addMobileNumber(java.lang.String,java.lang.String)[pri:7, instance:com.ERA.testcases.Login_EditMobileNumberTest@6591f517] output={null}]]]>
              </value>
            </param>
          </params>
          <reporter-output>
          </reporter-output>
        </test-method> <!-- afterMethod -->
        <test-method status="PASS" signature="beforeMethod(java.lang.reflect.Method)[pri:0, instance:com.ERA.testcases.Login_EditMobileNumberTest@6591f517]" name="beforeMethod" is-config="true" duration-ms="5010" started-at="2022-03-22T11:16:59 EET" finished-at="2022-03-22T11:17:04 EET">
          <params>
            <param index="0">
              <value>
                <![CDATA[public void com.ERA.testcases.Login_EditMobileNumberTest.clickContinue()]]>
              </value>
            </param>
          </params>
          <reporter-output>
          </reporter-output>
        </test-method> <!-- beforeMethod -->
        <test-method status="PASS" signature="clickContinue()[pri:8, instance:com.ERA.testcases.Login_EditMobileNumberTest@6591f517]" name="clickContinue" duration-ms="60" started-at="2022-03-22T11:17:04 EET" finished-at="2022-03-22T11:17:04 EET">
          <reporter-output>
          </reporter-output>
        </test-method> <!-- clickContinue -->
        <test-method status="PASS" signature="afterMethod(java.lang.reflect.Method,org.testng.ITestResult)[pri:0, instance:com.ERA.testcases.Login_EditMobileNumberTest@6591f517]" name="afterMethod" is-config="true" duration-ms="382" started-at="2022-03-22T11:17:04 EET" finished-at="2022-03-22T11:17:04 EET">
          <params>
            <param index="0">
              <value>
                <![CDATA[public void com.ERA.testcases.Login_EditMobileNumberTest.clickContinue()]]>
              </value>
            </param>
            <param index="1">
              <value>
                <![CDATA[[TestResult name=clickContinue status=SUCCESS method=Login_EditMobileNumberTest.clickContinue()[pri:8, instance:com.ERA.testcases.Login_EditMobileNumberTest@6591f517] output={null}]]]>
              </value>
            </param>
          </params>
          <reporter-output>
          </reporter-output>
        </test-method> <!-- afterMethod -->
        <test-method status="PASS" signature="beforeMethod(java.lang.reflect.Method)[pri:0, instance:com.ERA.testcases.Login_EditMobileNumberTest@6591f517]" name="beforeMethod" is-config="true" duration-ms="5004" started-at="2022-03-22T11:17:04 EET" finished-at="2022-03-22T11:17:09 EET">
          <params>
            <param index="0">
              <value>
                <![CDATA[public void com.ERA.testcases.Login_EditMobileNumberTest.EditMobileNumber()]]>
              </value>
            </param>
          </params>
          <reporter-output>
          </reporter-output>
        </test-method> <!-- beforeMethod -->
        <test-method status="PASS" signature="EditMobileNumber()[pri:10, instance:com.ERA.testcases.Login_EditMobileNumberTest@6591f517]" name="EditMobileNumber" duration-ms="60" started-at="2022-03-22T11:17:09 EET" finished-at="2022-03-22T11:17:09 EET">
          <reporter-output>
          </reporter-output>
        </test-method> <!-- EditMobileNumber -->
        <test-method status="PASS" signature="afterMethod(java.lang.reflect.Method,org.testng.ITestResult)[pri:0, instance:com.ERA.testcases.Login_EditMobileNumberTest@6591f517]" name="afterMethod" is-config="true" duration-ms="242" started-at="2022-03-22T11:17:09 EET" finished-at="2022-03-22T11:17:09 EET">
          <params>
            <param index="0">
              <value>
                <![CDATA[public void com.ERA.testcases.Login_EditMobileNumberTest.EditMobileNumber()]]>
              </value>
            </param>
            <param index="1">
              <value>
                <![CDATA[[TestResult name=EditMobileNumber status=SUCCESS method=Login_EditMobileNumberTest.EditMobileNumber()[pri:10, instance:com.ERA.testcases.Login_EditMobileNumberTest@6591f517] output={null}]]]>
              </value>
            </param>
          </params>
          <reporter-output>
          </reporter-output>
        </test-method> <!-- afterMethod -->
        <test-method status="PASS" signature="beforeMethod(java.lang.reflect.Method)[pri:0, instance:com.ERA.testcases.Login_EditMobileNumberTest@6591f517]" name="beforeMethod" is-config="true" duration-ms="5014" started-at="2022-03-22T11:17:09 EET" finished-at="2022-03-22T11:17:14 EET">
          <params>
            <param index="0">
              <value>
                <![CDATA[public void com.ERA.testcases.Login_EditMobileNumberTest.EditMobileNumber(java.lang.String,java.lang.String)]]>
              </value>
            </param>
          </params>
          <reporter-output>
          </reporter-output>
        </test-method> <!-- beforeMethod -->
        <test-method status="PASS" signature="EditMobileNumber(java.lang.String,java.lang.String)[pri:11, instance:com.ERA.testcases.Login_EditMobileNumberTest@6591f517]" name="EditMobileNumber" duration-ms="589" started-at="2022-03-22T11:17:14 EET" data-provider="EditloginUsers" finished-at="2022-03-22T11:17:15 EET">
          <params>
            <param index="0">
              <value>
                <![CDATA[Amira]]>
              </value>
            </param>
            <param index="1">
              <value>
                <![CDATA[1116332215]]>
              </value>
            </param>
          </params>
          <reporter-output>
          </reporter-output>
        </test-method> <!-- EditMobileNumber -->
        <test-method status="PASS" signature="afterMethod(java.lang.reflect.Method,org.testng.ITestResult)[pri:0, instance:com.ERA.testcases.Login_EditMobileNumberTest@6591f517]" name="afterMethod" is-config="true" duration-ms="262" started-at="2022-03-22T11:17:15 EET" finished-at="2022-03-22T11:17:15 EET">
          <params>
            <param index="0">
              <value>
                <![CDATA[public void com.ERA.testcases.Login_EditMobileNumberTest.EditMobileNumber(java.lang.String,java.lang.String)]]>
              </value>
            </param>
            <param index="1">
              <value>
                <![CDATA[[TestResult name=EditMobileNumber status=SUCCESS method=Login_EditMobileNumberTest.EditMobileNumber(java.lang.String,java.lang.String)[pri:11, instance:com.ERA.testcases.Login_EditMobileNumberTest@6591f517] output={null}]]]>
              </value>
            </param>
          </params>
          <reporter-output>
          </reporter-output>
        </test-method> <!-- afterMethod -->
        <test-method status="PASS" signature="beforeMethod(java.lang.reflect.Method)[pri:0, instance:com.ERA.testcases.Login_EditMobileNumberTest@6591f517]" name="beforeMethod" is-config="true" duration-ms="5005" started-at="2022-03-22T11:17:15 EET" finished-at="2022-03-22T11:17:20 EET">
          <params>
            <param index="0">
              <value>
                <![CDATA[public void com.ERA.testcases.Login_EditMobileNumberTest.clickCntinue()]]>
              </value>
            </param>
          </params>
          <reporter-output>
          </reporter-output>
        </test-method> <!-- beforeMethod -->
        <test-method status="PASS" signature="clickCntinue()[pri:12, instance:com.ERA.testcases.Login_EditMobileNumberTest@6591f517]" name="clickCntinue" duration-ms="75" started-at="2022-03-22T11:17:20 EET" finished-at="2022-03-22T11:17:20 EET">
          <reporter-output>
          </reporter-output>
        </test-method> <!-- clickCntinue -->
        <test-method status="PASS" signature="afterMethod(java.lang.reflect.Method,org.testng.ITestResult)[pri:0, instance:com.ERA.testcases.Login_EditMobileNumberTest@6591f517]" name="afterMethod" is-config="true" duration-ms="330" started-at="2022-03-22T11:17:20 EET" finished-at="2022-03-22T11:17:21 EET">
          <params>
            <param index="0">
              <value>
                <![CDATA[public void com.ERA.testcases.Login_EditMobileNumberTest.clickCntinue()]]>
              </value>
            </param>
            <param index="1">
              <value>
                <![CDATA[[TestResult name=clickCntinue status=SUCCESS method=Login_EditMobileNumberTest.clickCntinue()[pri:12, instance:com.ERA.testcases.Login_EditMobileNumberTest@6591f517] output={null}]]]>
              </value>
            </param>
          </params>
          <reporter-output>
          </reporter-output>
        </test-method> <!-- afterMethod -->
        <test-method status="PASS" signature="beforeMethod(java.lang.reflect.Method)[pri:0, instance:com.ERA.testcases.Login_EditMobileNumberTest@6591f517]" name="beforeMethod" is-config="true" duration-ms="5015" started-at="2022-03-22T11:17:21 EET" finished-at="2022-03-22T11:17:26 EET">
          <params>
            <param index="0">
              <value>
                <![CDATA[public void com.ERA.testcases.Login_EditMobileNumberTest.getotp(java.lang.String,java.lang.String)]]>
              </value>
            </param>
          </params>
          <reporter-output>
          </reporter-output>
        </test-method> <!-- beforeMethod -->
        <test-method status="PASS" signature="getotp(java.lang.String,java.lang.String)[pri:13, instance:com.ERA.testcases.Login_EditMobileNumberTest@6591f517]" name="getotp" duration-ms="5257" started-at="2022-03-22T11:17:26 EET" data-provider="EditloginUsers" finished-at="2022-03-22T11:17:31 EET">
          <params>
            <param index="0">
              <value>
                <![CDATA[Amira]]>
              </value>
            </param>
            <param index="1">
              <value>
                <![CDATA[1116332215]]>
              </value>
            </param>
          </params>
          <reporter-output>
          </reporter-output>
        </test-method> <!-- getotp -->
        <test-method status="PASS" signature="afterMethod(java.lang.reflect.Method,org.testng.ITestResult)[pri:0, instance:com.ERA.testcases.Login_EditMobileNumberTest@6591f517]" name="afterMethod" is-config="true" duration-ms="318" started-at="2022-03-22T11:17:31 EET" finished-at="2022-03-22T11:17:31 EET">
          <params>
            <param index="0">
              <value>
                <![CDATA[public void com.ERA.testcases.Login_EditMobileNumberTest.getotp(java.lang.String,java.lang.String)]]>
              </value>
            </param>
            <param index="1">
              <value>
                <![CDATA[[TestResult name=getotp status=SUCCESS method=Login_EditMobileNumberTest.getotp(java.lang.String,java.lang.String)[pri:13, instance:com.ERA.testcases.Login_EditMobileNumberTest@6591f517] output={null}]]]>
              </value>
            </param>
          </params>
          <reporter-output>
          </reporter-output>
        </test-method> <!-- afterMethod -->
        <test-method status="PASS" signature="beforeMethod(java.lang.reflect.Method)[pri:0, instance:com.ERA.testcases.Login_EditMobileNumberTest@6591f517]" name="beforeMethod" is-config="true" duration-ms="5005" started-at="2022-03-22T11:17:31 EET" finished-at="2022-03-22T11:17:36 EET">
          <params>
            <param index="0">
              <value>
                <![CDATA[public void com.ERA.testcases.Login_EditMobileNumberTest.clickMenuIconFromHome()]]>
              </value>
            </param>
          </params>
          <reporter-output>
          </reporter-output>
        </test-method> <!-- beforeMethod -->
        <test-method status="PASS" signature="clickMenuIconFromHome()[pri:14, instance:com.ERA.testcases.Login_EditMobileNumberTest@6591f517]" name="clickMenuIconFromHome" duration-ms="550" started-at="2022-03-22T11:17:36 EET" finished-at="2022-03-22T11:17:37 EET">
          <reporter-output>
          </reporter-output>
        </test-method> <!-- clickMenuIconFromHome -->
        <test-method status="PASS" signature="afterMethod(java.lang.reflect.Method,org.testng.ITestResult)[pri:0, instance:com.ERA.testcases.Login_EditMobileNumberTest@6591f517]" name="afterMethod" is-config="true" duration-ms="326" started-at="2022-03-22T11:17:37 EET" finished-at="2022-03-22T11:17:37 EET">
          <params>
            <param index="0">
              <value>
                <![CDATA[public void com.ERA.testcases.Login_EditMobileNumberTest.clickMenuIconFromHome()]]>
              </value>
            </param>
            <param index="1">
              <value>
                <![CDATA[[TestResult name=clickMenuIconFromHome status=SUCCESS method=Login_EditMobileNumberTest.clickMenuIconFromHome()[pri:14, instance:com.ERA.testcases.Login_EditMobileNumberTest@6591f517] output={null}]]]>
              </value>
            </param>
          </params>
          <reporter-output>
          </reporter-output>
        </test-method> <!-- afterMethod -->
        <test-method status="PASS" signature="beforeMethod(java.lang.reflect.Method)[pri:0, instance:com.ERA.testcases.Login_EditMobileNumberTest@6591f517]" name="beforeMethod" is-config="true" duration-ms="5002" started-at="2022-03-22T11:17:37 EET" finished-at="2022-03-22T11:17:42 EET">
          <params>
            <param index="0">
              <value>
                <![CDATA[public void com.ERA.testcases.Login_EditMobileNumberTest.clickLogout()]]>
              </value>
            </param>
          </params>
          <reporter-output>
          </reporter-output>
        </test-method> <!-- beforeMethod -->
        <test-method status="PASS" signature="clickLogout()[pri:15, instance:com.ERA.testcases.Login_EditMobileNumberTest@6591f517]" name="clickLogout" duration-ms="639" started-at="2022-03-22T11:17:42 EET" finished-at="2022-03-22T11:17:43 EET">
          <reporter-output>
          </reporter-output>
        </test-method> <!-- clickLogout -->
        <test-method status="PASS" signature="afterMethod(java.lang.reflect.Method,org.testng.ITestResult)[pri:0, instance:com.ERA.testcases.Login_EditMobileNumberTest@6591f517]" name="afterMethod" is-config="true" duration-ms="305" started-at="2022-03-22T11:17:43 EET" finished-at="2022-03-22T11:17:43 EET">
          <params>
            <param index="0">
              <value>
                <![CDATA[public void com.ERA.testcases.Login_EditMobileNumberTest.clickLogout()]]>
              </value>
            </param>
            <param index="1">
              <value>
                <![CDATA[[TestResult name=clickLogout status=SUCCESS method=Login_EditMobileNumberTest.clickLogout()[pri:15, instance:com.ERA.testcases.Login_EditMobileNumberTest@6591f517] output={null}]]]>
              </value>
            </param>
          </params>
          <reporter-output>
          </reporter-output>
        </test-method> <!-- afterMethod -->
        <test-method status="PASS" signature="beforeMethod(java.lang.reflect.Method)[pri:0, instance:com.ERA.testcases.Login_EditMobileNumberTest@6591f517]" name="beforeMethod" is-config="true" duration-ms="5002" started-at="2022-03-22T11:17:43 EET" finished-at="2022-03-22T11:17:48 EET">
          <params>
            <param index="0">
              <value>
                <![CDATA[public void com.ERA.testcases.Login_EditMobileNumberTest.clickSkip()]]>
              </value>
            </param>
          </params>
          <reporter-output>
          </reporter-output>
        </test-method> <!-- beforeMethod -->
        <test-method status="PASS" signature="clickSkip()[pri:16, instance:com.ERA.testcases.Login_EditMobileNumberTest@6591f517]" name="clickSkip" duration-ms="59" started-at="2022-03-22T11:17:48 EET" finished-at="2022-03-22T11:17:48 EET">
          <reporter-output>
          </reporter-output>
        </test-method> <!-- clickSkip -->
        <test-method status="PASS" signature="afterMethod(java.lang.reflect.Method,org.testng.ITestResult)[pri:0, instance:com.ERA.testcases.Login_EditMobileNumberTest@6591f517]" name="afterMethod" is-config="true" duration-ms="401" started-at="2022-03-22T11:17:48 EET" finished-at="2022-03-22T11:17:49 EET">
          <params>
            <param index="0">
              <value>
                <![CDATA[public void com.ERA.testcases.Login_EditMobileNumberTest.clickSkip()]]>
              </value>
            </param>
            <param index="1">
              <value>
                <![CDATA[[TestResult name=clickSkip status=SUCCESS method=Login_EditMobileNumberTest.clickSkip()[pri:16, instance:com.ERA.testcases.Login_EditMobileNumberTest@6591f517] output={null}]]]>
              </value>
            </param>
          </params>
          <reporter-output>
          </reporter-output>
        </test-method> <!-- afterMethod -->
      </class> <!-- com.ERA.testcases.Login_EditMobileNumberTest -->
      <class name="com.ERA.testcases.LoginWithInvalidSmsCodeTest">
        <test-method status="PASS" signature="beforeMethod(java.lang.reflect.Method)[pri:0, instance:com.ERA.testcases.LoginWithInvalidSmsCodeTest@f0f2775]" name="beforeMethod" is-config="true" duration-ms="5001" started-at="2022-03-22T11:15:31 EET" finished-at="2022-03-22T11:15:36 EET">
          <params>
            <param index="0">
              <value>
                <![CDATA[public void com.ERA.testcases.LoginWithInvalidSmsCodeTest.clcikLogin()]]>
              </value>
            </param>
          </params>
          <reporter-output>
          </reporter-output>
        </test-method> <!-- beforeMethod -->
        <test-method status="PASS" signature="clcikLogin()[pri:3, instance:com.ERA.testcases.LoginWithInvalidSmsCodeTest@f0f2775]" name="clcikLogin" duration-ms="80" started-at="2022-03-22T11:15:36 EET" finished-at="2022-03-22T11:15:37 EET">
          <reporter-output>
          </reporter-output>
        </test-method> <!-- clcikLogin -->
        <test-method status="PASS" signature="afterMethod(java.lang.reflect.Method,org.testng.ITestResult)[pri:0, instance:com.ERA.testcases.LoginWithInvalidSmsCodeTest@f0f2775]" name="afterMethod" is-config="true" duration-ms="358" started-at="2022-03-22T11:15:37 EET" finished-at="2022-03-22T11:15:37 EET">
          <params>
            <param index="0">
              <value>
                <![CDATA[public void com.ERA.testcases.LoginWithInvalidSmsCodeTest.clcikLogin()]]>
              </value>
            </param>
            <param index="1">
              <value>
                <![CDATA[[TestResult name=clcikLogin status=SUCCESS method=LoginWithInvalidSmsCodeTest.clcikLogin()[pri:3, instance:com.ERA.testcases.LoginWithInvalidSmsCodeTest@f0f2775] output={null}]]]>
              </value>
            </param>
          </params>
          <reporter-output>
          </reporter-output>
        </test-method> <!-- afterMethod -->
        <test-method status="PASS" signature="beforeMethod(java.lang.reflect.Method)[pri:0, instance:com.ERA.testcases.LoginWithInvalidSmsCodeTest@f0f2775]" name="beforeMethod" is-config="true" duration-ms="5009" started-at="2022-03-22T11:15:37 EET" finished-at="2022-03-22T11:15:42 EET">
          <params>
            <param index="0">
              <value>
                <![CDATA[public void com.ERA.testcases.LoginWithInvalidSmsCodeTest.SelectCountyCode()]]>
              </value>
            </param>
          </params>
          <reporter-output>
          </reporter-output>
        </test-method> <!-- beforeMethod -->
        <test-method status="PASS" signature="SelectCountyCode()[pri:4, instance:com.ERA.testcases.LoginWithInvalidSmsCodeTest@f0f2775]" name="SelectCountyCode" duration-ms="63" started-at="2022-03-22T11:15:42 EET" finished-at="2022-03-22T11:15:42 EET">
          <reporter-output>
          </reporter-output>
        </test-method> <!-- SelectCountyCode -->
        <test-method status="PASS" signature="afterMethod(java.lang.reflect.Method,org.testng.ITestResult)[pri:0, instance:com.ERA.testcases.LoginWithInvalidSmsCodeTest@f0f2775]" name="afterMethod" is-config="true" duration-ms="344" started-at="2022-03-22T11:15:42 EET" finished-at="2022-03-22T11:15:42 EET">
          <params>
            <param index="0">
              <value>
                <![CDATA[public void com.ERA.testcases.LoginWithInvalidSmsCodeTest.SelectCountyCode()]]>
              </value>
            </param>
            <param index="1">
              <value>
                <![CDATA[[TestResult name=SelectCountyCode status=SUCCESS method=LoginWithInvalidSmsCodeTest.SelectCountyCode()[pri:4, instance:com.ERA.testcases.LoginWithInvalidSmsCodeTest@f0f2775] output={null}]]]>
              </value>
            </param>
          </params>
          <reporter-output>
          </reporter-output>
        </test-method> <!-- afterMethod -->
        <test-method status="PASS" signature="beforeMethod(java.lang.reflect.Method)[pri:0, instance:com.ERA.testcases.LoginWithInvalidSmsCodeTest@f0f2775]" name="beforeMethod" is-config="true" duration-ms="5010" started-at="2022-03-22T11:15:42 EET" finished-at="2022-03-22T11:15:47 EET">
          <params>
            <param index="0">
              <value>
                <![CDATA[public void com.ERA.testcases.LoginWithInvalidSmsCodeTest.Searchforcounrty()]]>
              </value>
            </param>
          </params>
          <reporter-output>
          </reporter-output>
        </test-method> <!-- beforeMethod -->
        <test-method status="PASS" signature="Searchforcounrty()[pri:5, instance:com.ERA.testcases.LoginWithInvalidSmsCodeTest@f0f2775]" name="Searchforcounrty" duration-ms="109" started-at="2022-03-22T11:15:47 EET" finished-at="2022-03-22T11:15:47 EET">
          <reporter-output>
          </reporter-output>
        </test-method> <!-- Searchforcounrty -->
        <test-method status="PASS" signature="afterMethod(java.lang.reflect.Method,org.testng.ITestResult)[pri:0, instance:com.ERA.testcases.LoginWithInvalidSmsCodeTest@f0f2775]" name="afterMethod" is-config="true" duration-ms="264" started-at="2022-03-22T11:15:47 EET" finished-at="2022-03-22T11:15:48 EET">
          <params>
            <param index="0">
              <value>
                <![CDATA[public void com.ERA.testcases.LoginWithInvalidSmsCodeTest.Searchforcounrty()]]>
              </value>
            </param>
            <param index="1">
              <value>
                <![CDATA[[TestResult name=Searchforcounrty status=SUCCESS method=LoginWithInvalidSmsCodeTest.Searchforcounrty()[pri:5, instance:com.ERA.testcases.LoginWithInvalidSmsCodeTest@f0f2775] output={null}]]]>
              </value>
            </param>
          </params>
          <reporter-output>
          </reporter-output>
        </test-method> <!-- afterMethod -->
        <test-method status="PASS" signature="beforeMethod(java.lang.reflect.Method)[pri:0, instance:com.ERA.testcases.LoginWithInvalidSmsCodeTest@f0f2775]" name="beforeMethod" is-config="true" duration-ms="5011" started-at="2022-03-22T11:15:48 EET" finished-at="2022-03-22T11:15:53 EET">
          <params>
            <param index="0">
              <value>
                <![CDATA[public void com.ERA.testcases.LoginWithInvalidSmsCodeTest.SelectEgypt()]]>
              </value>
            </param>
          </params>
          <reporter-output>
          </reporter-output>
        </test-method> <!-- beforeMethod -->
        <test-method status="PASS" signature="SelectEgypt()[pri:6, instance:com.ERA.testcases.LoginWithInvalidSmsCodeTest@f0f2775]" name="SelectEgypt" duration-ms="77" started-at="2022-03-22T11:15:53 EET" finished-at="2022-03-22T11:15:53 EET">
          <reporter-output>
          </reporter-output>
        </test-method> <!-- SelectEgypt -->
        <test-method status="PASS" signature="afterMethod(java.lang.reflect.Method,org.testng.ITestResult)[pri:0, instance:com.ERA.testcases.LoginWithInvalidSmsCodeTest@f0f2775]" name="afterMethod" is-config="true" duration-ms="341" started-at="2022-03-22T11:15:53 EET" finished-at="2022-03-22T11:15:53 EET">
          <params>
            <param index="0">
              <value>
                <![CDATA[public void com.ERA.testcases.LoginWithInvalidSmsCodeTest.SelectEgypt()]]>
              </value>
            </param>
            <param index="1">
              <value>
                <![CDATA[[TestResult name=SelectEgypt status=SUCCESS method=LoginWithInvalidSmsCodeTest.SelectEgypt()[pri:6, instance:com.ERA.testcases.LoginWithInvalidSmsCodeTest@f0f2775] output={null}]]]>
              </value>
            </param>
          </params>
          <reporter-output>
          </reporter-output>
        </test-method> <!-- afterMethod -->
        <test-method status="PASS" signature="beforeMethod(java.lang.reflect.Method)[pri:0, instance:com.ERA.testcases.LoginWithInvalidSmsCodeTest@f0f2775]" name="beforeMethod" is-config="true" duration-ms="5013" started-at="2022-03-22T11:15:53 EET" finished-at="2022-03-22T11:15:58 EET">
          <params>
            <param index="0">
              <value>
                <![CDATA[public void com.ERA.testcases.LoginWithInvalidSmsCodeTest.addMobileNumber(java.lang.String,java.lang.String)]]>
              </value>
            </param>
          </params>
          <reporter-output>
          </reporter-output>
        </test-method> <!-- beforeMethod -->
        <test-method status="PASS" signature="addMobileNumber(java.lang.String,java.lang.String)[pri:7, instance:com.ERA.testcases.LoginWithInvalidSmsCodeTest@f0f2775]" name="addMobileNumber" duration-ms="567" started-at="2022-03-22T11:15:58 EET" data-provider="loginUsers" finished-at="2022-03-22T11:15:59 EET">
          <params>
            <param index="0">
              <value>
                <![CDATA[Amira]]>
              </value>
            </param>
            <param index="1">
              <value>
                <![CDATA[1021132355]]>
              </value>
            </param>
          </params>
          <reporter-output>
          </reporter-output>
        </test-method> <!-- addMobileNumber -->
        <test-method status="PASS" signature="afterMethod(java.lang.reflect.Method,org.testng.ITestResult)[pri:0, instance:com.ERA.testcases.LoginWithInvalidSmsCodeTest@f0f2775]" name="afterMethod" is-config="true" duration-ms="260" started-at="2022-03-22T11:15:59 EET" finished-at="2022-03-22T11:15:59 EET">
          <params>
            <param index="0">
              <value>
                <![CDATA[public void com.ERA.testcases.LoginWithInvalidSmsCodeTest.addMobileNumber(java.lang.String,java.lang.String)]]>
              </value>
            </param>
            <param index="1">
              <value>
                <![CDATA[[TestResult name=addMobileNumber status=SUCCESS method=LoginWithInvalidSmsCodeTest.addMobileNumber(java.lang.String,java.lang.String)[pri:7, instance:com.ERA.testcases.LoginWithInvalidSmsCodeTest@f0f2775] output={null}]]]>
              </value>
            </param>
          </params>
          <reporter-output>
          </reporter-output>
        </test-method> <!-- afterMethod -->
        <test-method status="PASS" signature="beforeMethod(java.lang.reflect.Method)[pri:0, instance:com.ERA.testcases.LoginWithInvalidSmsCodeTest@f0f2775]" name="beforeMethod" is-config="true" duration-ms="5010" started-at="2022-03-22T11:15:59 EET" finished-at="2022-03-22T11:16:04 EET">
          <params>
            <param index="0">
              <value>
                <![CDATA[public void com.ERA.testcases.LoginWithInvalidSmsCodeTest.clickContinue()]]>
              </value>
            </param>
          </params>
          <reporter-output>
          </reporter-output>
        </test-method> <!-- beforeMethod -->
        <test-method status="PASS" signature="clickContinue()[pri:8, instance:com.ERA.testcases.LoginWithInvalidSmsCodeTest@f0f2775]" name="clickContinue" duration-ms="60" started-at="2022-03-22T11:16:04 EET" finished-at="2022-03-22T11:16:04 EET">
          <reporter-output>
          </reporter-output>
        </test-method> <!-- clickContinue -->
        <test-method status="PASS" signature="afterMethod(java.lang.reflect.Method,org.testng.ITestResult)[pri:0, instance:com.ERA.testcases.LoginWithInvalidSmsCodeTest@f0f2775]" name="afterMethod" is-config="true" duration-ms="322" started-at="2022-03-22T11:16:04 EET" finished-at="2022-03-22T11:16:04 EET">
          <params>
            <param index="0">
              <value>
                <![CDATA[public void com.ERA.testcases.LoginWithInvalidSmsCodeTest.clickContinue()]]>
              </value>
            </param>
            <param index="1">
              <value>
                <![CDATA[[TestResult name=clickContinue status=SUCCESS method=LoginWithInvalidSmsCodeTest.clickContinue()[pri:8, instance:com.ERA.testcases.LoginWithInvalidSmsCodeTest@f0f2775] output={null}]]]>
              </value>
            </param>
          </params>
          <reporter-output>
          </reporter-output>
        </test-method> <!-- afterMethod -->
        <test-method status="PASS" signature="beforeMethod(java.lang.reflect.Method)[pri:0, instance:com.ERA.testcases.LoginWithInvalidSmsCodeTest@f0f2775]" name="beforeMethod" is-config="true" duration-ms="5001" started-at="2022-03-22T11:16:04 EET" finished-at="2022-03-22T11:16:09 EET">
          <params>
            <param index="0">
              <value>
                <![CDATA[public void com.ERA.testcases.LoginWithInvalidSmsCodeTest.getotp(java.lang.String,java.lang.String)]]>
              </value>
            </param>
          </params>
          <reporter-output>
          </reporter-output>
        </test-method> <!-- beforeMethod -->
        <test-method status="PASS" signature="getotp(java.lang.String,java.lang.String)[pri:9, instance:com.ERA.testcases.LoginWithInvalidSmsCodeTest@f0f2775]" name="getotp" duration-ms="5242" started-at="2022-03-22T11:16:09 EET" data-provider="loginUsers" finished-at="2022-03-22T11:16:15 EET">
          <params>
            <param index="0">
              <value>
                <![CDATA[Amira]]>
              </value>
            </param>
            <param index="1">
              <value>
                <![CDATA[1021132355]]>
              </value>
            </param>
          </params>
          <reporter-output>
          </reporter-output>
        </test-method> <!-- getotp -->
        <test-method status="PASS" signature="afterMethod(java.lang.reflect.Method,org.testng.ITestResult)[pri:0, instance:com.ERA.testcases.LoginWithInvalidSmsCodeTest@f0f2775]" name="afterMethod" is-config="true" duration-ms="262" started-at="2022-03-22T11:16:15 EET" finished-at="2022-03-22T11:16:15 EET">
          <params>
            <param index="0">
              <value>
                <![CDATA[public void com.ERA.testcases.LoginWithInvalidSmsCodeTest.getotp(java.lang.String,java.lang.String)]]>
              </value>
            </param>
            <param index="1">
              <value>
                <![CDATA[[TestResult name=getotp status=SUCCESS method=LoginWithInvalidSmsCodeTest.getotp(java.lang.String,java.lang.String)[pri:9, instance:com.ERA.testcases.LoginWithInvalidSmsCodeTest@f0f2775] output={null}]]]>
              </value>
            </param>
          </params>
          <reporter-output>
          </reporter-output>
        </test-method> <!-- afterMethod -->
        <test-method status="PASS" signature="beforeMethod(java.lang.reflect.Method)[pri:0, instance:com.ERA.testcases.LoginWithInvalidSmsCodeTest@f0f2775]" name="beforeMethod" is-config="true" duration-ms="5013" started-at="2022-03-22T11:16:15 EET" finished-at="2022-03-22T11:16:20 EET">
          <params>
            <param index="0">
              <value>
                <![CDATA[public void com.ERA.testcases.LoginWithInvalidSmsCodeTest.AssertInvalidOtp()]]>
              </value>
            </param>
          </params>
          <reporter-output>
          </reporter-output>
        </test-method> <!-- beforeMethod -->
        <test-method status="PASS" signature="AssertInvalidOtp()[pri:10, instance:com.ERA.testcases.LoginWithInvalidSmsCodeTest@f0f2775]" name="AssertInvalidOtp" duration-ms="652" started-at="2022-03-22T11:16:20 EET" finished-at="2022-03-22T11:16:21 EET">
          <reporter-output>
          </reporter-output>
        </test-method> <!-- AssertInvalidOtp -->
        <test-method status="PASS" signature="afterMethod(java.lang.reflect.Method,org.testng.ITestResult)[pri:0, instance:com.ERA.testcases.LoginWithInvalidSmsCodeTest@f0f2775]" name="afterMethod" is-config="true" duration-ms="233" started-at="2022-03-22T11:16:21 EET" finished-at="2022-03-22T11:16:21 EET">
          <params>
            <param index="0">
              <value>
                <![CDATA[public void com.ERA.testcases.LoginWithInvalidSmsCodeTest.AssertInvalidOtp()]]>
              </value>
            </param>
            <param index="1">
              <value>
                <![CDATA[[TestResult name=AssertInvalidOtp status=SUCCESS method=LoginWithInvalidSmsCodeTest.AssertInvalidOtp()[pri:10, instance:com.ERA.testcases.LoginWithInvalidSmsCodeTest@f0f2775] output={null}]]]>
              </value>
            </param>
          </params>
          <reporter-output>
          </reporter-output>
        </test-method> <!-- afterMethod -->
        <test-method status="PASS" signature="beforeMethod(java.lang.reflect.Method)[pri:0, instance:com.ERA.testcases.LoginWithInvalidSmsCodeTest@f0f2775]" name="beforeMethod" is-config="true" duration-ms="5003" started-at="2022-03-22T11:16:21 EET" finished-at="2022-03-22T11:16:26 EET">
          <params>
            <param index="0">
              <value>
                <![CDATA[public void com.ERA.testcases.LoginWithInvalidSmsCodeTest.ClickBackArrow()]]>
              </value>
            </param>
          </params>
          <reporter-output>
          </reporter-output>
        </test-method> <!-- beforeMethod -->
        <test-method status="PASS" signature="ClickBackArrow()[pri:11, instance:com.ERA.testcases.LoginWithInvalidSmsCodeTest@f0f2775]" name="ClickBackArrow" duration-ms="79" started-at="2022-03-22T11:16:26 EET" finished-at="2022-03-22T11:16:26 EET">
          <reporter-output>
          </reporter-output>
        </test-method> <!-- ClickBackArrow -->
        <test-method status="PASS" signature="afterMethod(java.lang.reflect.Method,org.testng.ITestResult)[pri:0, instance:com.ERA.testcases.LoginWithInvalidSmsCodeTest@f0f2775]" name="afterMethod" is-config="true" duration-ms="282" started-at="2022-03-22T11:16:26 EET" finished-at="2022-03-22T11:16:26 EET">
          <params>
            <param index="0">
              <value>
                <![CDATA[public void com.ERA.testcases.LoginWithInvalidSmsCodeTest.ClickBackArrow()]]>
              </value>
            </param>
            <param index="1">
              <value>
                <![CDATA[[TestResult name=ClickBackArrow status=SUCCESS method=LoginWithInvalidSmsCodeTest.ClickBackArrow()[pri:11, instance:com.ERA.testcases.LoginWithInvalidSmsCodeTest@f0f2775] output={null}]]]>
              </value>
            </param>
          </params>
          <reporter-output>
          </reporter-output>
        </test-method> <!-- afterMethod -->
        <test-method status="PASS" signature="beforeMethod(java.lang.reflect.Method)[pri:0, instance:com.ERA.testcases.LoginWithInvalidSmsCodeTest@f0f2775]" name="beforeMethod" is-config="true" duration-ms="5014" started-at="2022-03-22T11:16:26 EET" finished-at="2022-03-22T11:16:31 EET">
          <params>
            <param index="0">
              <value>
                <![CDATA[public void com.ERA.testcases.LoginWithInvalidSmsCodeTest.ClickBackTOHome()]]>
              </value>
            </param>
          </params>
          <reporter-output>
          </reporter-output>
        </test-method> <!-- beforeMethod -->
        <test-method status="PASS" signature="ClickBackTOHome()[pri:12, instance:com.ERA.testcases.LoginWithInvalidSmsCodeTest@f0f2775]" name="ClickBackTOHome" duration-ms="64" started-at="2022-03-22T11:16:31 EET" finished-at="2022-03-22T11:16:31 EET">
          <reporter-output>
          </reporter-output>
        </test-method> <!-- ClickBackTOHome -->
        <test-method status="PASS" signature="afterMethod(java.lang.reflect.Method,org.testng.ITestResult)[pri:0, instance:com.ERA.testcases.LoginWithInvalidSmsCodeTest@f0f2775]" name="afterMethod" is-config="true" duration-ms="329" started-at="2022-03-22T11:16:31 EET" finished-at="2022-03-22T11:16:32 EET">
          <params>
            <param index="0">
              <value>
                <![CDATA[public void com.ERA.testcases.LoginWithInvalidSmsCodeTest.ClickBackTOHome()]]>
              </value>
            </param>
            <param index="1">
              <value>
                <![CDATA[[TestResult name=ClickBackTOHome status=SUCCESS method=LoginWithInvalidSmsCodeTest.ClickBackTOHome()[pri:12, instance:com.ERA.testcases.LoginWithInvalidSmsCodeTest@f0f2775] output={null}]]]>
              </value>
            </param>
          </params>
          <reporter-output>
          </reporter-output>
        </test-method> <!-- afterMethod -->
      </class> <!-- com.ERA.testcases.LoginWithInvalidSmsCodeTest -->
      <class name="com.ERA.testcases.addNormalTowingRequestTest">
        <test-method status="PASS" signature="beforeMethod(java.lang.reflect.Method)[pri:0, instance:com.ERA.testcases.addNormalTowingRequestTest@4d49af10]" name="beforeMethod" is-config="true" duration-ms="5006" started-at="2022-03-22T11:19:08 EET" finished-at="2022-03-22T11:19:13 EET">
          <params>
            <param index="0">
              <value>
                <![CDATA[public void com.ERA.testcases.addNormalTowingRequestTest.selectTowingService()]]>
              </value>
            </param>
          </params>
          <reporter-output>
          </reporter-output>
        </test-method> <!-- beforeMethod -->
        <test-method status="PASS" signature="selectTowingService()[pri:10, instance:com.ERA.testcases.addNormalTowingRequestTest@4d49af10]" name="selectTowingService" duration-ms="297" started-at="2022-03-22T11:19:13 EET" finished-at="2022-03-22T11:19:13 EET">
          <reporter-output>
          </reporter-output>
        </test-method> <!-- selectTowingService -->
        <test-method status="PASS" signature="afterMethod(java.lang.reflect.Method,org.testng.ITestResult)[pri:0, instance:com.ERA.testcases.addNormalTowingRequestTest@4d49af10]" name="afterMethod" is-config="true" duration-ms="307" started-at="2022-03-22T11:19:13 EET" finished-at="2022-03-22T11:19:13 EET">
          <params>
            <param index="0">
              <value>
                <![CDATA[public void com.ERA.testcases.addNormalTowingRequestTest.selectTowingService()]]>
              </value>
            </param>
            <param index="1">
              <value>
                <![CDATA[[TestResult name=selectTowingService status=SUCCESS method=addNormalTowingRequestTest.selectTowingService()[pri:10, instance:com.ERA.testcases.addNormalTowingRequestTest@4d49af10] output={null}]]]>
              </value>
            </param>
          </params>
          <reporter-output>
          </reporter-output>
        </test-method> <!-- afterMethod -->
        <test-method status="PASS" signature="beforeMethod(java.lang.reflect.Method)[pri:0, instance:com.ERA.testcases.addNormalTowingRequestTest@4d49af10]" name="beforeMethod" is-config="true" duration-ms="5012" started-at="2022-03-22T11:19:13 EET" finished-at="2022-03-22T11:19:18 EET">
          <params>
            <param index="0">
              <value>
                <![CDATA[public void com.ERA.testcases.addNormalTowingRequestTest.selectNormalTowing()]]>
              </value>
            </param>
          </params>
          <reporter-output>
          </reporter-output>
        </test-method> <!-- beforeMethod -->
        <test-method status="PASS" signature="selectNormalTowing()[pri:11, instance:com.ERA.testcases.addNormalTowingRequestTest@4d49af10]" name="selectNormalTowing" duration-ms="652" started-at="2022-03-22T11:19:18 EET" finished-at="2022-03-22T11:19:19 EET">
          <reporter-output>
          </reporter-output>
        </test-method> <!-- selectNormalTowing -->
        <test-method status="PASS" signature="afterMethod(java.lang.reflect.Method,org.testng.ITestResult)[pri:0, instance:com.ERA.testcases.addNormalTowingRequestTest@4d49af10]" name="afterMethod" is-config="true" duration-ms="290" started-at="2022-03-22T11:19:19 EET" finished-at="2022-03-22T11:19:19 EET">
          <params>
            <param index="0">
              <value>
                <![CDATA[public void com.ERA.testcases.addNormalTowingRequestTest.selectNormalTowing()]]>
              </value>
            </param>
            <param index="1">
              <value>
                <![CDATA[[TestResult name=selectNormalTowing status=SUCCESS method=addNormalTowingRequestTest.selectNormalTowing()[pri:11, instance:com.ERA.testcases.addNormalTowingRequestTest@4d49af10] output={null}]]]>
              </value>
            </param>
          </params>
          <reporter-output>
          </reporter-output>
        </test-method> <!-- afterMethod -->
        <test-method status="PASS" signature="beforeMethod(java.lang.reflect.Method)[pri:0, instance:com.ERA.testcases.addNormalTowingRequestTest@4d49af10]" name="beforeMethod" is-config="true" duration-ms="5005" started-at="2022-03-22T11:19:19 EET" finished-at="2022-03-22T11:19:24 EET">
          <params>
            <param index="0">
              <value>
                <![CDATA[public void com.ERA.testcases.addNormalTowingRequestTest.AddingDestination()]]>
              </value>
            </param>
          </params>
          <reporter-output>
          </reporter-output>
        </test-method> <!-- beforeMethod -->
        <test-method status="PASS" signature="AddingDestination()[pri:12, instance:com.ERA.testcases.addNormalTowingRequestTest@4d49af10]" name="AddingDestination" duration-ms="111" started-at="2022-03-22T11:19:24 EET" finished-at="2022-03-22T11:19:24 EET">
          <reporter-output>
          </reporter-output>
        </test-method> <!-- AddingDestination -->
        <test-method status="PASS" signature="afterMethod(java.lang.reflect.Method,org.testng.ITestResult)[pri:0, instance:com.ERA.testcases.addNormalTowingRequestTest@4d49af10]" name="afterMethod" is-config="true" duration-ms="286" started-at="2022-03-22T11:19:24 EET" finished-at="2022-03-22T11:19:24 EET">
          <params>
            <param index="0">
              <value>
                <![CDATA[public void com.ERA.testcases.addNormalTowingRequestTest.AddingDestination()]]>
              </value>
            </param>
            <param index="1">
              <value>
                <![CDATA[[TestResult name=AddingDestination status=SUCCESS method=addNormalTowingRequestTest.AddingDestination()[pri:12, instance:com.ERA.testcases.addNormalTowingRequestTest@4d49af10] output={null}]]]>
              </value>
            </param>
          </params>
          <reporter-output>
          </reporter-output>
        </test-method> <!-- afterMethod -->
        <test-method status="PASS" signature="beforeMethod(java.lang.reflect.Method)[pri:0, instance:com.ERA.testcases.addNormalTowingRequestTest@4d49af10]" name="beforeMethod" is-config="true" duration-ms="5013" started-at="2022-03-22T11:19:24 EET" finished-at="2022-03-22T11:19:29 EET">
          <params>
            <param index="0">
              <value>
                <![CDATA[public void com.ERA.testcases.addNormalTowingRequestTest.ClickSearchDest()]]>
              </value>
            </param>
          </params>
          <reporter-output>
          </reporter-output>
        </test-method> <!-- beforeMethod -->
        <test-method status="PASS" signature="ClickSearchDest()[pri:13, instance:com.ERA.testcases.addNormalTowingRequestTest@4d49af10]" name="ClickSearchDest" duration-ms="296" started-at="2022-03-22T11:19:29 EET" finished-at="2022-03-22T11:19:30 EET">
          <reporter-output>
          </reporter-output>
        </test-method> <!-- ClickSearchDest -->
        <test-method status="PASS" signature="afterMethod(java.lang.reflect.Method,org.testng.ITestResult)[pri:0, instance:com.ERA.testcases.addNormalTowingRequestTest@4d49af10]" name="afterMethod" is-config="true" duration-ms="393" started-at="2022-03-22T11:19:30 EET" finished-at="2022-03-22T11:19:30 EET">
          <params>
            <param index="0">
              <value>
                <![CDATA[public void com.ERA.testcases.addNormalTowingRequestTest.ClickSearchDest()]]>
              </value>
            </param>
            <param index="1">
              <value>
                <![CDATA[[TestResult name=ClickSearchDest status=SUCCESS method=addNormalTowingRequestTest.ClickSearchDest()[pri:13, instance:com.ERA.testcases.addNormalTowingRequestTest@4d49af10] output={null}]]]>
              </value>
            </param>
          </params>
          <reporter-output>
          </reporter-output>
        </test-method> <!-- afterMethod -->
        <test-method status="PASS" signature="beforeMethod(java.lang.reflect.Method)[pri:0, instance:com.ERA.testcases.addNormalTowingRequestTest@4d49af10]" name="beforeMethod" is-config="true" duration-ms="5007" started-at="2022-03-22T11:19:30 EET" finished-at="2022-03-22T11:19:35 EET">
          <params>
            <param index="0">
              <value>
                <![CDATA[public void com.ERA.testcases.addNormalTowingRequestTest.SendDestLocation(java.lang.String,java.lang.String)]]>
              </value>
            </param>
          </params>
          <reporter-output>
          </reporter-output>
        </test-method> <!-- beforeMethod -->
        <test-method status="PASS" signature="SendDestLocation(java.lang.String,java.lang.String)[pri:14, instance:com.ERA.testcases.addNormalTowingRequestTest@4d49af10]" name="SendDestLocation" duration-ms="691" started-at="2022-03-22T11:19:35 EET" data-provider="Locations" finished-at="2022-03-22T11:19:36 EET">
          <params>
            <param index="0">
              <value>
                <![CDATA[Towing destination Location]]>
              </value>
            </param>
            <param index="1">
              <value>
                <![CDATA[?????? ??? ??????? - ????, ??????? ???????? ?????? ????????]]>
              </value>
            </param>
          </params>
          <reporter-output>
          </reporter-output>
        </test-method> <!-- SendDestLocation -->
        <test-method status="PASS" signature="afterMethod(java.lang.reflect.Method,org.testng.ITestResult)[pri:0, instance:com.ERA.testcases.addNormalTowingRequestTest@4d49af10]" name="afterMethod" is-config="true" duration-ms="306" started-at="2022-03-22T11:19:36 EET" finished-at="2022-03-22T11:19:36 EET">
          <params>
            <param index="0">
              <value>
                <![CDATA[public void com.ERA.testcases.addNormalTowingRequestTest.SendDestLocation(java.lang.String,java.lang.String)]]>
              </value>
            </param>
            <param index="1">
              <value>
                <![CDATA[[TestResult name=SendDestLocation status=SUCCESS method=addNormalTowingRequestTest.SendDestLocation(java.lang.String,java.lang.String)[pri:14, instance:com.ERA.testcases.addNormalTowingRequestTest@4d49af10] output={null}]]]>
              </value>
            </param>
          </params>
          <reporter-output>
          </reporter-output>
        </test-method> <!-- afterMethod -->
        <test-method status="PASS" signature="beforeMethod(java.lang.reflect.Method)[pri:0, instance:com.ERA.testcases.addNormalTowingRequestTest@4d49af10]" name="beforeMethod" is-config="true" duration-ms="5006" started-at="2022-03-22T11:19:36 EET" finished-at="2022-03-22T11:19:41 EET">
          <params>
            <param index="0">
              <value>
                <![CDATA[public void com.ERA.testcases.addNormalTowingRequestTest.ClickSearchItem()]]>
              </value>
            </param>
          </params>
          <reporter-output>
          </reporter-output>
        </test-method> <!-- beforeMethod -->
        <test-method status="PASS" signature="ClickSearchItem()[pri:15, instance:com.ERA.testcases.addNormalTowingRequestTest@4d49af10]" name="ClickSearchItem" duration-ms="59" started-at="2022-03-22T11:19:41 EET" finished-at="2022-03-22T11:19:41 EET">
          <reporter-output>
          </reporter-output>
        </test-method> <!-- ClickSearchItem -->
        <test-method status="PASS" signature="afterMethod(java.lang.reflect.Method,org.testng.ITestResult)[pri:0, instance:com.ERA.testcases.addNormalTowingRequestTest@4d49af10]" name="afterMethod" is-config="true" duration-ms="237" started-at="2022-03-22T11:19:41 EET" finished-at="2022-03-22T11:19:42 EET">
          <params>
            <param index="0">
              <value>
                <![CDATA[public void com.ERA.testcases.addNormalTowingRequestTest.ClickSearchItem()]]>
              </value>
            </param>
            <param index="1">
              <value>
                <![CDATA[[TestResult name=ClickSearchItem status=SUCCESS method=addNormalTowingRequestTest.ClickSearchItem()[pri:15, instance:com.ERA.testcases.addNormalTowingRequestTest@4d49af10] output={null}]]]>
              </value>
            </param>
          </params>
          <reporter-output>
          </reporter-output>
        </test-method> <!-- afterMethod -->
        <test-method status="PASS" signature="beforeMethod(java.lang.reflect.Method)[pri:0, instance:com.ERA.testcases.addNormalTowingRequestTest@4d49af10]" name="beforeMethod" is-config="true" duration-ms="5002" started-at="2022-03-22T11:19:42 EET" finished-at="2022-03-22T11:19:47 EET">
          <params>
            <param index="0">
              <value>
                <![CDATA[public void com.ERA.testcases.addNormalTowingRequestTest.ConfirmDestination()]]>
              </value>
            </param>
          </params>
          <reporter-output>
          </reporter-output>
        </test-method> <!-- beforeMethod -->
        <test-method status="PASS" signature="ConfirmDestination()[pri:16, instance:com.ERA.testcases.addNormalTowingRequestTest@4d49af10]" name="ConfirmDestination" duration-ms="282" started-at="2022-03-22T11:19:47 EET" finished-at="2022-03-22T11:19:47 EET">
          <reporter-output>
          </reporter-output>
        </test-method> <!-- ConfirmDestination -->
        <test-method status="PASS" signature="afterMethod(java.lang.reflect.Method,org.testng.ITestResult)[pri:0, instance:com.ERA.testcases.addNormalTowingRequestTest@4d49af10]" name="afterMethod" is-config="true" duration-ms="451" started-at="2022-03-22T11:19:47 EET" finished-at="2022-03-22T11:19:47 EET">
          <params>
            <param index="0">
              <value>
                <![CDATA[public void com.ERA.testcases.addNormalTowingRequestTest.ConfirmDestination()]]>
              </value>
            </param>
            <param index="1">
              <value>
                <![CDATA[[TestResult name=ConfirmDestination status=SUCCESS method=addNormalTowingRequestTest.ConfirmDestination()[pri:16, instance:com.ERA.testcases.addNormalTowingRequestTest@4d49af10] output={null}]]]>
              </value>
            </param>
          </params>
          <reporter-output>
          </reporter-output>
        </test-method> <!-- afterMethod -->
        <test-method status="PASS" signature="beforeMethod(java.lang.reflect.Method)[pri:0, instance:com.ERA.testcases.addNormalTowingRequestTest@4d49af10]" name="beforeMethod" is-config="true" duration-ms="5002" started-at="2022-03-22T11:19:47 EET" finished-at="2022-03-22T11:19:52 EET">
          <params>
            <param index="0">
              <value>
                <![CDATA[public void com.ERA.testcases.addNormalTowingRequestTest.ConfirmTowingRequest()]]>
              </value>
            </param>
          </params>
          <reporter-output>
          </reporter-output>
        </test-method> <!-- beforeMethod -->
        <test-method status="PASS" signature="ConfirmTowingRequest()[pri:17, instance:com.ERA.testcases.addNormalTowingRequestTest@4d49af10]" name="ConfirmTowingRequest" duration-ms="569" started-at="2022-03-22T11:19:52 EET" finished-at="2022-03-22T11:19:53 EET">
          <reporter-output>
          </reporter-output>
        </test-method> <!-- ConfirmTowingRequest -->
        <test-method status="PASS" signature="afterMethod(java.lang.reflect.Method,org.testng.ITestResult)[pri:0, instance:com.ERA.testcases.addNormalTowingRequestTest@4d49af10]" name="afterMethod" is-config="true" duration-ms="358" started-at="2022-03-22T11:19:53 EET" finished-at="2022-03-22T11:19:53 EET">
          <params>
            <param index="0">
              <value>
                <![CDATA[public void com.ERA.testcases.addNormalTowingRequestTest.ConfirmTowingRequest()]]>
              </value>
            </param>
            <param index="1">
              <value>
                <![CDATA[[TestResult name=ConfirmTowingRequest status=SUCCESS method=addNormalTowingRequestTest.ConfirmTowingRequest()[pri:17, instance:com.ERA.testcases.addNormalTowingRequestTest@4d49af10] output={null}]]]>
              </value>
            </param>
          </params>
          <reporter-output>
          </reporter-output>
        </test-method> <!-- afterMethod -->
        <test-method status="PASS" signature="beforeMethod(java.lang.reflect.Method)[pri:0, instance:com.ERA.testcases.addNormalTowingRequestTest@4d49af10]" name="beforeMethod" is-config="true" duration-ms="5004" started-at="2022-03-22T11:19:53 EET" finished-at="2022-03-22T11:19:58 EET">
          <params>
            <param index="0">
              <value>
                <![CDATA[public void com.ERA.testcases.addNormalTowingRequestTest.ConfirmPaymentTowingRequest()]]>
              </value>
            </param>
          </params>
          <reporter-output>
          </reporter-output>
        </test-method> <!-- beforeMethod -->
        <test-method status="PASS" signature="ConfirmPaymentTowingRequest()[pri:18, instance:com.ERA.testcases.addNormalTowingRequestTest@4d49af10]" name="ConfirmPaymentTowingRequest" duration-ms="595" started-at="2022-03-22T11:19:58 EET" finished-at="2022-03-22T11:19:59 EET">
          <reporter-output>
          </reporter-output>
        </test-method> <!-- ConfirmPaymentTowingRequest -->
[...]
        </test-method> <!-- clickMenuIconFromHome -->
        <test-method status="PASS" signature="afterMethod(java.lang.reflect.Method,org.testng.ITestResult)[pri:0, instance:com.ERA.testcases.InvalidPickUPLocationTest@429bd883]" name="afterMethod" is-config="true" duration-ms="296" started-at="2022-03-22T11:19:02 EET" finished-at="2022-03-22T11:19:02 EET">
          <params>
            <param index="0">
              <value>
                <![CDATA[public void com.ERA.testcases.InvalidPickUPLocationTest.clickMenuIconFromHome()]]>
              </value>
            </param>
            <param index="1">
              <value>
                <![CDATA[[TestResult name=clickMenuIconFromHome status=SUCCESS method=InvalidPickUPLocationTest.clickMenuIconFromHome()[pri:16, instance:com.ERA.testcases.InvalidPickUPLocationTest@429bd883] output={null}]]]>
              </value>
            </param>
          </params>
          <reporter-output>
          </reporter-output>
        </test-method> <!-- afterMethod -->
        <test-method status="PASS" signature="beforeMethod(java.lang.reflect.Method)[pri:0, instance:com.ERA.testcases.InvalidPickUPLocationTest@429bd883]" name="beforeMethod" is-config="true" duration-ms="5003" started-at="2022-03-22T11:19:02 EET" finished-at="2022-03-22T11:19:07 EET">
          <params>
            <param index="0">
              <value>
                <![CDATA[public void com.ERA.testcases.InvalidPickUPLocationTest.ClickNewRequest()]]>
              </value>
            </param>
          </params>
          <reporter-output>
          </reporter-output>
        </test-method> <!-- beforeMethod -->
        <test-method status="PASS" signature="ClickNewRequest()[pri:17, instance:com.ERA.testcases.InvalidPickUPLocationTest@429bd883]" name="ClickNewRequest" duration-ms="61" started-at="2022-03-22T11:19:07 EET" finished-at="2022-03-22T11:19:07 EET">
          <reporter-output>
          </reporter-output>
        </test-method> <!-- ClickNewRequest -->
        <test-method status="PASS" signature="afterMethod(java.lang.reflect.Method,org.testng.ITestResult)[pri:0, instance:com.ERA.testcases.InvalidPickUPLocationTest@429bd883]" name="afterMethod" is-config="true" duration-ms="352" started-at="2022-03-22T11:19:07 EET" finished-at="2022-03-22T11:19:08 EET">
          <params>
            <param index="0">
              <value>
                <![CDATA[public void com.ERA.testcases.InvalidPickUPLocationTest.ClickNewRequest()]]>
              </value>
            </param>
            <param index="1">
              <value>
                <![CDATA[[TestResult name=ClickNewRequest status=SUCCESS method=InvalidPickUPLocationTest.ClickNewRequest()[pri:17, instance:com.ERA.testcases.InvalidPickUPLocationTest@429bd883] output={null}]]]>
              </value>
            </param>
          </params>
          <reporter-output>
          </reporter-output>
        </test-method> <!-- afterMethod -->
      </class> <!-- com.ERA.testcases.InvalidPickUPLocationTest -->
      <class name="com.ERA.testcases.LoginWithInvalidMobileNumberTest">
        <test-method status="PASS" signature="beforeMethod(java.lang.reflect.Method)[pri:0, instance:com.ERA.testcases.LoginWithInvalidMobileNumberTest@4d339552]" name="beforeMethod" is-config="true" duration-ms="5000" started-at="2022-03-22T11:14:47 EET" finished-at="2022-03-22T11:14:52 EET">
          <params>
            <param index="0">
              <value>
                <![CDATA[public void com.ERA.testcases.LoginWithInvalidMobileNumberTest.clcikLogin()]]>
              </value>
            </param>
          </params>
          <reporter-output>
          </reporter-output>
        </test-method> <!-- beforeMethod -->
        <test-method status="PASS" signature="clcikLogin()[pri:3, instance:com.ERA.testcases.LoginWithInvalidMobileNumberTest@4d339552]" name="clcikLogin" duration-ms="92" started-at="2022-03-22T11:14:52 EET" finished-at="2022-03-22T11:14:52 EET">
          <reporter-output>
          </reporter-output>
        </test-method> <!-- clcikLogin -->
        <test-method status="PASS" signature="afterMethod(java.lang.reflect.Method,org.testng.ITestResult)[pri:0, instance:com.ERA.testcases.LoginWithInvalidMobileNumberTest@4d339552]" name="afterMethod" is-config="true" duration-ms="329" started-at="2022-03-22T11:14:52 EET" finished-at="2022-03-22T11:14:53 EET">
          <params>
            <param index="0">
              <value>
                <![CDATA[public void com.ERA.testcases.LoginWithInvalidMobileNumberTest.clcikLogin()]]>
              </value>
            </param>
            <param index="1">
              <value>
                <![CDATA[[TestResult name=clcikLogin status=SUCCESS method=LoginWithInvalidMobileNumberTest.clcikLogin()[pri:3, instance:com.ERA.testcases.LoginWithInvalidMobileNumberTest@4d339552] output={null}]]]>
              </value>
            </param>
          </params>
          <reporter-output>
          </reporter-output>
        </test-method> <!-- afterMethod -->
        <test-method status="PASS" signature="beforeMethod(java.lang.reflect.Method)[pri:0, instance:com.ERA.testcases.LoginWithInvalidMobileNumberTest@4d339552]" name="beforeMethod" is-config="true" duration-ms="5007" started-at="2022-03-22T11:14:53 EET" finished-at="2022-03-22T11:14:58 EET">
          <params>
            <param index="0">
              <value>
                <![CDATA[public void com.ERA.testcases.LoginWithInvalidMobileNumberTest.SelectCountyCode()]]>
              </value>
            </param>
          </params>
          <reporter-output>
          </reporter-output>
        </test-method> <!-- beforeMethod -->
        <test-method status="PASS" signature="SelectCountyCode()[pri:4, instance:com.ERA.testcases.LoginWithInvalidMobileNumberTest@4d339552]" name="SelectCountyCode" duration-ms="61" started-at="2022-03-22T11:14:58 EET" finished-at="2022-03-22T11:14:58 EET">
          <reporter-output>
          </reporter-output>
        </test-method> <!-- SelectCountyCode -->
        <test-method status="PASS" signature="afterMethod(java.lang.reflect.Method,org.testng.ITestResult)[pri:0, instance:com.ERA.testcases.LoginWithInvalidMobileNumberTest@4d339552]" name="afterMethod" is-config="true" duration-ms="346" started-at="2022-03-22T11:14:58 EET" finished-at="2022-03-22T11:14:58 EET">
          <params>
            <param index="0">
              <value>
                <![CDATA[public void com.ERA.testcases.LoginWithInvalidMobileNumberTest.SelectCountyCode()]]>
              </value>
            </param>
            <param index="1">
              <value>
                <![CDATA[[TestResult name=SelectCountyCode status=SUCCESS method=LoginWithInvalidMobileNumberTest.SelectCountyCode()[pri:4, instance:com.ERA.testcases.LoginWithInvalidMobileNumberTest@4d339552] output={null}]]]>
              </value>
            </param>
          </params>
          <reporter-output>
          </reporter-output>
        </test-method> <!-- afterMethod -->
        <test-method status="PASS" signature="beforeMethod(java.lang.reflect.Method)[pri:0, instance:com.ERA.testcases.LoginWithInvalidMobileNumberTest@4d339552]" name="beforeMethod" is-config="true" duration-ms="5015" started-at="2022-03-22T11:14:58 EET" finished-at="2022-03-22T11:15:03 EET">
          <params>
            <param index="0">
              <value>
                <![CDATA[public void com.ERA.testcases.LoginWithInvalidMobileNumberTest.Searchforcounrty()]]>
              </value>
            </param>
          </params>
          <reporter-output>
          </reporter-output>
        </test-method> <!-- beforeMethod -->
        <test-method status="PASS" signature="Searchforcounrty()[pri:5, instance:com.ERA.testcases.LoginWithInvalidMobileNumberTest@4d339552]" name="Searchforcounrty" duration-ms="702" started-at="2022-03-22T11:15:03 EET" finished-at="2022-03-22T11:15:04 EET">
          <reporter-output>
          </reporter-output>
        </test-method> <!-- Searchforcounrty -->
        <test-method status="PASS" signature="afterMethod(java.lang.reflect.Method,org.testng.ITestResult)[pri:0, instance:com.ERA.testcases.LoginWithInvalidMobileNumberTest@4d339552]" name="afterMethod" is-config="true" duration-ms="240" started-at="2022-03-22T11:15:04 EET" finished-at="2022-03-22T11:15:04 EET">
          <params>
            <param index="0">
              <value>
                <![CDATA[public void com.ERA.testcases.LoginWithInvalidMobileNumberTest.Searchforcounrty()]]>
              </value>
            </param>
            <param index="1">
              <value>
                <![CDATA[[TestResult name=Searchforcounrty status=SUCCESS method=LoginWithInvalidMobileNumberTest.Searchforcounrty()[pri:5, instance:com.ERA.testcases.LoginWithInvalidMobileNumberTest@4d339552] output={null}]]]>
              </value>
            </param>
          </params>
          <reporter-output>
          </reporter-output>
        </test-method> <!-- afterMethod -->
        <test-method status="PASS" signature="beforeMethod(java.lang.reflect.Method)[pri:0, instance:com.ERA.testcases.LoginWithInvalidMobileNumberTest@4d339552]" name="beforeMethod" is-config="true" duration-ms="5004" started-at="2022-03-22T11:15:04 EET" finished-at="2022-03-22T11:15:09 EET">
          <params>
            <param index="0">
              <value>
                <![CDATA[public void com.ERA.testcases.LoginWithInvalidMobileNumberTest.SelectEgypt()]]>
              </value>
            </param>
          </params>
          <reporter-output>
          </reporter-output>
        </test-method> <!-- beforeMethod -->
        <test-method status="PASS" signature="SelectEgypt()[pri:6, instance:com.ERA.testcases.LoginWithInvalidMobileNumberTest@4d339552]" name="SelectEgypt" duration-ms="94" started-at="2022-03-22T11:15:09 EET" finished-at="2022-03-22T11:15:09 EET">
          <reporter-output>
          </reporter-output>
        </test-method> <!-- SelectEgypt -->
        <test-method status="PASS" signature="afterMethod(java.lang.reflect.Method,org.testng.ITestResult)[pri:0, instance:com.ERA.testcases.LoginWithInvalidMobileNumberTest@4d339552]" name="afterMethod" is-config="true" duration-ms="275" started-at="2022-03-22T11:15:09 EET" finished-at="2022-03-22T11:15:09 EET">
          <params>
            <param index="0">
              <value>
                <![CDATA[public void com.ERA.testcases.LoginWithInvalidMobileNumberTest.SelectEgypt()]]>
              </value>
            </param>
            <param index="1">
              <value>
                <![CDATA[[TestResult name=SelectEgypt status=SUCCESS method=LoginWithInvalidMobileNumberTest.SelectEgypt()[pri:6, instance:com.ERA.testcases.LoginWithInvalidMobileNumberTest@4d339552] output={null}]]]>
              </value>
            </param>
          </params>
          <reporter-output>
          </reporter-output>
        </test-method> <!-- afterMethod -->
        <test-method status="PASS" signature="beforeMethod(java.lang.reflect.Method)[pri:0, instance:com.ERA.testcases.LoginWithInvalidMobileNumberTest@4d339552]" name="beforeMethod" is-config="true" duration-ms="5011" started-at="2022-03-22T11:15:09 EET" finished-at="2022-03-22T11:15:15 EET">
          <params>
            <param index="0">
              <value>
                <![CDATA[public void com.ERA.testcases.LoginWithInvalidMobileNumberTest.addMobileNumber(java.lang.String,java.lang.String)]]>
              </value>
            </param>
          </params>
          <reporter-output>
          </reporter-output>
        </test-method> <!-- beforeMethod -->
        <test-method status="PASS" signature="addMobileNumber(java.lang.String,java.lang.String)[pri:7, instance:com.ERA.testcases.LoginWithInvalidMobileNumberTest@4d339552]" name="addMobileNumber" duration-ms="600" started-at="2022-03-22T11:15:15 EET" data-provider="InvalidMobileNumber" finished-at="2022-03-22T11:15:15 EET">
          <params>
            <param index="0">
              <value>
                <![CDATA[Amiraaa]]>
              </value>
            </param>
            <param index="1">
              <value>
                <![CDATA[111633332215]]>
              </value>
            </param>
          </params>
          <reporter-output>
          </reporter-output>
        </test-method> <!-- addMobileNumber -->
        <test-method status="PASS" signature="afterMethod(java.lang.reflect.Method,org.testng.ITestResult)[pri:0, instance:com.ERA.testcases.LoginWithInvalidMobileNumberTest@4d339552]" name="afterMethod" is-config="true" duration-ms="253" started-at="2022-03-22T11:15:15 EET" finished-at="2022-03-22T11:15:15 EET">
          <params>
            <param index="0">
              <value>
                <![CDATA[public void com.ERA.testcases.LoginWithInvalidMobileNumberTest.addMobileNumber(java.lang.String,java.lang.String)]]>
              </value>
            </param>
            <param index="1">
              <value>
                <![CDATA[[TestResult name=addMobileNumber status=SUCCESS method=LoginWithInvalidMobileNumberTest.addMobileNumber(java.lang.String,java.lang.String)[pri:7, instance:com.ERA.testcases.LoginWithInvalidMobileNumberTest@4d339552] output={null}]]]>
              </value>
            </param>
          </params>
          <reporter-output>
          </reporter-output>
        </test-method> <!-- afterMethod -->
        <test-method status="PASS" signature="beforeMethod(java.lang.reflect.Method)[pri:0, instance:com.ERA.testcases.LoginWithInvalidMobileNumberTest@4d339552]" name="beforeMethod" is-config="true" duration-ms="5014" started-at="2022-03-22T11:15:15 EET" finished-at="2022-03-22T11:15:20 EET">
          <params>
            <param index="0">
              <value>
                <![CDATA[public void com.ERA.testcases.LoginWithInvalidMobileNumberTest.clickContinue()]]>
              </value>
            </param>
          </params>
          <reporter-output>
          </reporter-output>
        </test-method> <!-- beforeMethod -->
        <test-method status="PASS" signature="clickContinue()[pri:8, instance:com.ERA.testcases.LoginWithInvalidMobileNumberTest@4d339552]" name="clickContinue" duration-ms="59" started-at="2022-03-22T11:15:20 EET" finished-at="2022-03-22T11:15:20 EET">
          <reporter-output>
          </reporter-output>
        </test-method> <!-- clickContinue -->
        <test-method status="PASS" signature="afterMethod(java.lang.reflect.Method,org.testng.ITestResult)[pri:0, instance:com.ERA.testcases.LoginWithInvalidMobileNumberTest@4d339552]" name="afterMethod" is-config="true" duration-ms="263" started-at="2022-03-22T11:15:20 EET" finished-at="2022-03-22T11:15:21 EET">
          <params>
            <param index="0">
              <value>
                <![CDATA[public void com.ERA.testcases.LoginWithInvalidMobileNumberTest.clickContinue()]]>
              </value>
            </param>
            <param index="1">
              <value>
                <![CDATA[[TestResult name=clickContinue status=SUCCESS method=LoginWithInvalidMobileNumberTest.clickContinue()[pri:8, instance:com.ERA.testcases.LoginWithInvalidMobileNumberTest@4d339552] output={null}]]]>
              </value>
            </param>
          </params>
          <reporter-output>
          </reporter-output>
        </test-method> <!-- afterMethod -->
        <test-method status="PASS" signature="beforeMethod(java.lang.reflect.Method)[pri:0, instance:com.ERA.testcases.LoginWithInvalidMobileNumberTest@4d339552]" name="beforeMethod" is-config="true" duration-ms="5009" started-at="2022-03-22T11:15:21 EET" finished-at="2022-03-22T11:15:26 EET">
          <params>
            <param index="0">
              <value>
                <![CDATA[public void com.ERA.testcases.LoginWithInvalidMobileNumberTest.AssertInvalidLoginMobileNumber()]]>
              </value>
            </param>
          </params>
          <reporter-output>
          </reporter-output>
        </test-method> <!-- beforeMethod -->
        <test-method status="PASS" signature="AssertInvalidLoginMobileNumber()[pri:9, instance:com.ERA.testcases.LoginWithInvalidMobileNumberTest@4d339552]" name="AssertInvalidLoginMobileNumber" duration-ms="52" started-at="2022-03-22T11:15:26 EET" finished-at="2022-03-22T11:15:26 EET">
          <reporter-output>
          </reporter-output>
        </test-method> <!-- AssertInvalidLoginMobileNumber -->
        <test-method status="PASS" signature="afterMethod(java.lang.reflect.Method,org.testng.ITestResult)[pri:0, instance:com.ERA.testcases.LoginWithInvalidMobileNumberTest@4d339552]" name="afterMethod" is-config="true" duration-ms="266" started-at="2022-03-22T11:15:26 EET" finished-at="2022-03-22T11:15:26 EET">
          <params>
            <param index="0">
              <value>
                <![CDATA[public void com.ERA.testcases.LoginWithInvalidMobileNumberTest.AssertInvalidLoginMobileNumber()]]>
              </value>
            </param>
            <param index="1">
              <value>
                <![CDATA[[TestResult name=AssertInvalidLoginMobileNumber status=SUCCESS method=LoginWithInvalidMobileNumberTest.AssertInvalidLoginMobileNumber()[pri:9, instance:com.ERA.testcases.LoginWithInvalidMobileNumberTest@4d339552] output={null}]]]>
              </value>
            </param>
          </params>
          <reporter-output>
          </reporter-output>
        </test-method> <!-- afterMethod -->
        <test-method status="PASS" signature="beforeMethod(java.lang.reflect.Method)[pri:0, instance:com.ERA.testcases.LoginWithInvalidMobileNumberTest@4d339552]" name="beforeMethod" is-config="true" duration-ms="5010" started-at="2022-03-22T11:15:26 EET" finished-at="2022-03-22T11:15:31 EET">
          <params>
            <param index="0">
              <value>
                <![CDATA[public void com.ERA.testcases.LoginWithInvalidMobileNumberTest.ClickBackTOHome()]]>
              </value>
            </param>
          </params>
          <reporter-output>
          </reporter-output>
        </test-method> <!-- beforeMethod -->
        <test-method status="PASS" signature="ClickBackTOHome()[pri:10, instance:com.ERA.testcases.LoginWithInvalidMobileNumberTest@4d339552]" name="ClickBackTOHome" duration-ms="90" started-at="2022-03-22T11:15:31 EET" finished-at="2022-03-22T11:15:31 EET">
          <reporter-output>
          </reporter-output>
        </test-method> <!-- ClickBackTOHome -->
        <test-method status="PASS" signature="afterMethod(java.lang.reflect.Method,org.testng.ITestResult)[pri:0, instance:com.ERA.testcases.LoginWithInvalidMobileNumberTest@4d339552]" name="afterMethod" is-config="true" duration-ms="341" started-at="2022-03-22T11:15:31 EET" finished-at="2022-03-22T11:15:31 EET">
          <params>
            <param index="0">
              <value>
                <![CDATA[public void com.ERA.testcases.LoginWithInvalidMobileNumberTest.ClickBackTOHome()]]>
              </value>
            </param>
            <param index="1">
              <value>
                <![CDATA[[TestResult name=ClickBackTOHome status=SUCCESS method=LoginWithInvalidMobileNumberTest.ClickBackTOHome()[pri:10, instance:com.ERA.testcases.LoginWithInvalidMobileNumberTest@4d339552] output={null}]]]>
              </value>
            </param>
          </params>
          <reporter-output>
          </reporter-output>
        </test-method> <!-- afterMethod -->
      </class> <!-- com.ERA.testcases.LoginWithInvalidMobileNumberTest -->
    </test> <!-- Test -->
  </suite> <!-- Suite -->
</testng-results>
