<?xml version="1.0" encoding="UTF-8"?>
<testng-results skipped="0" failed="0" ignored="6" total="6" passed="0">
  <reporter-output>
  </reporter-output>
  <suite name="Default suite" duration-ms="350" started-at="2022-02-22T15:42:10 EET" finished-at="2022-02-22T15:42:10 EET">
    <groups>
    </groups>
    <test name="Default test" duration-ms="350" started-at="2022-02-22T15:42:10 EET" finished-at="2022-02-22T15:42:10 EET">
      <class name="com.ERA.testcases.ClickloginbuttonfromHomescreenTest">
        <test-method status="PASS" signature="beforeSuite()[pri:0, instance:com.ERA.testcases.ClickloginbuttonfromHomescreenTest@646be2c3]" name="beforeSuite" is-config="true" duration-ms="81" started-at="2022-02-22T15:42:10 EET" finished-at="2022-02-22T15:42:10 EET">
          <reporter-output>
          </reporter-output>
        </test-method> <!-- beforeSuite -->
        <test-method status="FAIL" signature="beforeClass(java.lang.String,java.lang.String,java.lang.String,java.lang.String,boolean,boolean)[pri:0, instance:com.ERA.testcases.ClickloginbuttonfromHomescreenTest@646be2c3]" name="beforeClass" is-config="true" duration-ms="-1645537330154" started-at="2022-02-22T15:42:10 EET" finished-at="1970-01-01T02:00:00 EET">
          <exception class="org.testng.TestNGException">
            <message>
              <![CDATA[
Parameter 'deviceName' is required by BeforeTest on method beforeClass but has not been marked @Optional or defined
in C:\Users\amira\AppData\Local\Temp\testng-eclipse-1379106965\testng-customsuite.xml]]>
            </message>
            <full-stacktrace>
              <![CDATA[org.testng.TestNGException: 
Parameter 'deviceName' is required by BeforeTest on method beforeClass but has not been marked @Optional or defined
in C:\Users\amira\AppData\Local\Temp\testng-eclipse-1379106965\testng-customsuite.xml
at org.testng.internal.Parameters.createParams(Parameters.java:270)
at org.testng.internal.Parameters.createParametersForMethod(Parameters.java:358)
at org.testng.internal.Parameters.createParameters(Parameters.java:700)
at org.testng.internal.Parameters.createConfigurationParameters(Parameters.java:168)
at org.testng.internal.ConfigInvoker.invokeConfigurations(ConfigInvoker.java:302)
at org.testng.TestRunner.invokeTestConfigurations(TestRunner.java:637)
at org.testng.TestRunner.beforeRun(TestRunner.java:627)
at org.testng.TestRunner.run(TestRunner.java:589)
at org.testng.SuiteRunner.runTest(SuiteRunner.java:377)
at org.testng.SuiteRunner.runSequentially(SuiteRunner.java:371)
at org.testng.SuiteRunner.privateRun(SuiteRunner.java:332)
at org.testng.SuiteRunner.run(SuiteRunner.java:276)
at org.testng.SuiteRunnerWorker.runSuite(SuiteRunnerWorker.java:53)
at org.testng.SuiteRunnerWorker.run(SuiteRunnerWorker.java:96)
at org.testng.TestNG.runSuitesSequentially(TestNG.java:1212)
at org.testng.TestNG.runSuitesLocally(TestNG.java:1134)
at org.testng.TestNG.runSuites(TestNG.java:1063)
at org.testng.TestNG.run(TestNG.java:1031)
at org.testng.remote.AbstractRemoteTestNG.run(AbstractRemoteTestNG.java:115)
at org.testng.remote.RemoteTestNG.initAndRun(RemoteTestNG.java:251)
at org.testng.remote.RemoteTestNG.main(RemoteTestNG.java:77)
]]>
            </full-stacktrace>
          </exception> <!-- org.testng.TestNGException -->
          <reporter-output>
          </reporter-output>
        </test-method> <!-- beforeClass -->
        <test-method status="SKIP" signature="afterClass()[pri:0, instance:com.ERA.testcases.ClickloginbuttonfromHomescreenTest@646be2c3]" name="afterClass" is-config="true" duration-ms="-1645537330521" started-at="2022-02-22T15:42:10 EET" finished-at="1970-01-01T02:00:00 EET">
          <reporter-output>
          </reporter-output>
        </test-method> <!-- afterClass -->
        <test-method status="SKIP" signature="afterSuite()[pri:0, instance:com.ERA.testcases.ClickloginbuttonfromHomescreenTest@646be2c3]" name="afterSuite" is-config="true" duration-ms="-1645537330521" started-at="2022-02-22T15:42:10 EET" finished-at="1970-01-01T02:00:00 EET">
          <reporter-output>
          </reporter-output>
        </test-method> <!-- afterSuite -->
      </class> <!-- com.ERA.testcases.ClickloginbuttonfromHomescreenTest -->
    </test> <!-- Default test -->
  </suite> <!-- Default suite -->
</testng-results>
