<?xml version="1.0" encoding="UTF-8"?>
<testng-results skipped="0" failed="0" ignored="12" total="32" passed="20">
  <reporter-output>
  </reporter-output>
  <suite name="Suite" duration-ms="56089" started-at="2022-03-13T13:48:48 EET" finished-at="2022-03-13T13:49:44 EET">
    <groups>
    </groups>
    <test name="Test" duration-ms="56089" started-at="2022-03-13T13:48:48 EET" finished-at="2022-03-13T13:49:44 EET">
      <class name="com.ERA.testcases.addNormalTowingRequestTest">
        <test-method status="PASS" signature="selectTowingService()[pri:10, instance:com.ERA.testcases.addNormalTowingRequestTest@7ff2a664]" name="selectTowingService" duration-ms="3254" started-at="2022-03-13T13:49:21 EET" finished-at="2022-03-13T13:49:24 EET">
          <reporter-output>
          </reporter-output>
        </test-method> <!-- selectTowingService -->
        <test-method status="PASS" signature="beforeMethod(java.lang.reflect.Method)[pri:0, instance:com.ERA.testcases.addNormalTowingRequestTest@7ff2a664]" name="beforeMethod" is-config="true" duration-ms="0" started-at="2022-03-13T13:49:21 EET" finished-at="2022-03-13T13:49:21 EET">
          <params>
            <param index="0">
              <value>
                <![CDATA[public void com.ERA.testcases.addNormalTowingRequestTest.selectTowingService()]]>
              </value>
            </param>
          </params>
          <reporter-output>
          </reporter-output>
        </test-method> <!-- beforeMethod -->
        <test-method status="PASS" signature="afterMethod(java.lang.reflect.Method,org.testng.ITestResult)[pri:0, instance:com.ERA.testcases.addNormalTowingRequestTest@7ff2a664]" name="afterMethod" is-config="true" duration-ms="288" started-at="2022-03-13T13:49:24 EET" finished-at="2022-03-13T13:49:24 EET">
          <params>
            <param index="0">
              <value>
                <![CDATA[public void com.ERA.testcases.addNormalTowingRequestTest.selectTowingService()]]>
              </value>
            </param>
            <param index="1">
              <value>
                <![CDATA[[TestResult name=selectTowingService status=SUCCESS method=addNormalTowingRequestTest.selectTowingService()[pri:10, instance:com.ERA.testcases.addNormalTowingRequestTest@7ff2a664] output={null}]]]>
              </value>
            </param>
          </params>
          <reporter-output>
          </reporter-output>
        </test-method> <!-- afterMethod -->
        <test-method status="PASS" signature="selectNormalTowing()[pri:11, instance:com.ERA.testcases.addNormalTowingRequestTest@7ff2a664]" name="selectNormalTowing" duration-ms="1752" started-at="2022-03-13T13:49:24 EET" finished-at="2022-03-13T13:49:26 EET">
          <reporter-output>
          </reporter-output>
        </test-method> <!-- selectNormalTowing -->
        <test-method status="PASS" signature="beforeMethod(java.lang.reflect.Method)[pri:0, instance:com.ERA.testcases.addNormalTowingRequestTest@7ff2a664]" name="beforeMethod" is-config="true" duration-ms="0" started-at="2022-03-13T13:49:24 EET" finished-at="2022-03-13T13:49:24 EET">
          <params>
            <param index="0">
              <value>
                <![CDATA[public void com.ERA.testcases.addNormalTowingRequestTest.selectNormalTowing()]]>
              </value>
            </param>
          </params>
          <reporter-output>
          </reporter-output>
        </test-method> <!-- beforeMethod -->
        <test-method status="PASS" signature="afterMethod(java.lang.reflect.Method,org.testng.ITestResult)[pri:0, instance:com.ERA.testcases.addNormalTowingRequestTest@7ff2a664]" name="afterMethod" is-config="true" duration-ms="290" started-at="2022-03-13T13:49:26 EET" finished-at="2022-03-13T13:49:26 EET">
          <params>
            <param index="0">
              <value>
                <![CDATA[public void com.ERA.testcases.addNormalTowingRequestTest.selectNormalTowing()]]>
              </value>
            </param>
            <param index="1">
              <value>
                <![CDATA[[TestResult name=selectNormalTowing status=SUCCESS method=addNormalTowingRequestTest.selectNormalTowing()[pri:11, instance:com.ERA.testcases.addNormalTowingRequestTest@7ff2a664] output={null}]]]>
              </value>
            </param>
          </params>
          <reporter-output>
          </reporter-output>
        </test-method> <!-- afterMethod -->
        <test-method status="PASS" signature="beforeMethod(java.lang.reflect.Method)[pri:0, instance:com.ERA.testcases.addNormalTowingRequestTest@7ff2a664]" name="beforeMethod" is-config="true" duration-ms="0" started-at="2022-03-13T13:49:26 EET" finished-at="2022-03-13T13:49:26 EET">
          <params>
            <param index="0">
              <value>
                <![CDATA[public void com.ERA.testcases.addNormalTowingRequestTest.AddingDestination()]]>
              </value>
            </param>
          </params>
          <reporter-output>
          </reporter-output>
        </test-method> <!-- beforeMethod -->
        <test-method status="PASS" signature="AddingDestination()[pri:12, instance:com.ERA.testcases.addNormalTowingRequestTest@7ff2a664]" name="AddingDestination" duration-ms="793" started-at="2022-03-13T13:49:26 EET" finished-at="2022-03-13T13:49:27 EET">
          <reporter-output>
          </reporter-output>
        </test-method> <!-- AddingDestination -->
        <test-method status="PASS" signature="afterMethod(java.lang.reflect.Method,org.testng.ITestResult)[pri:0, instance:com.ERA.testcases.addNormalTowingRequestTest@7ff2a664]" name="afterMethod" is-config="true" duration-ms="270" started-at="2022-03-13T13:49:27 EET" finished-at="2022-03-13T13:49:27 EET">
          <params>
            <param index="0">
              <value>
                <![CDATA[public void com.ERA.testcases.addNormalTowingRequestTest.AddingDestination()]]>
              </value>
            </param>
            <param index="1">
              <value>
                <![CDATA[[TestResult name=AddingDestination status=SUCCESS method=addNormalTowingRequestTest.AddingDestination()[pri:12, instance:com.ERA.testcases.addNormalTowingRequestTest@7ff2a664] output={null}]]]>
              </value>
            </param>
          </params>
          <reporter-output>
          </reporter-output>
        </test-method> <!-- afterMethod -->
        <test-method status="PASS" signature="ClickSearchDest()[pri:13, instance:com.ERA.testcases.addNormalTowingRequestTest@7ff2a664]" name="ClickSearchDest" duration-ms="918" started-at="2022-03-13T13:49:27 EET" finished-at="2022-03-13T13:49:28 EET">
          <reporter-output>
          </reporter-output>
        </test-method> <!-- ClickSearchDest -->
        <test-method status="PASS" signature="beforeMethod(java.lang.reflect.Method)[pri:0, instance:com.ERA.testcases.addNormalTowingRequestTest@7ff2a664]" name="beforeMethod" is-config="true" duration-ms="0" started-at="2022-03-13T13:49:27 EET" finished-at="2022-03-13T13:49:27 EET">
          <params>
            <param index="0">
              <value>
                <![CDATA[public void com.ERA.testcases.addNormalTowingRequestTest.ClickSearchDest()]]>
              </value>
            </param>
          </params>
          <reporter-output>
          </reporter-output>
        </test-method> <!-- beforeMethod -->
        <test-method status="PASS" signature="afterMethod(java.lang.reflect.Method,org.testng.ITestResult)[pri:0, instance:com.ERA.testcases.addNormalTowingRequestTest@7ff2a664]" name="afterMethod" is-config="true" duration-ms="345" started-at="2022-03-13T13:49:28 EET" finished-at="2022-03-13T13:49:28 EET">
          <params>
            <param index="0">
              <value>
                <![CDATA[public void com.ERA.testcases.addNormalTowingRequestTest.ClickSearchDest()]]>
              </value>
            </param>
            <param index="1">
              <value>
                <![CDATA[[TestResult name=ClickSearchDest status=SUCCESS method=addNormalTowingRequestTest.ClickSearchDest()[pri:13, instance:com.ERA.testcases.addNormalTowingRequestTest@7ff2a664] output={null}]]]>
              </value>
            </param>
          </params>
          <reporter-output>
          </reporter-output>
        </test-method> <!-- afterMethod -->
        <test-method status="PASS" signature="SendDestLocation()[pri:14, instance:com.ERA.testcases.addNormalTowingRequestTest@7ff2a664]" name="SendDestLocation" duration-ms="1698" started-at="2022-03-13T13:49:28 EET" finished-at="2022-03-13T13:49:30 EET">
          <reporter-output>
          </reporter-output>
        </test-method> <!-- SendDestLocation -->
        <test-method status="PASS" signature="beforeMethod(java.lang.reflect.Method)[pri:0, instance:com.ERA.testcases.addNormalTowingRequestTest@7ff2a664]" name="beforeMethod" is-config="true" duration-ms="0" started-at="2022-03-13T13:49:28 EET" finished-at="2022-03-13T13:49:28 EET">
          <params>
            <param index="0">
              <value>
                <![CDATA[public void com.ERA.testcases.addNormalTowingRequestTest.SendDestLocation()]]>
              </value>
            </param>
          </params>
          <reporter-output>
          </reporter-output>
        </test-method> <!-- beforeMethod -->
        <test-method status="PASS" signature="afterMethod(java.lang.reflect.Method,org.testng.ITestResult)[pri:0, instance:com.ERA.testcases.addNormalTowingRequestTest@7ff2a664]" name="afterMethod" is-config="true" duration-ms="305" started-at="2022-03-13T13:49:30 EET" finished-at="2022-03-13T13:49:30 EET">
          <params>
            <param index="0">
              <value>
                <![CDATA[public void com.ERA.testcases.addNormalTowingRequestTest.SendDestLocation()]]>
              </value>
            </param>
            <param index="1">
              <value>
                <![CDATA[[TestResult name=SendDestLocation status=SUCCESS method=addNormalTowingRequestTest.SendDestLocation()[pri:14, instance:com.ERA.testcases.addNormalTowingRequestTest@7ff2a664] output={null}]]]>
              </value>
            </param>
          </params>
          <reporter-output>
          </reporter-output>
        </test-method> <!-- afterMethod -->
        <test-method status="PASS" signature="ClickSearchItem()[pri:15, instance:com.ERA.testcases.addNormalTowingRequestTest@7ff2a664]" name="ClickSearchItem" duration-ms="902" started-at="2022-03-13T13:49:30 EET" finished-at="2022-03-13T13:49:31 EET">
          <reporter-output>
          </reporter-output>
        </test-method> <!-- ClickSearchItem -->
        <test-method status="PASS" signature="beforeMethod(java.lang.reflect.Method)[pri:0, instance:com.ERA.testcases.addNormalTowingRequestTest@7ff2a664]" name="beforeMethod" is-config="true" duration-ms="0" started-at="2022-03-13T13:49:30 EET" finished-at="2022-03-13T13:49:30 EET">
          <params>
            <param index="0">
              <value>
                <![CDATA[public void com.ERA.testcases.addNormalTowingRequestTest.ClickSearchItem()]]>
              </value>
            </param>
          </params>
          <reporter-output>
          </reporter-output>
        </test-method> <!-- beforeMethod -->
        <test-method status="PASS" signature="afterMethod(java.lang.reflect.Method,org.testng.ITestResult)[pri:0, instance:com.ERA.testcases.addNormalTowingRequestTest@7ff2a664]" name="afterMethod" is-config="true" duration-ms="216" started-at="2022-03-13T13:49:31 EET" finished-at="2022-03-13T13:49:32 EET">
          <params>
            <param index="0">
              <value>
                <![CDATA[public void com.ERA.testcases.addNormalTowingRequestTest.ClickSearchItem()]]>
              </value>
            </param>
            <param index="1">
              <value>
                <![CDATA[[TestResult name=ClickSearchItem status=SUCCESS method=addNormalTowingRequestTest.ClickSearchItem()[pri:15, instance:com.ERA.testcases.addNormalTowingRequestTest@7ff2a664] output={null}]]]>
              </value>
            </param>
          </params>
          <reporter-output>
          </reporter-output>
        </test-method> <!-- afterMethod -->
        <test-method status="PASS" signature="beforeMethod(java.lang.reflect.Method)[pri:0, instance:com.ERA.testcases.addNormalTowingRequestTest@7ff2a664]" name="beforeMethod" is-config="true" duration-ms="1" started-at="2022-03-13T13:49:32 EET" finished-at="2022-03-13T13:49:32 EET">
          <params>
            <param index="0">
              <value>
                <![CDATA[public void com.ERA.testcases.addNormalTowingRequestTest.ConfirmDestination()]]>
              </value>
            </param>
          </params>
          <reporter-output>
          </reporter-output>
        </test-method> <!-- beforeMethod -->
        <test-method status="PASS" signature="ConfirmDestination()[pri:16, instance:com.ERA.testcases.addNormalTowingRequestTest@7ff2a664]" name="ConfirmDestination" duration-ms="1472" started-at="2022-03-13T13:49:32 EET" finished-at="2022-03-13T13:49:33 EET">
          <reporter-output>
          </reporter-output>
        </test-method> <!-- ConfirmDestination -->
        <test-method status="PASS" signature="afterMethod(java.lang.reflect.Method,org.testng.ITestResult)[pri:0, instance:com.ERA.testcases.addNormalTowingRequestTest@7ff2a664]" name="afterMethod" is-config="true" duration-ms="377" started-at="2022-03-13T13:49:33 EET" finished-at="2022-03-13T13:49:33 EET">
          <params>
            <param index="0">
              <value>
                <![CDATA[public void com.ERA.testcases.addNormalTowingRequestTest.ConfirmDestination()]]>
              </value>
            </param>
            <param index="1">
              <value>
                <![CDATA[[TestResult name=ConfirmDestination status=SUCCESS method=addNormalTowingRequestTest.ConfirmDestination()[pri:16, instance:com.ERA.testcases.addNormalTowingRequestTest@7ff2a664] output={null}]]]>
              </value>
            </param>
          </params>
          <reporter-output>
          </reporter-output>
        </test-method> <!-- afterMethod -->
        <test-method status="PASS" signature="ConfirmTowingRequest()[pri:17, instance:com.ERA.testcases.addNormalTowingRequestTest@7ff2a664]" name="ConfirmTowingRequest" duration-ms="2397" started-at="2022-03-13T13:49:33 EET" finished-at="2022-03-13T13:49:36 EET">
          <reporter-output>
          </reporter-output>
        </test-method> <!-- ConfirmTowingRequest -->
        <test-method status="PASS" signature="beforeMethod(java.lang.reflect.Method)[pri:0, instance:com.ERA.testcases.addNormalTowingRequestTest@7ff2a664]" name="beforeMethod" is-config="true" duration-ms="0" started-at="2022-03-13T13:49:33 EET" finished-at="2022-03-13T13:49:33 EET">
          <params>
            <param index="0">
              <value>
                <![CDATA[public void com.ERA.testcases.addNormalTowingRequestTest.ConfirmTowingRequest()]]>
              </value>
            </param>
          </params>
          <reporter-output>
          </reporter-output>
        </test-method> <!-- beforeMethod -->
        <test-method status="PASS" signature="afterMethod(java.lang.reflect.Method,org.testng.ITestResult)[pri:0, instance:com.ERA.testcases.addNormalTowingRequestTest@7ff2a664]" name="afterMethod" is-config="true" duration-ms="359" started-at="2022-03-13T13:49:36 EET" finished-at="2022-03-13T13:49:36 EET">
          <params>
            <param index="0">
              <value>
                <![CDATA[public void com.ERA.testcases.addNormalTowingRequestTest.ConfirmTowingRequest()]]>
              </value>
            </param>
            <param index="1">
              <value>
                <![CDATA[[TestResult name=ConfirmTowingRequest status=SUCCESS method=addNormalTowingRequestTest.ConfirmTowingRequest()[pri:17, instance:com.ERA.testcases.addNormalTowingRequestTest@7ff2a664] output={null}]]]>
              </value>
            </param>
          </params>
          <reporter-output>
          </reporter-output>
        </test-method> <!-- afterMethod -->
        <test-method status="PASS" signature="beforeMethod(java.lang.reflect.Method)[pri:0, instance:com.ERA.testcases.addNormalTowingRequestTest@7ff2a664]" name="beforeMethod" is-config="true" duration-ms="1" started-at="2022-03-13T13:49:36 EET" finished-at="2022-03-13T13:49:36 EET">
          <params>
            <param index="0">
              <value>
                <![CDATA[public void com.ERA.testcases.addNormalTowingRequestTest.ConfirmPaymentTowingRequest()]]>
              </value>
            </param>
          </params>
          <reporter-output>
          </reporter-output>
        </test-method> <!-- beforeMethod -->
        <test-method status="PASS" signature="ConfirmPaymentTowingRequest()[pri:18, instance:com.ERA.testcases.addNormalTowingRequestTest@7ff2a664]" name="ConfirmPaymentTowingRequest" duration-ms="700" started-at="2022-03-13T13:49:36 EET" finished-at="2022-03-13T13:49:37 EET">
          <reporter-output>
          </reporter-output>
        </test-method> <!-- ConfirmPaymentTowingRequest -->
        <test-method status="PASS" signature="afterMethod(java.lang.reflect.Method,org.testng.ITestResult)[pri:0, instance:com.ERA.testcases.addNormalTowingRequestTest@7ff2a664]" name="afterMethod" is-config="true" duration-ms="408" started-at="2022-03-13T13:49:37 EET" finished-at="2022-03-13T13:49:37 EET">
          <params>
            <param index="0">
              <value>
                <![CDATA[public void com.ERA.testcases.addNormalTowingRequestTest.ConfirmPaymentTowingRequest()]]>
              </value>
            </param>
            <param index="1">
              <value>
                <![CDATA[[TestResult name=ConfirmPaymentTowingRequest status=SUCCESS method=addNormalTowingRequestTest.ConfirmPaymentTowingRequest()[pri:18, instance:com.ERA.testcases.addNormalTowingRequestTest@7ff2a664] output={null}]]]>
              </value>
            </param>
          </params>
          <reporter-output>
          </reporter-output>
        </test-method> <!-- afterMethod -->
        <test-method status="PASS" signature="beforeMethod(java.lang.reflect.Method)[pri:0, instance:com.ERA.testcases.addNormalTowingRequestTest@7ff2a664]" name="beforeMethod" is-config="true" duration-ms="1" started-at="2022-03-13T13:49:37 EET" finished-at="2022-03-13T13:49:37 EET">
          <params>
            <param index="0">
              <value>
                <![CDATA[public void com.ERA.testcases.addNormalTowingRequestTest.CancelTowingRequest()]]>
              </value>
            </param>
          </params>
          <reporter-output>
          </reporter-output>
        </test-method> <!-- beforeMethod -->
        <test-method status="PASS" signature="CancelTowingRequest()[pri:19, instance:com.ERA.testcases.addNormalTowingRequestTest@7ff2a664]" name="CancelTowingRequest" duration-ms="5624" started-at="2022-03-13T13:49:37 EET" finished-at="2022-03-13T13:49:43 EET">
          <reporter-output>
          </reporter-output>
        </test-method> <!-- CancelTowingRequest -->
        <test-method status="PASS" signature="afterMethod(java.lang.reflect.Method,org.testng.ITestResult)[pri:0, instance:com.ERA.testcases.addNormalTowingRequestTest@7ff2a664]" name="afterMethod" is-config="true" duration-ms="382" started-at="2022-03-13T13:49:43 EET" finished-at="2022-03-13T13:49:43 EET">
          <params>
            <param index="0">
              <value>
                <![CDATA[public void com.ERA.testcases.addNormalTowingRequestTest.CancelTowingRequest()]]>
              </value>
            </param>
            <param index="1">
              <value>
                <![CDATA[[TestResult name=CancelTowingRequest status=SUCCESS method=addNormalTowingRequestTest.CancelTowingRequest()[pri:19, instance:com.ERA.testcases.addNormalTowingRequestTest@7ff2a664] output={null}]]]>
              </value>
            </param>
          </params>
          <reporter-output>
          </reporter-output>
        </test-method> <!-- afterMethod -->
        <test-method status="PASS" signature="ClickCancelTowingRequest()[pri:20, instance:com.ERA.testcases.addNormalTowingRequestTest@7ff2a664]" name="ClickCancelTowingRequest" duration-ms="708" started-at="2022-03-13T13:49:43 EET" finished-at="2022-03-13T13:49:44 EET">
          <reporter-output>
          </reporter-output>
        </test-method> <!-- ClickCancelTowingRequest -->
        <test-method status="PASS" signature="beforeMethod(java.lang.reflect.Method)[pri:0, instance:com.ERA.testcases.addNormalTowingRequestTest@7ff2a664]" name="beforeMethod" is-config="true" duration-ms="0" started-at="2022-03-13T13:49:43 EET" finished-at="2022-03-13T13:49:43 EET">
          <params>
            <param index="0">
              <value>
                <![CDATA[public void com.ERA.testcases.addNormalTowingRequestTest.ClickCancelTowingRequest()]]>
              </value>
            </param>
          </params>
          <reporter-output>
          </reporter-output>
        </test-method> <!-- beforeMethod -->
        <test-method status="PASS" signature="afterMethod(java.lang.reflect.Method,org.testng.ITestResult)[pri:0, instance:com.ERA.testcases.addNormalTowingRequestTest@7ff2a664]" name="afterMethod" is-config="true" duration-ms="245" started-at="2022-03-13T13:49:44 EET" finished-at="2022-03-13T13:49:44 EET">
          <params>
            <param index="0">
              <value>
                <![CDATA[public void com.ERA.testcases.addNormalTowingRequestTest.ClickCancelTowingRequest()]]>
              </value>
            </param>
            <param index="1">
              <value>
                <![CDATA[[TestResult name=ClickCancelTowingRequest status=SUCCESS method=addNormalTowingRequestTest.ClickCancelTowingRequest()[pri:20, instance:com.ERA.testcases.addNormalTowingRequestTest@7ff2a664] output={null}]]]>
              </value>
            </param>
          </params>
          <reporter-output>
          </reporter-output>
        </test-method> <!-- afterMethod -->
      </class> <!-- com.ERA.testcases.addNormalTowingRequestTest -->
      <class name="com.ERA.testcases.ClickloginbuttonfromHomescreenTest">
        <test-method status="PASS" signature="beforeMethod(java.lang.reflect.Method)[pri:0, instance:com.ERA.testcases.ClickloginbuttonfromHomescreenTest@6a472554]" name="beforeMethod" is-config="true" duration-ms="0" started-at="2022-03-13T13:49:05 EET" finished-at="2022-03-13T13:49:05 EET">
          <params>
            <param index="0">
              <value>
                <![CDATA[public void com.ERA.testcases.ClickloginbuttonfromHomescreenTest.clcikLogin()]]>
              </value>
            </param>
          </params>
          <reporter-output>
          </reporter-output>
        </test-method> <!-- beforeMethod -->
        <test-method status="PASS" signature="clcikLogin()[pri:3, instance:com.ERA.testcases.ClickloginbuttonfromHomescreenTest@6a472554]" name="clcikLogin" duration-ms="2240" started-at="2022-03-13T13:49:05 EET" finished-at="2022-03-13T13:49:07 EET">
          <reporter-output>
          </reporter-output>
        </test-method> <!-- clcikLogin -->
        <test-method status="PASS" signature="afterMethod(java.lang.reflect.Method,org.testng.ITestResult)[pri:0, instance:com.ERA.testcases.ClickloginbuttonfromHomescreenTest@6a472554]" name="afterMethod" is-config="true" duration-ms="306" started-at="2022-03-13T13:49:07 EET" finished-at="2022-03-13T13:49:07 EET">
          <params>
            <param index="0">
              <value>
                <![CDATA[public void com.ERA.testcases.ClickloginbuttonfromHomescreenTest.clcikLogin()]]>
              </value>
            </param>
            <param index="1">
              <value>
                <![CDATA[[TestResult name=clcikLogin status=SUCCESS method=ClickloginbuttonfromHomescreenTest.clcikLogin()[pri:3, instance:com.ERA.testcases.ClickloginbuttonfromHomescreenTest@6a472554] output={null}]]]>
              </value>
            </param>
          </params>
          <reporter-output>
          </reporter-output>
        </test-method> <!-- afterMethod -->
        <test-method status="PASS" signature="SelectCountyCode()[pri:4, instance:com.ERA.testcases.ClickloginbuttonfromHomescreenTest@6a472554]" name="SelectCountyCode" duration-ms="771" started-at="2022-03-13T13:49:07 EET" finished-at="2022-03-13T13:49:08 EET">
          <reporter-output>
          </reporter-output>
        </test-method> <!-- SelectCountyCode -->
        <test-method status="PASS" signature="beforeMethod(java.lang.reflect.Method)[pri:0, instance:com.ERA.testcases.ClickloginbuttonfromHomescreenTest@6a472554]" name="beforeMethod" is-config="true" duration-ms="0" started-at="2022-03-13T13:49:07 EET" finished-at="2022-03-13T13:49:07 EET">
          <params>
            <param index="0">
              <value>
                <![CDATA[public void com.ERA.testcases.ClickloginbuttonfromHomescreenTest.SelectCountyCode()]]>
              </value>
            </param>
          </params>
          <reporter-output>
          </reporter-output>
        </test-method> <!-- beforeMethod -->
        <test-method status="PASS" signature="afterMethod(java.lang.reflect.Method,org.testng.ITestResult)[pri:0, instance:com.ERA.testcases.ClickloginbuttonfromHomescreenTest@6a472554]" name="afterMethod" is-config="true" duration-ms="278" started-at="2022-03-13T13:49:08 EET" finished-at="2022-03-13T13:49:08 EET">
          <params>
            <param index="0">
              <value>
                <![CDATA[public void com.ERA.testcases.ClickloginbuttonfromHomescreenTest.SelectCountyCode()]]>
              </value>
            </param>
            <param index="1">
              <value>
                <![CDATA[[TestResult name=SelectCountyCode status=SUCCESS method=ClickloginbuttonfromHomescreenTest.SelectCountyCode()[pri:4, instance:com.ERA.testcases.ClickloginbuttonfromHomescreenTest@6a472554] output={null}]]]>
              </value>
            </param>
          </params>
          <reporter-output>
          </reporter-output>
        </test-method> <!-- afterMethod -->
        <test-method status="PASS" signature="beforeMethod(java.lang.reflect.Method)[pri:0, instance:com.ERA.testcases.ClickloginbuttonfromHomescreenTest@6a472554]" name="beforeMethod" is-config="true" duration-ms="1" started-at="2022-03-13T13:49:08 EET" finished-at="2022-03-13T13:49:08 EET">
          <params>
            <param index="0">
              <value>
                <![CDATA[public void com.ERA.testcases.ClickloginbuttonfromHomescreenTest.Searchforcounrty()]]>
              </value>
            </param>
          </params>
          <reporter-output>
          </reporter-output>
        </test-method> <!-- beforeMethod -->
        <test-method status="PASS" signature="Searchforcounrty()[pri:5, instance:com.ERA.testcases.ClickloginbuttonfromHomescreenTest@6a472554]" name="Searchforcounrty" duration-ms="1172" started-at="2022-03-13T13:49:08 EET" finished-at="2022-03-13T13:49:10 EET">
          <reporter-output>
          </reporter-output>
        </test-method> <!-- Searchforcounrty -->
        <test-method status="PASS" signature="afterMethod(java.lang.reflect.Method,org.testng.ITestResult)[pri:0, instance:com.ERA.testcases.ClickloginbuttonfromHomescreenTest@6a472554]" name="afterMethod" is-config="true" duration-ms="238" started-at="2022-03-13T13:49:10 EET" finished-at="2022-03-13T13:49:10 EET">
          <params>
            <param index="0">
              <value>
                <![CDATA[public void com.ERA.testcases.ClickloginbuttonfromHomescreenTest.Searchforcounrty()]]>
              </value>
            </param>
            <param index="1">
              <value>
                <![CDATA[[TestResult name=Searchforcounrty status=SUCCESS method=ClickloginbuttonfromHomescreenTest.Searchforcounrty()[pri:5, instance:com.ERA.testcases.ClickloginbuttonfromHomescreenTest@6a472554] output={null}]]]>
              </value>
            </param>
          </params>
          <reporter-output>
          </reporter-output>
        </test-method> <!-- afterMethod -->
        <test-method status="PASS" signature="beforeMethod(java.lang.reflect.Method)[pri:0, instance:com.ERA.testcases.ClickloginbuttonfromHomescreenTest@6a472554]" name="beforeMethod" is-config="true" duration-ms="1" started-at="2022-03-13T13:49:10 EET" finished-at="2022-03-13T13:49:10 EET">
          <params>
            <param index="0">
              <value>
                <![CDATA[public void com.ERA.testcases.ClickloginbuttonfromHomescreenTest.SelectEgypt()]]>
              </value>
            </param>
          </params>
          <reporter-output>
          </reporter-output>
        </test-method> <!-- beforeMethod -->
        <test-method status="PASS" signature="SelectEgypt()[pri:6, instance:com.ERA.testcases.ClickloginbuttonfromHomescreenTest@6a472554]" name="SelectEgypt" duration-ms="458" started-at="2022-03-13T13:49:10 EET" finished-at="2022-03-13T13:49:10 EET">
          <reporter-output>
          </reporter-output>
        </test-method> <!-- SelectEgypt -->
        <test-method status="PASS" signature="afterMethod(java.lang.reflect.Method,org.testng.ITestResult)[pri:0, instance:com.ERA.testcases.ClickloginbuttonfromHomescreenTest@6a472554]" name="afterMethod" is-config="true" duration-ms="265" started-at="2022-03-13T13:49:10 EET" finished-at="2022-03-13T13:49:11 EET">
          <params>
            <param index="0">
              <value>
                <![CDATA[public void com.ERA.testcases.ClickloginbuttonfromHomescreenTest.SelectEgypt()]]>
              </value>
            </param>
            <param index="1">
              <value>
                <![CDATA[[TestResult name=SelectEgypt status=SUCCESS method=ClickloginbuttonfromHomescreenTest.SelectEgypt()[pri:6, instance:com.ERA.testcases.ClickloginbuttonfromHomescreenTest@6a472554] output={null}]]]>
              </value>
            </param>
          </params>
          <reporter-output>
          </reporter-output>
        </test-method> <!-- afterMethod -->
        <test-method status="PASS" signature="beforeMethod(java.lang.reflect.Method)[pri:0, instance:com.ERA.testcases.ClickloginbuttonfromHomescreenTest@6a472554]" name="beforeMethod" is-config="true" duration-ms="1" started-at="2022-03-13T13:49:11 EET" finished-at="2022-03-13T13:49:11 EET">
          <params>
            <param index="0">
              <value>
                <![CDATA[public void com.ERA.testcases.ClickloginbuttonfromHomescreenTest.addMobileNumber(java.lang.String,java.lang.String)]]>
              </value>
            </param>
          </params>
          <reporter-output>
          </reporter-output>
        </test-method> <!-- beforeMethod -->
        <test-method status="PASS" signature="addMobileNumber(java.lang.String,java.lang.String)[pri:7, instance:com.ERA.testcases.ClickloginbuttonfromHomescreenTest@6a472554]" name="addMobileNumber" duration-ms="576" started-at="2022-03-13T13:49:11 EET" data-provider="loginUsers" finished-at="2022-03-13T13:49:11 EET">
          <params>
            <param index="0">
              <value>
                <![CDATA[Amira]]>
              </value>
            </param>
            <param index="1">
              <value>
                <![CDATA[1021132355]]>
              </value>
            </param>
          </params>
          <reporter-output>
          </reporter-output>
        </test-method> <!-- addMobileNumber -->
        <test-method status="PASS" signature="afterMethod(java.lang.reflect.Method,org.testng.ITestResult)[pri:0, instance:com.ERA.testcases.ClickloginbuttonfromHomescreenTest@6a472554]" name="afterMethod" is-config="true" duration-ms="281" started-at="2022-03-13T13:49:11 EET" finished-at="2022-03-13T13:49:12 EET">
          <params>
            <param index="0">
              <value>
                <![CDATA[public void com.ERA.testcases.ClickloginbuttonfromHomescreenTest.addMobileNumber(java.lang.String,java.lang.String)]]>
              </value>
            </param>
            <param index="1">
              <value>
                <![CDATA[[TestResult name=addMobileNumber status=SUCCESS method=ClickloginbuttonfromHomescreenTest.addMobileNumber(java.lang.String,java.lang.String)[pri:7, instance:com.ERA.testcases.ClickloginbuttonfromHomescreenTest@6a472554] output={null}]]]>
              </value>
            </param>
          </params>
          <reporter-output>
          </reporter-output>
        </test-method> <!-- afterMethod -->
        <test-method status="PASS" signature="clickContinue()[pri:8, instance:com.ERA.testcases.ClickloginbuttonfromHomescreenTest@6a472554]" name="clickContinue" duration-ms="247" started-at="2022-03-13T13:49:12 EET" finished-at="2022-03-13T13:49:12 EET">
          <reporter-output>
          </reporter-output>
        </test-method> <!-- clickContinue -->
        <test-method status="PASS" signature="beforeMethod(java.lang.reflect.Method)[pri:0, instance:com.ERA.testcases.ClickloginbuttonfromHomescreenTest@6a472554]" name="beforeMethod" is-config="true" duration-ms="0" started-at="2022-03-13T13:49:12 EET" finished-at="2022-03-13T13:49:12 EET">
          <params>
            <param index="0">
              <value>
                <![CDATA[public void com.ERA.testcases.ClickloginbuttonfromHomescreenTest.clickContinue()]]>
              </value>
            </param>
          </params>
          <reporter-output>
          </reporter-output>
        </test-method> <!-- beforeMethod -->
        <test-method status="PASS" signature="afterMethod(java.lang.reflect.Method,org.testng.ITestResult)[pri:0, instance:com.ERA.testcases.ClickloginbuttonfromHomescreenTest@6a472554]" name="afterMethod" is-config="true" duration-ms="408" started-at="2022-03-13T13:49:12 EET" finished-at="2022-03-13T13:49:12 EET">
          <params>
            <param index="0">
              <value>
                <![CDATA[public void com.ERA.testcases.ClickloginbuttonfromHomescreenTest.clickContinue()]]>
              </value>
            </param>
            <param index="1">
              <value>
                <![CDATA[[TestResult name=clickContinue status=SUCCESS method=ClickloginbuttonfromHomescreenTest.clickContinue()[pri:8, instance:com.ERA.testcases.ClickloginbuttonfromHomescreenTest@6a472554] output={null}]]]>
              </value>
            </param>
          </params>
          <reporter-output>
          </reporter-output>
        </test-method> <!-- afterMethod -->
        <test-method status="PASS" signature="beforeMethod(java.lang.reflect.Method)[pri:0, instance:com.ERA.testcases.ClickloginbuttonfromHomescreenTest@6a472554]" name="beforeMethod" is-config="true" duration-ms="0" started-at="2022-03-13T13:49:12 EET" finished-at="2022-03-13T13:49:12 EET">
          <params>
            <param index="0">
              <value>
                <![CDATA[public void com.ERA.testcases.ClickloginbuttonfromHomescreenTest.getotp(java.lang.String,java.lang.String)]]>
              </value>
            </param>
          </params>
          <reporter-output>
          </reporter-output>
        </test-method> <!-- beforeMethod -->
        <test-method status="PASS" signature="getotp(java.lang.String,java.lang.String)[pri:9, instance:com.ERA.testcases.ClickloginbuttonfromHomescreenTest@6a472554]" name="getotp" duration-ms="7777" started-at="2022-03-13T13:49:12 EET" data-provider="loginUsers" finished-at="2022-03-13T13:49:20 EET">
          <params>
            <param index="0">
              <value>
                <![CDATA[Amira]]>
              </value>
            </param>
            <param index="1">
              <value>
                <![CDATA[1021132355]]>
              </value>
            </param>
          </params>
          <reporter-output>
          </reporter-output>
        </test-method> <!-- getotp -->
        <test-method status="PASS" signature="afterMethod(java.lang.reflect.Method,org.testng.ITestResult)[pri:0, instance:com.ERA.testcases.ClickloginbuttonfromHomescreenTest@6a472554]" name="afterMethod" is-config="true" duration-ms="290" started-at="2022-03-13T13:49:20 EET" finished-at="2022-03-13T13:49:21 EET">
          <params>
            <param index="0">
              <value>
                <![CDATA[public void com.ERA.testcases.ClickloginbuttonfromHomescreenTest.getotp(java.lang.String,java.lang.String)]]>
              </value>
            </param>
            <param index="1">
              <value>
                <![CDATA[[TestResult name=getotp status=SUCCESS method=ClickloginbuttonfromHomescreenTest.getotp(java.lang.String,java.lang.String)[pri:9, instance:com.ERA.testcases.ClickloginbuttonfromHomescreenTest@6a472554] output={null}]]]>
              </value>
            </param>
          </params>
          <reporter-output>
          </reporter-output>
        </test-method> <!-- afterMethod -->
      </class> <!-- com.ERA.testcases.ClickloginbuttonfromHomescreenTest -->
      <class name="com.ERA.testcases.SkipupdateTest">
        <test-method status="PASS" signature="beforeSuite()[pri:0, instance:com.ERA.testcases.SkipupdateTest@58fdd99]" name="beforeSuite" is-config="true" duration-ms="79" started-at="2022-03-13T13:48:48 EET" finished-at="2022-03-13T13:48:48 EET">
          <reporter-output>
          </reporter-output>
        </test-method> <!-- beforeSuite -->
        <test-method status="PASS" signature="beforeTest(java.lang.String,java.lang.String,java.lang.String,boolean,boolean)[pri:0, instance:com.ERA.testcases.SkipupdateTest@58fdd99]" name="beforeTest" is-config="true" duration-ms="8784" started-at="2022-03-13T13:48:48 EET" finished-at="2022-03-13T13:48:57 EET">
          <params>
            <param index="0">
              <value>
                <![CDATA[emulator-5554]]>
              </value>
            </param>
            <param index="1">
              <value>
                <![CDATA[Android]]>
              </value>
            </param>
            <param index="2">
              <value>
                <![CDATA[9]]>
              </value>
            </param>
            <param index="3">
              <value>
                <![CDATA[true]]>
              </value>
            </param>
            <param index="4">
              <value>
                <![CDATA[false]]>
              </value>
            </param>
          </params>
          <reporter-output>
          </reporter-output>
        </test-method> <!-- beforeTest -->
        <test-method status="PASS" signature="beforeMethod(java.lang.reflect.Method)[pri:0, instance:com.ERA.testcases.SkipupdateTest@58fdd99]" name="beforeMethod" is-config="true" duration-ms="2" started-at="2022-03-13T13:48:57 EET" finished-at="2022-03-13T13:48:57 EET">
          <params>
            <param index="0">
              <value>
                <![CDATA[public void com.ERA.testcases.SkipupdateTest.clickSkip()]]>
              </value>
            </param>
          </params>
          <reporter-output>
          </reporter-output>
        </test-method> <!-- beforeMethod -->
        <test-method status="PASS" signature="clickSkip()[pri:1, instance:com.ERA.testcases.SkipupdateTest@58fdd99]" name="clickSkip" duration-ms="5531" started-at="2022-03-13T13:48:57 EET" finished-at="2022-03-13T13:49:02 EET">
          <reporter-output>
          </reporter-output>
        </test-method> <!-- clickSkip -->
        <test-method status="PASS" signature="afterMethod(java.lang.reflect.Method,org.testng.ITestResult)[pri:0, instance:com.ERA.testcases.SkipupdateTest@58fdd99]" name="afterMethod" is-config="true" duration-ms="453" started-at="2022-03-13T13:49:02 EET" finished-at="2022-03-13T13:49:03 EET">
          <params>
            <param index="0">
              <value>
                <![CDATA[public void com.ERA.testcases.SkipupdateTest.clickSkip()]]>
              </value>
            </param>
            <param index="1">
              <value>
                <![CDATA[[TestResult name=clickSkip status=SUCCESS method=SkipupdateTest.clickSkip()[pri:1, instance:com.ERA.testcases.SkipupdateTest@58fdd99] output={null}]]]>
              </value>
            </param>
          </params>
          <reporter-output>
          </reporter-output>
        </test-method> <!-- afterMethod -->
        <test-method status="PASS" signature="afterClass()[pri:0, instance:com.ERA.testcases.SkipupdateTest@58fdd99]" name="afterClass" is-config="true" duration-ms="0" started-at="2022-03-13T13:49:44 EET" finished-at="2022-03-13T13:49:44 EET">
          <reporter-output>
          </reporter-output>
        </test-method> <!-- afterClass -->
        <test-method status="PASS" signature="afterSuite()[pri:0, instance:com.ERA.testcases.SkipupdateTest@58fdd99]" name="afterSuite" is-config="true" duration-ms="210" started-at="2022-03-13T13:49:44 EET" finished-at="2022-03-13T13:49:44 EET">
          <reporter-output>
          </reporter-output>
        </test-method> <!-- afterSuite -->
      </class> <!-- com.ERA.testcases.SkipupdateTest -->
      <class name="com.ERA.testcases.allowLocationPermissionTest">
        <test-method status="PASS" signature="clcallowLocationPermissionTestikLogin()[pri:2, instance:com.ERA.testcases.allowLocationPermissionTest@709ba3fb]" name="clcallowLocationPermissionTestikLogin" duration-ms="1609" started-at="2022-03-13T13:49:03 EET" finished-at="2022-03-13T13:49:05 EET">
          <reporter-output>
          </reporter-output>
        </test-method> <!-- clcallowLocationPermissionTestikLogin -->
        <test-method status="PASS" signature="beforeMethod(java.lang.reflect.Method)[pri:0, instance:com.ERA.testcases.allowLocationPermissionTest@709ba3fb]" name="beforeMethod" is-config="true" duration-ms="0" started-at="2022-03-13T13:49:03 EET" finished-at="2022-03-13T13:49:03 EET">
          <params>
            <param index="0">
              <value>
                <![CDATA[public void com.ERA.testcases.allowLocationPermissionTest.clcallowLocationPermissionTestikLogin()]]>
              </value>
            </param>
          </params>
          <reporter-output>
          </reporter-output>
        </test-method> <!-- beforeMethod -->
        <test-method status="PASS" signature="afterMethod(java.lang.reflect.Method,org.testng.ITestResult)[pri:0, instance:com.ERA.testcases.allowLocationPermissionTest@709ba3fb]" name="afterMethod" is-config="true" duration-ms="284" started-at="2022-03-13T13:49:05 EET" finished-at="2022-03-13T13:49:05 EET">
          <params>
            <param index="0">
              <value>
                <![CDATA[public void com.ERA.testcases.allowLocationPermissionTest.clcallowLocationPermissionTestikLogin()]]>
              </value>
            </param>
            <param index="1">
              <value>
                <![CDATA[[TestResult name=clcallowLocationPermissionTestikLogin status=SUCCESS method=allowLocationPermissionTest.clcallowLocationPermissionTestikLogin()[pri:2, instance:com.ERA.testcases.allowLocationPermissionTest@709ba3fb] output={null}]]]>
              </value>
            </param>
          </params>
          <reporter-output>
          </reporter-output>
        </test-method> <!-- afterMethod -->
      </class> <!-- com.ERA.testcases.allowLocationPermissionTest -->
    </test> <!-- Test -->
  </suite> <!-- Suite -->
</testng-results>
