<?xml version="1.0" encoding="UTF-8"?>
<testng-results skipped="0" failed="0" ignored="0" total="1" passed="1">
  <reporter-output>
  </reporter-output>
  <suite name="Suite" duration-ms="48544" started-at="2022-03-25T00:07:40 EET" finished-at="2022-03-25T00:08:28 EET">
    <groups>
    </groups>
    <test name="Test" duration-ms="48544" started-at="2022-03-25T00:07:40 EET" finished-at="2022-03-25T00:08:28 EET">
      <class name="com.ERA.testcases.OpenFleetAndAssignRequestTest">
        <test-method status="PASS" signature="OpenFleetURL()[pri:0, instance:com.ERA.testcases.OpenFleetAndAssignRequestTest@ed9d034]" name="OpenFleetURL" duration-ms="48519" started-at="2022-03-25T00:07:40 EET" finished-at="2022-03-25T00:08:28 EET">
          <reporter-output>
          </reporter-output>
        </test-method> <!-- OpenFleetURL -->
      </class> <!-- com.ERA.testcases.OpenFleetAndAssignRequestTest -->
    </test> <!-- Test -->
  </suite> <!-- Suite -->
</testng-results>
