<?xml version="1.0" encoding="UTF-8"?>
<!-- Generated by org.testng.reporters.JUnitReportReporter -->
<testsuite skipped="0" hostname="AS-40" name="profile.ProfileTest" tests="5" failures="0" timestamp="2022-04-02T01:41:05 EET" time="33.801" errors="0">
  <testcase name="clickprofiletabFromMenu" time="6.315" classname="profile.ProfileTest"/>
  <system-out/>
  <testcase name="EditNamewithvalidآName" time="7.539" classname="profile.ProfileTest"/>
  <system-out/>
  <testcase name="EditEmailwithvalidEmail" time="6.965" classname="profile.ProfileTest"/>
  <system-out/>
  <testcase name="scrollitems" time="6.611" classname="profile.ProfileTest"/>
  <system-out/>
  <testcase name="SaveButton" time="6.371" classname="profile.ProfileTest"/>
  <system-out/>
</testsuite> <!-- profile.ProfileTest -->
