<?xml version="1.0" encoding="UTF-8"?>
<!-- Generated by org.testng.reporters.JUnitReportReporter -->
<testsuite skipped="0" hostname="AS-40" name="profile.Profile_InvalidNameAndEmailTest" tests="10" failures="0" timestamp="2022-04-01T18:56:26 EET" time="64.222" errors="0">
  <testcase name="clickprofiletabFromMenu" time="6.348" classname="profile.Profile_InvalidNameAndEmailTest"/>
  <system-out/>
  <testcase name="EditNamewithvalidNumber" time="6.962" classname="profile.Profile_InvalidNameAndEmailTest"/>
  <system-out/>
  <testcase name="EditEmailwithvalidNumber" time="6.357" classname="profile.Profile_InvalidNameAndEmailTest"/>
  <system-out/>
  <testcase name="scrollitems" time="6.614" classname="profile.Profile_InvalidNameAndEmailTest"/>
  <system-out/>
  <testcase name="SaveButton" time="6.302" classname="profile.Profile_InvalidNameAndEmailTest"/>
  <system-out/>
  <testcase name="ValidateInvalidName" time="6.328" classname="profile.Profile_InvalidNameAndEmailTest"/>
  <system-out/>
  <testcase name="EditNamewithvalidآName" time="6.355" classname="profile.Profile_InvalidNameAndEmailTest"/>
  <system-out/>
  <testcase name="SaveButton2" time="6.325" classname="profile.Profile_InvalidNameAndEmailTest"/>
  <system-out/>
  <testcase name="ValidateInvalidEmail" time="6.306" classname="profile.Profile_InvalidNameAndEmailTest"/>
  <system-out/>
  <testcase name="ClickMenu" time="6.325" classname="profile.Profile_InvalidNameAndEmailTest"/>
  <system-out/>
</testsuite> <!-- profile.Profile_InvalidNameAndEmailTest -->
